[2.075s] Invoking command in '/home/robot134/robotws/build/basic134': PYTHONPATH=/home/robot134/robotws/build/basic134/prefix_override:/home/robot134/robotws/install/basic134/lib/python3.10/site-packages:${PYTHONPATH} /usr/bin/python3 setup.py develop --editable --build-directory /home/robot134/robotws/build/basic134/build --no-deps install_data
[2.696s] running develop
[2.696s] /usr/lib/python3/dist-packages/setuptools/command/easy_install.py:158: EasyInstallDeprecationWarning: easy_install command is deprecated. Use build and pip and other standards-based tools.
[2.696s]   warnings.warn(
[2.698s] /usr/lib/python3/dist-packages/setuptools/command/install.py:34: SetuptoolsDeprecationWarning: setup.py install is deprecated. Use build and pip and other standards-based tools.
[2.698s]   warnings.warn(
[2.848s] /usr/lib/python3/dist-packages/pkg_resources/__init__.py:116: PkgResourcesDeprecationWarning: 1.16.0-unknown is an invalid version and will not be supported in a future release
[2.848s]   warnings.warn(
[2.849s] /usr/lib/python3/dist-packages/pkg_resources/__init__.py:116: PkgResourcesDeprecationWarning: 1.1build1 is an invalid version and will not be supported in a future release
[2.849s]   warnings.warn(
[2.850s] /usr/lib/python3/dist-packages/pkg_resources/__init__.py:116: PkgResourcesDeprecationWarning: 0.1.43ubuntu1 is an invalid version and will not be supported in a future release
[2.850s]   warnings.warn(
[3.036s] running egg_info
[3.036s] writing basic134.egg-info/PKG-INFO
[3.036s] writing dependency_links to basic134.egg-info/dependency_links.txt
[3.037s] writing entry points to basic134.egg-info/entry_points.txt
[3.037s] writing requirements to basic134.egg-info/requires.txt
[3.037s] writing top-level names to basic134.egg-info/top_level.txt
[3.039s] reading manifest file 'basic134.egg-info/SOURCES.txt'
[3.041s] writing manifest file 'basic134.egg-info/SOURCES.txt'
[3.043s] running build_ext
[3.043s] Creating /home/robot134/robotws/install/basic134/lib/python3.10/site-packages/basic134.egg-link (link to .)
[3.044s] Installing demo134 script to /home/robot134/robotws/install/basic134/lib/basic134
[3.045s] 
[3.045s] Installed /home/robot134/robotws/build/basic134
[3.045s] running install_data
[3.073s] Invoked command in '/home/robot134/robotws/build/basic134' returned '0': PYTHONPATH=/home/robot134/robotws/build/basic134/prefix_override:/home/robot134/robotws/install/basic134/lib/python3.10/site-packages:${PYTHONPATH} /usr/bin/python3 setup.py develop --editable --build-directory /home/robot134/robotws/build/basic134/build --no-deps install_data
