[1.315s] Invoking command in '/home/robot134/robotws/src/build/demo134': PYTHONPATH=/home/robot134/robotws/src/build/demo134/prefix_override:/home/robot134/robotws/src/install/demo134/lib/python3.10/site-packages:${PYTHONPATH} /usr/bin/python3 setup.py develop --editable --build-directory /home/robot134/robotws/src/build/demo134/build --no-deps install_data
[1.711s] running develop
[1.712s] /usr/lib/python3/dist-packages/setuptools/command/easy_install.py:158: EasyInstallDeprecationWarning: easy_install command is deprecated. Use build and pip and other standards-based tools.
[1.714s]   warnings.warn(
[1.714s] /usr/lib/python3/dist-packages/setuptools/command/install.py:34: SetuptoolsDeprecationWarning: setup.py install is deprecated. Use build and pip and other standards-based tools.
[1.715s]   warnings.warn(
[1.809s] /usr/lib/python3/dist-packages/pkg_resources/__init__.py:116: PkgResourcesDeprecationWarning: 1.16.0-unknown is an invalid version and will not be supported in a future release
[1.809s]   warnings.warn(
[1.809s] /usr/lib/python3/dist-packages/pkg_resources/__init__.py:116: PkgResourcesDeprecationWarning: 1.1build1 is an invalid version and will not be supported in a future release
[1.810s]   warnings.warn(
[1.810s] /usr/lib/python3/dist-packages/pkg_resources/__init__.py:116: PkgResourcesDeprecationWarning: 0.1.43ubuntu1 is an invalid version and will not be supported in a future release
[1.810s]   warnings.warn(
[1.963s] running egg_info
[1.964s] writing demo134.egg-info/PKG-INFO
[1.964s] writing dependency_links to demo134.egg-info/dependency_links.txt
[1.964s] writing entry points to demo134.egg-info/entry_points.txt
[1.964s] writing requirements to demo134.egg-info/requires.txt
[1.964s] writing top-level names to demo134.egg-info/top_level.txt
[1.967s] reading manifest file 'demo134.egg-info/SOURCES.txt'
[1.982s] writing manifest file 'demo134.egg-info/SOURCES.txt'
[1.986s] running build_ext
[1.987s] Creating /home/robot134/robotws/src/install/demo134/lib/python3.10/site-packages/demo134.egg-link (link to .)
[1.990s] Installing demo134 script to /home/robot134/robotws/src/install/demo134/lib/demo134
[1.990s] 
[1.991s] Installed /home/robot134/robotws/src/build/demo134
[1.991s] running install_data
[2.048s] Invoked command in '/home/robot134/robotws/src/build/demo134' returned '0': PYTHONPATH=/home/robot134/robotws/src/build/demo134/prefix_override:/home/robot134/robotws/src/install/demo134/lib/python3.10/site-packages:${PYTHONPATH} /usr/bin/python3 setup.py develop --editable --build-directory /home/robot134/robotws/src/build/demo134/build --no-deps install_data
