[3.435s] Invoking command in '/home/robot134/robotws/src/build/operation': PYTHONPATH=/home/robot134/robotws/src/build/operation/prefix_override:/home/robot134/robotws/src/install/operation/lib/python3.10/site-packages:${PYTHONPATH} /usr/bin/python3 setup.py develop --editable --build-directory /home/robot134/robotws/src/build/operation/build --no-deps install_data
[3.856s] running develop
[3.857s] /usr/lib/python3/dist-packages/setuptools/command/easy_install.py:158: EasyInstallDeprecationWarning: easy_install command is deprecated. Use build and pip and other standards-based tools.
[3.857s]   warnings.warn(
[3.859s] /usr/lib/python3/dist-packages/setuptools/command/install.py:34: SetuptoolsDeprecationWarning: setup.py install is deprecated. Use build and pip and other standards-based tools.
[3.859s]   warnings.warn(
[3.973s] /usr/lib/python3/dist-packages/pkg_resources/__init__.py:116: PkgResourcesDeprecationWarning: 1.16.0-unknown is an invalid version and will not be supported in a future release
[3.974s]   warnings.warn(
[3.975s] /usr/lib/python3/dist-packages/pkg_resources/__init__.py:116: PkgResourcesDeprecationWarning: 1.1build1 is an invalid version and will not be supported in a future release
[3.975s]   warnings.warn(
[3.976s] /usr/lib/python3/dist-packages/pkg_resources/__init__.py:116: PkgResourcesDeprecationWarning: 0.1.43ubuntu1 is an invalid version and will not be supported in a future release
[3.976s]   warnings.warn(
[4.177s] running egg_info
[4.281s] writing operation.egg-info/PKG-INFO
[4.281s] writing dependency_links to operation.egg-info/dependency_links.txt
[4.282s] writing entry points to operation.egg-info/entry_points.txt
[4.282s] writing requirements to operation.egg-info/requires.txt
[4.282s] writing top-level names to operation.egg-info/top_level.txt
[4.285s] reading manifest file 'operation.egg-info/SOURCES.txt'
[4.287s] writing manifest file 'operation.egg-info/SOURCES.txt'
[4.289s] running build_ext
[4.289s] Creating /home/robot134/robotws/src/install/operation/lib/python3.10/site-packages/operation.egg-link (link to .)
[4.291s] Installing demo134 script to /home/robot134/robotws/src/install/operation/lib/operation
[4.291s] 
[4.292s] Installed /home/robot134/robotws/src/build/operation
[4.292s] running install_data
[4.292s] copying urdf/example.urdf -> /home/robot134/robotws/src/install/operation/share/operation/urdf
[4.387s] Invoked command in '/home/robot134/robotws/src/build/operation' returned '0': PYTHONPATH=/home/robot134/robotws/src/build/operation/prefix_override:/home/robot134/robotws/src/install/operation/lib/python3.10/site-packages:${PYTHONPATH} /usr/bin/python3 setup.py develop --editable --build-directory /home/robot134/robotws/src/build/operation/build --no-deps install_data
