[1.457s] Invoking command in '/home/robot134/robotws/src/build/operation': PYTHONPATH=/home/robot134/robotws/src/build/operation/prefix_override:/home/robot134/robotws/src/install/operation/lib/python3.10/site-packages:${PYTHONPATH} /usr/bin/python3 setup.py develop --editable --build-directory /home/robot134/robotws/src/build/operation/build --no-deps install_data
[1.964s] running develop
[1.965s] /usr/lib/python3/dist-packages/setuptools/command/easy_install.py:158: EasyInstallDeprecationWarning: easy_install command is deprecated. Use build and pip and other standards-based tools.
[1.965s]   warnings.warn(
[1.966s] /usr/lib/python3/dist-packages/setuptools/command/install.py:34: SetuptoolsDeprecationWarning: setup.py install is deprecated. Use build and pip and other standards-based tools.
[1.967s]   warnings.warn(
[2.073s] /usr/lib/python3/dist-packages/pkg_resources/__init__.py:116: PkgResourcesDeprecationWarning: 1.16.0-unknown is an invalid version and will not be supported in a future release
[2.073s]   warnings.warn(
[2.073s] /usr/lib/python3/dist-packages/pkg_resources/__init__.py:116: PkgResourcesDeprecationWarning: 1.1build1 is an invalid version and will not be supported in a future release
[2.073s]   warnings.warn(
[2.074s] /usr/lib/python3/dist-packages/pkg_resources/__init__.py:116: PkgResourcesDeprecationWarning: 0.1.43ubuntu1 is an invalid version and will not be supported in a future release
[2.074s]   warnings.warn(
[2.266s] running egg_info
[2.267s] writing operation.egg-info/PKG-INFO
[2.267s] writing dependency_links to operation.egg-info/dependency_links.txt
[2.267s] writing entry points to operation.egg-info/entry_points.txt
[2.268s] writing requirements to operation.egg-info/requires.txt
[2.268s] writing top-level names to operation.egg-info/top_level.txt
[2.271s] reading manifest file 'operation.egg-info/SOURCES.txt'
[2.272s] writing manifest file 'operation.egg-info/SOURCES.txt'
[2.274s] running build_ext
[2.274s] Creating /home/robot134/robotws/src/install/operation/lib/python3.10/site-packages/operation.egg-link (link to .)
[2.276s] Installing demo134 script to /home/robot134/robotws/src/install/operation/lib/operation
[2.276s] 
[2.276s] Installed /home/robot134/robotws/src/build/operation
[2.277s] running install_data
[2.350s] Invoked command in '/home/robot134/robotws/src/build/operation' returned '0': PYTHONPATH=/home/robot134/robotws/src/build/operation/prefix_override:/home/robot134/robotws/src/install/operation/lib/python3.10/site-packages:${PYTHONPATH} /usr/bin/python3 setup.py develop --editable --build-directory /home/robot134/robotws/src/build/operation/build --no-deps install_data
