[1.386s] Invoking command in '/home/robot134/robotws/src/build/basic134': PYTHONPATH=/home/robot134/robotws/src/build/basic134/prefix_override:/home/robot134/robotws/src/install/basic134/lib/python3.10/site-packages:${PYTHONPATH} /usr/bin/python3 setup.py develop --editable --build-directory /home/robot134/robotws/src/build/basic134/build --no-deps install_data
[1.819s] running develop
[1.819s] /usr/lib/python3/dist-packages/setuptools/command/easy_install.py:158: EasyInstallDeprecationWarning: easy_install command is deprecated. Use build and pip and other standards-based tools.
[1.820s]   warnings.warn(
[1.822s] /usr/lib/python3/dist-packages/setuptools/command/install.py:34: SetuptoolsDeprecationWarning: setup.py install is deprecated. Use build and pip and other standards-based tools.
[1.822s]   warnings.warn(
[1.924s] /usr/lib/python3/dist-packages/pkg_resources/__init__.py:116: PkgResourcesDeprecationWarning: 1.16.0-unknown is an invalid version and will not be supported in a future release
[1.924s]   warnings.warn(
[1.925s] /usr/lib/python3/dist-packages/pkg_resources/__init__.py:116: PkgResourcesDeprecationWarning: 1.1build1 is an invalid version and will not be supported in a future release
[1.925s]   warnings.warn(
[1.926s] /usr/lib/python3/dist-packages/pkg_resources/__init__.py:116: PkgResourcesDeprecationWarning: 0.1.43ubuntu1 is an invalid version and will not be supported in a future release
[1.926s]   warnings.warn(
[2.121s] running egg_info
[2.122s] writing basic134.egg-info/PKG-INFO
[2.122s] writing dependency_links to basic134.egg-info/dependency_links.txt
[2.123s] writing entry points to basic134.egg-info/entry_points.txt
[2.123s] writing requirements to basic134.egg-info/requires.txt
[2.124s] writing top-level names to basic134.egg-info/top_level.txt
[2.127s] reading manifest file 'basic134.egg-info/SOURCES.txt'
[2.129s] writing manifest file 'basic134.egg-info/SOURCES.txt'
[2.131s] running build_ext
[2.132s] Creating /home/robot134/robotws/src/install/basic134/lib/python3.10/site-packages/basic134.egg-link (link to .)
[2.133s] Installing demo134 script to /home/robot134/robotws/src/install/basic134/lib/basic134
[2.134s] 
[2.134s] Installed /home/robot134/robotws/src/build/basic134
[2.135s] running install_data
[2.178s] Invoked command in '/home/robot134/robotws/src/build/basic134' returned '0': PYTHONPATH=/home/robot134/robotws/src/build/basic134/prefix_override:/home/robot134/robotws/src/install/basic134/lib/python3.10/site-packages:${PYTHONPATH} /usr/bin/python3 setup.py develop --editable --build-directory /home/robot134/robotws/src/build/basic134/build --no-deps install_data
