[1.648s] Invoking command in '/home/robot134/robotws/src/build/basic134': PYTHONPATH=/home/robot134/robotws/src/build/basic134/prefix_override:/home/robot134/robotws/src/install/basic134/lib/python3.10/site-packages:${PYTHONPATH} /usr/bin/python3 setup.py develop --editable --build-directory /home/robot134/robotws/src/build/basic134/build --no-deps install_data
[2.156s] running develop
[2.156s] /usr/lib/python3/dist-packages/setuptools/command/easy_install.py:158: EasyInstallDeprecationWarning: easy_install command is deprecated. Use build and pip and other standards-based tools.
[2.156s]   warnings.warn(
[2.158s] /usr/lib/python3/dist-packages/setuptools/command/install.py:34: SetuptoolsDeprecationWarning: setup.py install is deprecated. Use build and pip and other standards-based tools.
[2.158s]   warnings.warn(
[2.262s] /usr/lib/python3/dist-packages/pkg_resources/__init__.py:116: PkgResourcesDeprecationWarning: 1.16.0-unknown is an invalid version and will not be supported in a future release
[2.262s]   warnings.warn(
[2.263s] /usr/lib/python3/dist-packages/pkg_resources/__init__.py:116: PkgResourcesDeprecationWarning: 1.1build1 is an invalid version and will not be supported in a future release
[2.263s]   warnings.warn(
[2.264s] /usr/lib/python3/dist-packages/pkg_resources/__init__.py:116: PkgResourcesDeprecationWarning: 0.1.43ubuntu1 is an invalid version and will not be supported in a future release
[2.264s]   warnings.warn(
[2.502s] running egg_info
[2.502s] writing basic134.egg-info/PKG-INFO
[2.502s] writing dependency_links to basic134.egg-info/dependency_links.txt
[2.502s] writing entry points to basic134.egg-info/entry_points.txt
[2.502s] writing requirements to basic134.egg-info/requires.txt
[2.503s] writing top-level names to basic134.egg-info/top_level.txt
[2.503s] reading manifest file 'basic134.egg-info/SOURCES.txt'
[2.503s] writing manifest file 'basic134.egg-info/SOURCES.txt'
[2.503s] running build_ext
[2.503s] Creating /home/robot134/robotws/src/install/basic134/lib/python3.10/site-packages/basic134.egg-link (link to .)
[2.503s] Installing demo134 script to /home/robot134/robotws/src/install/basic134/lib/basic134
[2.503s] 
[2.504s] Installed /home/robot134/robotws/src/build/basic134
[2.504s] running install_data
[2.504s] copying urdf/example.urdf -> /home/robot134/robotws/src/install/basic134/share/basic134/urdf
[2.516s] Invoked command in '/home/robot134/robotws/src/build/basic134' returned '0': PYTHONPATH=/home/robot134/robotws/src/build/basic134/prefix_override:/home/robot134/robotws/src/install/basic134/lib/python3.10/site-packages:${PYTHONPATH} /usr/bin/python3 setup.py develop --editable --build-directory /home/robot134/robotws/src/build/basic134/build --no-deps install_data
