[1.335s] Invoking command in '/home/robot134/robotws/src/build/basic134': PYTHONPATH=/home/robot134/robotws/src/build/basic134/prefix_override:/home/robot134/robotws/src/install/basic134/lib/python3.10/site-packages:${PYTHONPATH} /usr/bin/python3 setup.py develop --editable --build-directory /home/robot134/robotws/src/build/basic134/build --no-deps install_data
[1.732s] running develop
[1.733s] /usr/lib/python3/dist-packages/setuptools/command/easy_install.py:158: EasyInstallDeprecationWarning: easy_install command is deprecated. Use build and pip and other standards-based tools.
[1.733s]   warnings.warn(
[1.734s] /usr/lib/python3/dist-packages/setuptools/command/install.py:34: SetuptoolsDeprecationWarning: setup.py install is deprecated. Use build and pip and other standards-based tools.
[1.734s]   warnings.warn(
[1.795s] /usr/lib/python3/dist-packages/pkg_resources/__init__.py:116: PkgResourcesDeprecationWarning: 1.16.0-unknown is an invalid version and will not be supported in a future release
[1.796s]   warnings.warn(
[1.796s] /usr/lib/python3/dist-packages/pkg_resources/__init__.py:116: PkgResourcesDeprecationWarning: 1.1build1 is an invalid version and will not be supported in a future release
[1.796s]   warnings.warn(
[1.796s] /usr/lib/python3/dist-packages/pkg_resources/__init__.py:116: PkgResourcesDeprecationWarning: 0.1.43ubuntu1 is an invalid version and will not be supported in a future release
[1.797s]   warnings.warn(
[1.908s] running egg_info
[1.908s] writing basic134.egg-info/PKG-INFO
[1.908s] writing dependency_links to basic134.egg-info/dependency_links.txt
[1.909s] writing entry points to basic134.egg-info/entry_points.txt
[1.909s] writing requirements to basic134.egg-info/requires.txt
[1.909s] writing top-level names to basic134.egg-info/top_level.txt
[1.911s] reading manifest file 'basic134.egg-info/SOURCES.txt'
[1.912s] writing manifest file 'basic134.egg-info/SOURCES.txt'
[1.914s] running build_ext
[1.914s] Creating /home/robot134/robotws/src/install/basic134/lib/python3.10/site-packages/basic134.egg-link (link to .)
[1.915s] Installing demo134 script to /home/robot134/robotws/src/install/basic134/lib/basic134
[1.915s] 
[1.915s] Installed /home/robot134/robotws/src/build/basic134
[1.916s] running install_data
[1.949s] Invoked command in '/home/robot134/robotws/src/build/basic134' returned '0': PYTHONPATH=/home/robot134/robotws/src/build/basic134/prefix_override:/home/robot134/robotws/src/install/basic134/lib/python3.10/site-packages:${PYTHONPATH} /usr/bin/python3 setup.py develop --editable --build-directory /home/robot134/robotws/src/build/basic134/build --no-deps install_data
