[2.038s] Invoking command in '/home/robot134/robotws/build/hebiros': PYTHONPATH=/home/robot134/robotws/build/hebiros/prefix_override:/home/robot134/robotws/install/hebiros/lib/python3.10/site-packages:${PYTHONPATH} /usr/bin/python3 setup.py develop --editable --build-directory /home/robot134/robotws/build/hebiros/build --no-deps install_data
[2.740s] running develop
[2.740s] /usr/lib/python3/dist-packages/setuptools/command/easy_install.py:158: EasyInstallDeprecationWarning: easy_install command is deprecated. Use build and pip and other standards-based tools.
[2.741s]   warnings.warn(
[2.742s] /usr/lib/python3/dist-packages/setuptools/command/install.py:34: SetuptoolsDeprecationWarning: setup.py install is deprecated. Use build and pip and other standards-based tools.
[2.742s]   warnings.warn(
[2.881s] /usr/lib/python3/dist-packages/pkg_resources/__init__.py:116: PkgResourcesDeprecationWarning: 1.16.0-unknown is an invalid version and will not be supported in a future release
[2.881s]   warnings.warn(
[2.882s] /usr/lib/python3/dist-packages/pkg_resources/__init__.py:116: PkgResourcesDeprecationWarning: 1.1build1 is an invalid version and will not be supported in a future release
[2.882s]   warnings.warn(
[2.883s] /usr/lib/python3/dist-packages/pkg_resources/__init__.py:116: PkgResourcesDeprecationWarning: 0.1.43ubuntu1 is an invalid version and will not be supported in a future release
[2.883s]   warnings.warn(
[3.143s] running egg_info
[3.143s] writing hebiros.egg-info/PKG-INFO
[3.144s] writing dependency_links to hebiros.egg-info/dependency_links.txt
[3.145s] writing entry points to hebiros.egg-info/entry_points.txt
[3.145s] writing requirements to hebiros.egg-info/requires.txt
[3.145s] writing top-level names to hebiros.egg-info/top_level.txt
[3.148s] reading manifest file 'hebiros.egg-info/SOURCES.txt'
[3.152s] writing manifest file 'hebiros.egg-info/SOURCES.txt'
[3.156s] running build_ext
[3.156s] Creating /home/robot134/robotws/install/hebiros/lib/python3.10/site-packages/hebiros.egg-link (link to .)
[3.157s] Installing hebinode script to /home/robot134/robotws/install/hebiros/lib/hebiros
[3.158s] Installing hebiscan script to /home/robot134/robotws/install/hebiros/lib/hebiros
[3.158s] Installing testsend script to /home/robot134/robotws/install/hebiros/lib/hebiros
[3.158s] 
[3.159s] Installed /home/robot134/robotws/build/hebiros
[3.159s] running install_data
[3.210s] Invoked command in '/home/robot134/robotws/build/hebiros' returned '0': PYTHONPATH=/home/robot134/robotws/build/hebiros/prefix_override:/home/robot134/robotws/install/hebiros/lib/python3.10/site-packages:${PYTHONPATH} /usr/bin/python3 setup.py develop --editable --build-directory /home/robot134/robotws/build/hebiros/build --no-deps install_data
