[2.167s] Invoking command in '/home/robot134/robotws/build/hebiros': PYTHONPATH=/home/robot134/robotws/build/hebiros/prefix_override:/home/robot134/robotws/install/hebiros/lib/python3.10/site-packages:${PYTHONPATH} /usr/bin/python3 setup.py develop --editable --build-directory /home/robot134/robotws/build/hebiros/build --no-deps install_data
[2.728s] running develop
[2.728s] /usr/lib/python3/dist-packages/setuptools/command/easy_install.py:158: EasyInstallDeprecationWarning: easy_install command is deprecated. Use build and pip and other standards-based tools.
[2.728s]   warnings.warn(
[2.730s] /usr/lib/python3/dist-packages/setuptools/command/install.py:34: SetuptoolsDeprecationWarning: setup.py install is deprecated. Use build and pip and other standards-based tools.
[2.730s]   warnings.warn(
[2.848s] /usr/lib/python3/dist-packages/pkg_resources/__init__.py:116: PkgResourcesDeprecationWarning: 1.16.0-unknown is an invalid version and will not be supported in a future release
[2.848s]   warnings.warn(
[2.849s] /usr/lib/python3/dist-packages/pkg_resources/__init__.py:116: PkgResourcesDeprecationWarning: 1.1build1 is an invalid version and will not be supported in a future release
[2.849s]   warnings.warn(
[2.849s] /usr/lib/python3/dist-packages/pkg_resources/__init__.py:116: PkgResourcesDeprecationWarning: 0.1.43ubuntu1 is an invalid version and will not be supported in a future release
[2.849s]   warnings.warn(
[3.058s] running egg_info
[3.058s] writing hebiros.egg-info/PKG-INFO
[3.059s] writing dependency_links to hebiros.egg-info/dependency_links.txt
[3.059s] writing entry points to hebiros.egg-info/entry_points.txt
[3.059s] writing requirements to hebiros.egg-info/requires.txt
[3.060s] writing top-level names to hebiros.egg-info/top_level.txt
[3.062s] reading manifest file 'hebiros.egg-info/SOURCES.txt'
[3.064s] writing manifest file 'hebiros.egg-info/SOURCES.txt'
[3.067s] running build_ext
[3.067s] Creating /home/robot134/robotws/install/hebiros/lib/python3.10/site-packages/hebiros.egg-link (link to .)
[3.069s] Installing hebinode script to /home/robot134/robotws/install/hebiros/lib/hebiros
[3.069s] Installing hebiscan script to /home/robot134/robotws/install/hebiros/lib/hebiros
[3.069s] Installing testsend script to /home/robot134/robotws/install/hebiros/lib/hebiros
[3.070s] 
[3.070s] Installed /home/robot134/robotws/build/hebiros
[3.071s] running install_data
[3.123s] Invoked command in '/home/robot134/robotws/build/hebiros' returned '0': PYTHONPATH=/home/robot134/robotws/build/hebiros/prefix_override:/home/robot134/robotws/install/hebiros/lib/python3.10/site-packages:${PYTHONPATH} /usr/bin/python3 setup.py develop --editable --build-directory /home/robot134/robotws/build/hebiros/build --no-deps install_data
