[1.624s] Invoking command in '/home/robot134/robotws/src/build/hebiros': PYTHONPATH=/home/robot134/robotws/src/build/hebiros/prefix_override:/home/robot134/robotws/src/install/hebiros/lib/python3.10/site-packages:${PYTHONPATH} /usr/bin/python3 setup.py develop --editable --build-directory /home/robot134/robotws/src/build/hebiros/build --no-deps install_data
[2.063s] running develop
[2.063s] /usr/lib/python3/dist-packages/setuptools/command/easy_install.py:158: EasyInstallDeprecationWarning: easy_install command is deprecated. Use build and pip and other standards-based tools.
[2.063s]   warnings.warn(
[2.065s] /usr/lib/python3/dist-packages/setuptools/command/install.py:34: SetuptoolsDeprecationWarning: setup.py install is deprecated. Use build and pip and other standards-based tools.
[2.065s]   warnings.warn(
[2.182s] /usr/lib/python3/dist-packages/pkg_resources/__init__.py:116: PkgResourcesDeprecationWarning: 1.16.0-unknown is an invalid version and will not be supported in a future release
[2.182s]   warnings.warn(
[2.183s] /usr/lib/python3/dist-packages/pkg_resources/__init__.py:116: PkgResourcesDeprecationWarning: 1.1build1 is an invalid version and will not be supported in a future release
[2.183s]   warnings.warn(
[2.184s] /usr/lib/python3/dist-packages/pkg_resources/__init__.py:116: PkgResourcesDeprecationWarning: 0.1.43ubuntu1 is an invalid version and will not be supported in a future release
[2.184s]   warnings.warn(
[2.383s] running egg_info
[2.384s] writing hebiros.egg-info/PKG-INFO
[2.384s] writing dependency_links to hebiros.egg-info/dependency_links.txt
[2.385s] writing entry points to hebiros.egg-info/entry_points.txt
[2.385s] writing requirements to hebiros.egg-info/requires.txt
[2.385s] writing top-level names to hebiros.egg-info/top_level.txt
[2.388s] reading manifest file 'hebiros.egg-info/SOURCES.txt'
[2.389s] writing manifest file 'hebiros.egg-info/SOURCES.txt'
[2.391s] running build_ext
[2.392s] Creating /home/robot134/robotws/src/install/hebiros/lib/python3.10/site-packages/hebiros.egg-link (link to .)
[2.393s] Installing hebinode script to /home/robot134/robotws/src/install/hebiros/lib/hebiros
[2.394s] Installing hebiscan script to /home/robot134/robotws/src/install/hebiros/lib/hebiros
[2.394s] Installing testsend script to /home/robot134/robotws/src/install/hebiros/lib/hebiros
[2.394s] 
[2.394s] Installed /home/robot134/robotws/src/build/hebiros
[2.394s] running install_data
[2.465s] Invoked command in '/home/robot134/robotws/src/build/hebiros' returned '0': PYTHONPATH=/home/robot134/robotws/src/build/hebiros/prefix_override:/home/robot134/robotws/src/install/hebiros/lib/python3.10/site-packages:${PYTHONPATH} /usr/bin/python3 setup.py develop --editable --build-directory /home/robot134/robotws/src/build/hebiros/build --no-deps install_data
