[1.590s] Invoking command in '/home/robot134/robotws/src/build/operation': PYTHONPATH=/home/robot134/robotws/src/build/operation/prefix_override:/home/robot134/robotws/src/install/operation/lib/python3.10/site-packages:${PYTHONPATH} /usr/bin/python3 setup.py develop --editable --build-directory /home/robot134/robotws/src/build/operation/build --no-deps install_data
[2.028s] running develop
[2.029s] /usr/lib/python3/dist-packages/setuptools/command/easy_install.py:158: EasyInstallDeprecationWarning: easy_install command is deprecated. Use build and pip and other standards-based tools.
[2.029s]   warnings.warn(
[2.031s] /usr/lib/python3/dist-packages/setuptools/command/install.py:34: SetuptoolsDeprecationWarning: setup.py install is deprecated. Use build and pip and other standards-based tools.
[2.031s]   warnings.warn(
[2.135s] /usr/lib/python3/dist-packages/pkg_resources/__init__.py:116: PkgResourcesDeprecationWarning: 1.16.0-unknown is an invalid version and will not be supported in a future release
[2.135s]   warnings.warn(
[2.136s] /usr/lib/python3/dist-packages/pkg_resources/__init__.py:116: PkgResourcesDeprecationWarning: 1.1build1 is an invalid version and will not be supported in a future release
[2.137s]   warnings.warn(
[2.137s] /usr/lib/python3/dist-packages/pkg_resources/__init__.py:116: PkgResourcesDeprecationWarning: 0.1.43ubuntu1 is an invalid version and will not be supported in a future release
[2.137s]   warnings.warn(
[2.333s] running egg_info
[2.333s] writing operation.egg-info/PKG-INFO
[2.334s] writing dependency_links to operation.egg-info/dependency_links.txt
[2.334s] writing entry points to operation.egg-info/entry_points.txt
[2.334s] writing requirements to operation.egg-info/requires.txt
[2.335s] writing top-level names to operation.egg-info/top_level.txt
[2.337s] reading manifest file 'operation.egg-info/SOURCES.txt'
[2.339s] writing manifest file 'operation.egg-info/SOURCES.txt'
[2.341s] running build_ext
[2.341s] Creating /home/robot134/robotws/src/install/operation/lib/python3.10/site-packages/operation.egg-link (link to .)
[2.343s] Installing demo134 script to /home/robot134/robotws/src/install/operation/lib/operation
[2.343s] 
[2.343s] Installed /home/robot134/robotws/src/build/operation
[2.343s] running install_data
[2.391s] Invoked command in '/home/robot134/robotws/src/build/operation' returned '0': PYTHONPATH=/home/robot134/robotws/src/build/operation/prefix_override:/home/robot134/robotws/src/install/operation/lib/python3.10/site-packages:${PYTHONPATH} /usr/bin/python3 setup.py develop --editable --build-directory /home/robot134/robotws/src/build/operation/build --no-deps install_data
