[1.603s] Invoking command in '/home/robot134/robotws/src/build/hebiros': PYTHONPATH=/home/robot134/robotws/src/build/hebiros/prefix_override:/home/robot134/robotws/src/install/hebiros/lib/python3.10/site-packages:${PYTHONPATH} /usr/bin/python3 setup.py develop --editable --build-directory /home/robot134/robotws/src/build/hebiros/build --no-deps install_data
[2.028s] running develop
[2.028s] /usr/lib/python3/dist-packages/setuptools/command/easy_install.py:158: EasyInstallDeprecationWarning: easy_install command is deprecated. Use build and pip and other standards-based tools.
[2.028s]   warnings.warn(
[2.030s] /usr/lib/python3/dist-packages/setuptools/command/install.py:34: SetuptoolsDeprecationWarning: setup.py install is deprecated. Use build and pip and other standards-based tools.
[2.030s]   warnings.warn(
[2.131s] /usr/lib/python3/dist-packages/pkg_resources/__init__.py:116: PkgResourcesDeprecationWarning: 1.16.0-unknown is an invalid version and will not be supported in a future release
[2.132s]   warnings.warn(
[2.132s] /usr/lib/python3/dist-packages/pkg_resources/__init__.py:116: PkgResourcesDeprecationWarning: 1.1build1 is an invalid version and will not be supported in a future release
[2.132s]   warnings.warn(
[2.133s] /usr/lib/python3/dist-packages/pkg_resources/__init__.py:116: PkgResourcesDeprecationWarning: 0.1.43ubuntu1 is an invalid version and will not be supported in a future release
[2.133s]   warnings.warn(
[2.320s] running egg_info
[2.320s] writing hebiros.egg-info/PKG-INFO
[2.321s] writing dependency_links to hebiros.egg-info/dependency_links.txt
[2.321s] writing entry points to hebiros.egg-info/entry_points.txt
[2.321s] writing requirements to hebiros.egg-info/requires.txt
[2.321s] writing top-level names to hebiros.egg-info/top_level.txt
[2.324s] reading manifest file 'hebiros.egg-info/SOURCES.txt'
[2.325s] writing manifest file 'hebiros.egg-info/SOURCES.txt'
[2.327s] running build_ext
[2.327s] Creating /home/robot134/robotws/src/install/hebiros/lib/python3.10/site-packages/hebiros.egg-link (link to .)
[2.328s] Installing hebinode script to /home/robot134/robotws/src/install/hebiros/lib/hebiros
[2.329s] Installing hebiscan script to /home/robot134/robotws/src/install/hebiros/lib/hebiros
[2.329s] Installing testsend script to /home/robot134/robotws/src/install/hebiros/lib/hebiros
[2.329s] 
[2.329s] Installed /home/robot134/robotws/src/build/hebiros
[2.330s] running install_data
[2.379s] Invoked command in '/home/robot134/robotws/src/build/hebiros' returned '0': PYTHONPATH=/home/robot134/robotws/src/build/hebiros/prefix_override:/home/robot134/robotws/src/install/hebiros/lib/python3.10/site-packages:${PYTHONPATH} /usr/bin/python3 setup.py develop --editable --build-directory /home/robot134/robotws/src/build/hebiros/build --no-deps install_data
