[2.155s] Invoking command in '/home/robot134/robotws/build/operation': PYTHONPATH=/home/robot134/robotws/build/operation/prefix_override:/home/robot134/robotws/install/operation/lib/python3.10/site-packages:${PYTHONPATH} /usr/bin/python3 setup.py develop --editable --build-directory /home/robot134/robotws/build/operation/build --no-deps install_data
[2.747s] running develop
[2.747s] /usr/lib/python3/dist-packages/setuptools/command/easy_install.py:158: EasyInstallDeprecationWarning: easy_install command is deprecated. Use build and pip and other standards-based tools.
[2.748s]   warnings.warn(
[2.749s] /usr/lib/python3/dist-packages/setuptools/command/install.py:34: SetuptoolsDeprecationWarning: setup.py install is deprecated. Use build and pip and other standards-based tools.
[2.749s]   warnings.warn(
[2.880s] /usr/lib/python3/dist-packages/pkg_resources/__init__.py:116: PkgResourcesDeprecationWarning: 1.16.0-unknown is an invalid version and will not be supported in a future release
[2.880s]   warnings.warn(
[2.881s] /usr/lib/python3/dist-packages/pkg_resources/__init__.py:116: PkgResourcesDeprecationWarning: 1.1build1 is an invalid version and will not be supported in a future release
[2.881s]   warnings.warn(
[2.882s] /usr/lib/python3/dist-packages/pkg_resources/__init__.py:116: PkgResourcesDeprecationWarning: 0.1.43ubuntu1 is an invalid version and will not be supported in a future release
[2.882s]   warnings.warn(
[3.108s] running egg_info
[3.109s] writing operation.egg-info/PKG-INFO
[3.110s] writing dependency_links to operation.egg-info/dependency_links.txt
[3.110s] writing entry points to operation.egg-info/entry_points.txt
[3.111s] writing requirements to operation.egg-info/requires.txt
[3.111s] writing top-level names to operation.egg-info/top_level.txt
[3.111s] reading manifest file 'operation.egg-info/SOURCES.txt'
[3.112s] writing manifest file 'operation.egg-info/SOURCES.txt'
[3.114s] running build_ext
[3.114s] Creating /home/robot134/robotws/install/operation/lib/python3.10/site-packages/operation.egg-link (link to .)
[3.115s] Installing arucodetector script to /home/robot134/robotws/install/operation/lib/operation
[3.116s] Installing demo134 script to /home/robot134/robotws/install/operation/lib/operation
[3.116s] Installing republish_ctrl script to /home/robot134/robotws/install/operation/lib/operation
[3.117s] 
[3.117s] Installed /home/robot134/robotws/build/operation
[3.117s] running install_data
[3.117s] copying launch/runexample.launch.py -> /home/robot134/robotws/install/operation/share/operation/launch
[3.191s] Invoked command in '/home/robot134/robotws/build/operation' returned '0': PYTHONPATH=/home/robot134/robotws/build/operation/prefix_override:/home/robot134/robotws/install/operation/lib/python3.10/site-packages:${PYTHONPATH} /usr/bin/python3 setup.py develop --editable --build-directory /home/robot134/robotws/build/operation/build --no-deps install_data
