[1.300s] Invoking command in '/home/robot134/robotws/src/build/basic134': PYTHONPATH=/home/robot134/robotws/src/build/basic134/prefix_override:/home/robot134/robotws/src/install/basic134/lib/python3.10/site-packages:${PYTHONPATH} /usr/bin/python3 setup.py develop --editable --build-directory /home/robot134/robotws/src/build/basic134/build --no-deps install_data
[1.615s] running develop
[1.616s] /usr/lib/python3/dist-packages/setuptools/command/easy_install.py:158: EasyInstallDeprecationWarning: easy_install command is deprecated. Use build and pip and other standards-based tools.
[1.616s]   warnings.warn(
[1.618s] /usr/lib/python3/dist-packages/setuptools/command/install.py:34: SetuptoolsDeprecationWarning: setup.py install is deprecated. Use build and pip and other standards-based tools.
[1.618s]   warnings.warn(
[1.718s] /usr/lib/python3/dist-packages/pkg_resources/__init__.py:116: PkgResourcesDeprecationWarning: 1.16.0-unknown is an invalid version and will not be supported in a future release
[1.718s]   warnings.warn(
[1.718s] /usr/lib/python3/dist-packages/pkg_resources/__init__.py:116: PkgResourcesDeprecationWarning: 1.1build1 is an invalid version and will not be supported in a future release
[1.719s]   warnings.warn(
[1.719s] /usr/lib/python3/dist-packages/pkg_resources/__init__.py:116: PkgResourcesDeprecationWarning: 0.1.43ubuntu1 is an invalid version and will not be supported in a future release
[1.719s]   warnings.warn(
[1.848s] running egg_info
[1.849s] writing basic134.egg-info/PKG-INFO
[1.849s] writing dependency_links to basic134.egg-info/dependency_links.txt
[1.849s] writing entry points to basic134.egg-info/entry_points.txt
[1.849s] writing requirements to basic134.egg-info/requires.txt
[1.849s] writing top-level names to basic134.egg-info/top_level.txt
[1.852s] reading manifest file 'basic134.egg-info/SOURCES.txt'
[1.853s] writing manifest file 'basic134.egg-info/SOURCES.txt'
[1.854s] running build_ext
[1.854s] Creating /home/robot134/robotws/src/install/basic134/lib/python3.10/site-packages/basic134.egg-link (link to .)
[1.855s] Installing demo134 script to /home/robot134/robotws/src/install/basic134/lib/basic134
[1.855s] 
[1.856s] Installed /home/robot134/robotws/src/build/basic134
[1.856s] running install_data
[1.883s] Invoked command in '/home/robot134/robotws/src/build/basic134' returned '0': PYTHONPATH=/home/robot134/robotws/src/build/basic134/prefix_override:/home/robot134/robotws/src/install/basic134/lib/python3.10/site-packages:${PYTHONPATH} /usr/bin/python3 setup.py develop --editable --build-directory /home/robot134/robotws/src/build/basic134/build --no-deps install_data
