[1.591s] Invoking command in '/home/robot134/robotws/src/build/operation': PYTHONPATH=/home/robot134/robotws/src/build/operation/prefix_override:/home/robot134/robotws/src/install/operation/lib/python3.10/site-packages:${PYTHONPATH} /usr/bin/python3 setup.py develop --editable --build-directory /home/robot134/robotws/src/build/operation/build --no-deps install_data
[2.022s] running develop
[2.022s] /usr/lib/python3/dist-packages/setuptools/command/easy_install.py:158: EasyInstallDeprecationWarning: easy_install command is deprecated. Use build and pip and other standards-based tools.
[2.022s]   warnings.warn(
[2.024s] /usr/lib/python3/dist-packages/setuptools/command/install.py:34: SetuptoolsDeprecationWarning: setup.py install is deprecated. Use build and pip and other standards-based tools.
[2.024s]   warnings.warn(
[2.126s] /usr/lib/python3/dist-packages/pkg_resources/__init__.py:116: PkgResourcesDeprecationWarning: 1.16.0-unknown is an invalid version and will not be supported in a future release
[2.126s]   warnings.warn(
[2.127s] /usr/lib/python3/dist-packages/pkg_resources/__init__.py:116: PkgResourcesDeprecationWarning: 1.1build1 is an invalid version and will not be supported in a future release
[2.127s]   warnings.warn(
[2.127s] /usr/lib/python3/dist-packages/pkg_resources/__init__.py:116: PkgResourcesDeprecationWarning: 0.1.43ubuntu1 is an invalid version and will not be supported in a future release
[2.127s]   warnings.warn(
[2.317s] running egg_info
[2.317s] writing operation.egg-info/PKG-INFO
[2.317s] writing dependency_links to operation.egg-info/dependency_links.txt
[2.317s] writing entry points to operation.egg-info/entry_points.txt
[2.318s] writing requirements to operation.egg-info/requires.txt
[2.318s] writing top-level names to operation.egg-info/top_level.txt
[2.321s] reading manifest file 'operation.egg-info/SOURCES.txt'
[2.322s] writing manifest file 'operation.egg-info/SOURCES.txt'
[2.324s] running build_ext
[2.325s] Creating /home/robot134/robotws/src/install/operation/lib/python3.10/site-packages/operation.egg-link (link to .)
[2.325s] Installing demo134 script to /home/robot134/robotws/src/install/operation/lib/operation
[2.327s] 
[2.327s] Installed /home/robot134/robotws/src/build/operation
[2.327s] running install_data
[2.370s] Invoked command in '/home/robot134/robotws/src/build/operation' returned '0': PYTHONPATH=/home/robot134/robotws/src/build/operation/prefix_override:/home/robot134/robotws/src/install/operation/lib/python3.10/site-packages:${PYTHONPATH} /usr/bin/python3 setup.py develop --editable --build-directory /home/robot134/robotws/src/build/operation/build --no-deps install_data
