running develop
/usr/lib/python3/dist-packages/setuptools/command/easy_install.py:158: EasyInstallDeprecationWarning: easy_install command is deprecated. Use build and pip and other standards-based tools.
  warnings.warn(
/usr/lib/python3/dist-packages/setuptools/command/install.py:34: SetuptoolsDeprecationWarning: setup.py install is deprecated. Use build and pip and other standards-based tools.
  warnings.warn(
/usr/lib/python3/dist-packages/pkg_resources/__init__.py:116: PkgResourcesDeprecationWarning: 1.16.0-unknown is an invalid version and will not be supported in a future release
  warnings.warn(
/usr/lib/python3/dist-packages/pkg_resources/__init__.py:116: PkgResourcesDeprecationWarning: 1.1build1 is an invalid version and will not be supported in a future release
  warnings.warn(
/usr/lib/python3/dist-packages/pkg_resources/__init__.py:116: PkgResourcesDeprecationWarning: 0.1.43ubuntu1 is an invalid version and will not be supported in a future release
  warnings.warn(
running egg_info
creating hebiros.egg-info
writing hebiros.egg-info/PKG-INFO
writing dependency_links to hebiros.egg-info/dependency_links.txt
writing entry points to hebiros.egg-info/entry_points.txt
writing requirements to hebiros.egg-info/requires.txt
writing top-level names to hebiros.egg-info/top_level.txt
writing manifest file 'hebiros.egg-info/SOURCES.txt'
reading manifest file 'hebiros.egg-info/SOURCES.txt'
writing manifest file 'hebiros.egg-info/SOURCES.txt'
running build_ext
Creating /home/robot134/robotws/install/hebiros/lib/python3.10/site-packages/hebiros.egg-link (link to .)
Installing hebinode script to /home/robot134/robotws/install/hebiros/lib/hebiros
Installing hebiscan script to /home/robot134/robotws/install/hebiros/lib/hebiros
Installing testsend script to /home/robot134/robotws/install/hebiros/lib/hebiros

Installed /home/robot134/robotws/build/hebiros
running install_data
creating /home/robot134/robotws/install/hebiros/share/ament_index
creating /home/robot134/robotws/install/hebiros/share/ament_index/resource_index
creating /home/robot134/robotws/install/hebiros/share/ament_index/resource_index/packages
copying resource/hebiros -> /home/robot134/robotws/install/hebiros/share/ament_index/resource_index/packages
copying package.xml -> /home/robot134/robotws/install/hebiros/share/hebiros
creating /home/robot134/robotws/install/hebiros/share/hebiros/params
copying params/hebitest.yaml -> /home/robot134/robotws/install/hebiros/share/hebiros/params
creating /home/robot134/robotws/install/hebiros/share/hebiros/launch
copying launch/hebitest.launch.py -> /home/robot134/robotws/install/hebiros/share/hebiros/launch
