[1.176s] Invoking command in '/home/robot134/robotws/src/build/demo134': PYTHONPATH=/home/robot134/robotws/src/build/demo134/prefix_override:/home/robot134/robotws/src/install/demo134/lib/python3.10/site-packages:${PYTHONPATH} /usr/bin/python3 setup.py develop --editable --build-directory /home/robot134/robotws/src/build/demo134/build --no-deps install_data
[1.520s] running develop
[1.523s] /usr/lib/python3/dist-packages/setuptools/command/easy_install.py:158: EasyInstallDeprecationWarning: easy_install command is deprecated. Use build and pip and other standards-based tools.
[1.523s]   warnings.warn(
[1.525s] /usr/lib/python3/dist-packages/setuptools/command/install.py:34: SetuptoolsDeprecationWarning: setup.py install is deprecated. Use build and pip and other standards-based tools.
[1.525s]   warnings.warn(
[1.619s] /usr/lib/python3/dist-packages/pkg_resources/__init__.py:116: PkgResourcesDeprecationWarning: 1.16.0-unknown is an invalid version and will not be supported in a future release
[1.619s]   warnings.warn(
[1.619s] /usr/lib/python3/dist-packages/pkg_resources/__init__.py:116: PkgResourcesDeprecationWarning: 1.1build1 is an invalid version and will not be supported in a future release
[1.619s]   warnings.warn(
[1.620s] /usr/lib/python3/dist-packages/pkg_resources/__init__.py:116: PkgResourcesDeprecationWarning: 0.1.43ubuntu1 is an invalid version and will not be supported in a future release
[1.620s]   warnings.warn(
[1.794s] running egg_info
[1.794s] writing demo134.egg-info/PKG-INFO
[1.795s] writing dependency_links to demo134.egg-info/dependency_links.txt
[1.795s] writing entry points to demo134.egg-info/entry_points.txt
[1.795s] writing requirements to demo134.egg-info/requires.txt
[1.795s] writing top-level names to demo134.egg-info/top_level.txt
[1.797s] reading manifest file 'demo134.egg-info/SOURCES.txt'
[1.798s] writing manifest file 'demo134.egg-info/SOURCES.txt'
[1.800s] running build_ext
[1.803s] Creating /home/robot134/robotws/src/install/demo134/lib/python3.10/site-packages/demo134.egg-link (link to .)
[1.803s] Installing demo134 script to /home/robot134/robotws/src/install/demo134/lib/demo134
[1.804s] 
[1.804s] Installed /home/robot134/robotws/src/build/demo134
[1.804s] running install_data
[1.839s] Invoked command in '/home/robot134/robotws/src/build/demo134' returned '0': PYTHONPATH=/home/robot134/robotws/src/build/demo134/prefix_override:/home/robot134/robotws/src/install/demo134/lib/python3.10/site-packages:${PYTHONPATH} /usr/bin/python3 setup.py develop --editable --build-directory /home/robot134/robotws/src/build/demo134/build --no-deps install_data
