running develop
running egg_info
creating basic134.egg-info
writing basic134.egg-info/PKG-INFO
writing dependency_links to basic134.egg-info/dependency_links.txt
writing entry points to basic134.egg-info/entry_points.txt
writing requirements to basic134.egg-info/requires.txt
writing top-level names to basic134.egg-info/top_level.txt
writing manifest file 'basic134.egg-info/SOURCES.txt'
reading manifest file 'basic134.egg-info/SOURCES.txt'
writing manifest file 'basic134.egg-info/SOURCES.txt'
running build_ext
Creating /home/robot134/robotws/src/install/basic134/lib/python3.10/site-packages/basic134.egg-link (link to .)
Installing demo134 script to /home/robot134/robotws/src/install/basic134/lib/basic134

Installed /home/robot134/robotws/src/build/basic134
running install_data
creating /home/robot134/robotws/src/install/basic134/share/ament_index
creating /home/robot134/robotws/src/install/basic134/share/ament_index/resource_index
creating /home/robot134/robotws/src/install/basic134/share/ament_index/resource_index/packages
copying resource/basic134 -> /home/robot134/robotws/src/install/basic134/share/ament_index/resource_index/packages
copying package.xml -> /home/robot134/robotws/src/install/basic134/share/basic134
creating /home/robot134/robotws/src/install/basic134/share/basic134/launch
copying launch/runexample.launch.py -> /home/robot134/robotws/src/install/basic134/share/basic134/launch
copying launch/viewexample.launch.py -> /home/robot134/robotws/src/install/basic134/share/basic134/launch
creating /home/robot134/robotws/src/install/basic134/share/basic134/rviz
copying rviz/viewurdf.rviz -> /home/robot134/robotws/src/install/basic134/share/basic134/rviz
creating /home/robot134/robotws/src/install/basic134/share/basic134/meshes
copying meshes/link.STL -> /home/robot134/robotws/src/install/basic134/share/basic134/meshes
copying meshes/link_short.STL -> /home/robot134/robotws/src/install/basic134/share/basic134/meshes
copying meshes/lbracket.STL -> /home/robot134/robotws/src/install/basic134/share/basic134/meshes
copying meshes/X8.stl -> /home/robot134/robotws/src/install/basic134/share/basic134/meshes
copying meshes/arm_base.stl -> /home/robot134/robotws/src/install/basic134/share/basic134/meshes
copying meshes/basiclink.stl -> /home/robot134/robotws/src/install/basic134/share/basic134/meshes
copying meshes/basiclink.dae -> /home/robot134/robotws/src/install/basic134/share/basic134/meshes
copying meshes/X5.stl -> /home/robot134/robotws/src/install/basic134/share/basic134/meshes
copying meshes/lowerarm.stl -> /home/robot134/robotws/src/install/basic134/share/basic134/meshes
creating /home/robot134/robotws/src/install/basic134/share/basic134/urdf
copying urdf/example.urdf -> /home/robot134/robotws/src/install/basic134/share/basic134/urdf
