[1.324s] Invoking command in '/home/robot134/robotws/src/build/basic134': PYTHONPATH=/home/robot134/robotws/src/build/basic134/prefix_override:/home/robot134/robotws/src/install/basic134/lib/python3.10/site-packages:${PYTHONPATH} /usr/bin/python3 setup.py develop --editable --build-directory /home/robot134/robotws/src/build/basic134/build --no-deps install_data
[1.728s] running develop
[1.728s] /usr/lib/python3/dist-packages/setuptools/command/easy_install.py:158: EasyInstallDeprecationWarning: easy_install command is deprecated. Use build and pip and other standards-based tools.
[1.728s]   warnings.warn(
[1.730s] /usr/lib/python3/dist-packages/setuptools/command/install.py:34: SetuptoolsDeprecationWarning: setup.py install is deprecated. Use build and pip and other standards-based tools.
[1.730s]   warnings.warn(
[1.826s] /usr/lib/python3/dist-packages/pkg_resources/__init__.py:116: PkgResourcesDeprecationWarning: 1.16.0-unknown is an invalid version and will not be supported in a future release
[1.826s]   warnings.warn(
[1.826s] /usr/lib/python3/dist-packages/pkg_resources/__init__.py:116: PkgResourcesDeprecationWarning: 1.1build1 is an invalid version and will not be supported in a future release
[1.827s]   warnings.warn(
[1.827s] /usr/lib/python3/dist-packages/pkg_resources/__init__.py:116: PkgResourcesDeprecationWarning: 0.1.43ubuntu1 is an invalid version and will not be supported in a future release
[1.827s]   warnings.warn(
[2.001s] running egg_info
[2.001s] creating basic134.egg-info
[2.002s] writing basic134.egg-info/PKG-INFO
[2.002s] writing dependency_links to basic134.egg-info/dependency_links.txt
[2.002s] writing entry points to basic134.egg-info/entry_points.txt
[2.002s] writing requirements to basic134.egg-info/requires.txt
[2.002s] writing top-level names to basic134.egg-info/top_level.txt
[2.003s] writing manifest file 'basic134.egg-info/SOURCES.txt'
[2.004s] reading manifest file 'basic134.egg-info/SOURCES.txt'
[2.005s] writing manifest file 'basic134.egg-info/SOURCES.txt'
[2.006s] running build_ext
[2.006s] Creating /home/robot134/robotws/src/install/basic134/lib/python3.10/site-packages/basic134.egg-link (link to .)
[2.007s] Installing demo134 script to /home/robot134/robotws/src/install/basic134/lib/basic134
[2.008s] 
[2.008s] Installed /home/robot134/robotws/src/build/basic134
[2.008s] running install_data
[2.008s] creating /home/robot134/robotws/src/install/basic134/share/ament_index
[2.008s] creating /home/robot134/robotws/src/install/basic134/share/ament_index/resource_index
[2.008s] creating /home/robot134/robotws/src/install/basic134/share/ament_index/resource_index/packages
[2.008s] copying resource/basic134 -> /home/robot134/robotws/src/install/basic134/share/ament_index/resource_index/packages
[2.008s] copying package.xml -> /home/robot134/robotws/src/install/basic134/share/basic134
[2.009s] creating /home/robot134/robotws/src/install/basic134/share/basic134/launch
[2.009s] copying launch/runexample.launch.py -> /home/robot134/robotws/src/install/basic134/share/basic134/launch
[2.010s] copying launch/viewexample.launch.py -> /home/robot134/robotws/src/install/basic134/share/basic134/launch
[2.010s] creating /home/robot134/robotws/src/install/basic134/share/basic134/rviz
[2.010s] copying rviz/viewurdf.rviz -> /home/robot134/robotws/src/install/basic134/share/basic134/rviz
[2.011s] creating /home/robot134/robotws/src/install/basic134/share/basic134/meshes
[2.011s] copying meshes/link.STL -> /home/robot134/robotws/src/install/basic134/share/basic134/meshes
[2.012s] copying meshes/link_short.STL -> /home/robot134/robotws/src/install/basic134/share/basic134/meshes
[2.012s] copying meshes/lbracket.STL -> /home/robot134/robotws/src/install/basic134/share/basic134/meshes
[2.014s] copying meshes/X8.stl -> /home/robot134/robotws/src/install/basic134/share/basic134/meshes
[2.020s] copying meshes/arm_base.stl -> /home/robot134/robotws/src/install/basic134/share/basic134/meshes
[2.022s] copying meshes/basiclink.stl -> /home/robot134/robotws/src/install/basic134/share/basic134/meshes
[2.022s] copying meshes/basiclink.dae -> /home/robot134/robotws/src/install/basic134/share/basic134/meshes
[2.022s] copying meshes/X5.stl -> /home/robot134/robotws/src/install/basic134/share/basic134/meshes
[2.029s] copying meshes/lowerarm.stl -> /home/robot134/robotws/src/install/basic134/share/basic134/meshes
[2.031s] creating /home/robot134/robotws/src/install/basic134/share/basic134/urdf
[2.031s] copying urdf/example.urdf -> /home/robot134/robotws/src/install/basic134/share/basic134/urdf
[2.068s] Invoked command in '/home/robot134/robotws/src/build/basic134' returned '0': PYTHONPATH=/home/robot134/robotws/src/build/basic134/prefix_override:/home/robot134/robotws/src/install/basic134/lib/python3.10/site-packages:${PYTHONPATH} /usr/bin/python3 setup.py develop --editable --build-directory /home/robot134/robotws/src/build/basic134/build --no-deps install_data
