[0.350s] DEBUG:colcon:Command line arguments: ['/usr/bin/colcon', 'build', '--symlink-install']
[0.350s] DEBUG:colcon:Parsed command line arguments: Namespace(log_base=None, log_level=None, verb_name='build', build_base='build', install_base='install', merge_install=False, symlink_install=True, test_result_base=None, continue_on_error=False, executor='parallel', parallel_workers=4, event_handlers=None, ignore_user_meta=False, metas=['./colcon.meta'], base_paths=['.'], packages_ignore=None, packages_ignore_regex=None, paths=None, packages_up_to=None, packages_up_to_regex=None, packages_above=None, packages_above_and_dependencies=None, packages_above_depth=None, packages_select_by_dep=None, packages_skip_by_dep=None, packages_skip_up_to=None, packages_select_build_failed=False, packages_skip_build_finished=False, packages_select_test_failures=False, packages_skip_test_passed=False, packages_select=None, packages_skip=None, packages_select_regex=None, packages_skip_regex=None, packages_start=None, packages_end=None, allow_overriding=[], cmake_args=None, cmake_target=None, cmake_target_skip_unavailable=False, cmake_clean_cache=False, cmake_clean_first=False, cmake_force_configure=False, ament_cmake_args=None, catkin_cmake_args=None, catkin_skip_building_tests=False, verb_parser=<colcon_defaults.argument_parser.defaults.DefaultArgumentsDecorator object at 0x7f336e66a800>, verb_extension=<colcon_core.verb.build.BuildVerb object at 0x7f336efe3520>, main=<bound method BuildVerb.main of <colcon_core.verb.build.BuildVerb object at 0x7f336efe3520>>)
[0.383s] Level 1:colcon.colcon_core.package_discovery:discover_packages(colcon_meta) check parameters
[0.383s] Level 1:colcon.colcon_core.package_discovery:discover_packages(recursive) check parameters
[0.383s] Level 1:colcon.colcon_core.package_discovery:discover_packages(ignore) check parameters
[0.383s] Level 1:colcon.colcon_core.package_discovery:discover_packages(path) check parameters
[0.383s] Level 1:colcon.colcon_core.package_discovery:discover_packages(colcon_meta) discover
[0.383s] Level 1:colcon.colcon_core.package_discovery:discover_packages(recursive) discover
[0.384s] INFO:colcon.colcon_core.package_discovery:Crawling recursively for packages in '/home/robot134/robotws'
[0.384s] Level 1:colcon.colcon_core.package_identification:_identify(.) by extensions ['ignore', 'ignore_ament_install']
[0.384s] Level 1:colcon.colcon_core.package_identification:_identify(.) by extension 'ignore'
[0.384s] Level 1:colcon.colcon_core.package_identification:_identify(.) by extension 'ignore_ament_install'
[0.384s] Level 1:colcon.colcon_core.package_identification:_identify(.) by extensions ['colcon_pkg']
[0.384s] Level 1:colcon.colcon_core.package_identification:_identify(.) by extension 'colcon_pkg'
[0.384s] Level 1:colcon.colcon_core.package_identification:_identify(.) by extensions ['colcon_meta']
[0.384s] Level 1:colcon.colcon_core.package_identification:_identify(.) by extension 'colcon_meta'
[0.384s] Level 1:colcon.colcon_core.package_identification:_identify(.) by extensions ['ros']
[0.384s] Level 1:colcon.colcon_core.package_identification:_identify(.) by extension 'ros'
[0.395s] Level 1:colcon.colcon_core.package_identification:_identify(.) by extensions ['cmake', 'python']
[0.395s] Level 1:colcon.colcon_core.package_identification:_identify(.) by extension 'cmake'
[0.396s] Level 1:colcon.colcon_core.package_identification:_identify(.) by extension 'python'
[0.396s] Level 1:colcon.colcon_core.package_identification:_identify(.) by extensions ['python_setup_py']
[0.396s] Level 1:colcon.colcon_core.package_identification:_identify(.) by extension 'python_setup_py'
[0.396s] Level 1:colcon.colcon_core.package_identification:_identify(build) by extensions ['ignore', 'ignore_ament_install']
[0.396s] Level 1:colcon.colcon_core.package_identification:_identify(build) by extension 'ignore'
[0.396s] Level 1:colcon.colcon_core.package_identification:_identify(build) ignored
[0.396s] Level 1:colcon.colcon_core.package_identification:_identify(install) by extensions ['ignore', 'ignore_ament_install']
[0.396s] Level 1:colcon.colcon_core.package_identification:_identify(install) by extension 'ignore'
[0.396s] Level 1:colcon.colcon_core.package_identification:_identify(install) ignored
[0.397s] Level 1:colcon.colcon_core.package_identification:_identify(log) by extensions ['ignore', 'ignore_ament_install']
[0.397s] Level 1:colcon.colcon_core.package_identification:_identify(log) by extension 'ignore'
[0.397s] Level 1:colcon.colcon_core.package_identification:_identify(log) ignored
[0.397s] Level 1:colcon.colcon_core.package_identification:_identify(src) by extensions ['ignore', 'ignore_ament_install']
[0.397s] Level 1:colcon.colcon_core.package_identification:_identify(src) by extension 'ignore'
[0.397s] Level 1:colcon.colcon_core.package_identification:_identify(src) by extension 'ignore_ament_install'
[0.397s] Level 1:colcon.colcon_core.package_identification:_identify(src) by extensions ['colcon_pkg']
[0.397s] Level 1:colcon.colcon_core.package_identification:_identify(src) by extension 'colcon_pkg'
[0.397s] Level 1:colcon.colcon_core.package_identification:_identify(src) by extensions ['colcon_meta']
[0.397s] Level 1:colcon.colcon_core.package_identification:_identify(src) by extension 'colcon_meta'
[0.397s] Level 1:colcon.colcon_core.package_identification:_identify(src) by extensions ['ros']
[0.397s] Level 1:colcon.colcon_core.package_identification:_identify(src) by extension 'ros'
[0.398s] Level 1:colcon.colcon_core.package_identification:_identify(src) by extensions ['cmake', 'python']
[0.398s] Level 1:colcon.colcon_core.package_identification:_identify(src) by extension 'cmake'
[0.398s] Level 1:colcon.colcon_core.package_identification:_identify(src) by extension 'python'
[0.398s] Level 1:colcon.colcon_core.package_identification:_identify(src) by extensions ['python_setup_py']
[0.398s] Level 1:colcon.colcon_core.package_identification:_identify(src) by extension 'python_setup_py'
[0.398s] Level 1:colcon.colcon_core.package_identification:_identify(src/basic134) by extensions ['ignore', 'ignore_ament_install']
[0.398s] Level 1:colcon.colcon_core.package_identification:_identify(src/basic134) by extension 'ignore'
[0.398s] Level 1:colcon.colcon_core.package_identification:_identify(src/basic134) by extension 'ignore_ament_install'
[0.398s] Level 1:colcon.colcon_core.package_identification:_identify(src/basic134) by extensions ['colcon_pkg']
[0.398s] Level 1:colcon.colcon_core.package_identification:_identify(src/basic134) by extension 'colcon_pkg'
[0.398s] Level 1:colcon.colcon_core.package_identification:_identify(src/basic134) by extensions ['colcon_meta']
[0.398s] Level 1:colcon.colcon_core.package_identification:_identify(src/basic134) by extension 'colcon_meta'
[0.398s] Level 1:colcon.colcon_core.package_identification:_identify(src/basic134) by extensions ['ros']
[0.398s] Level 1:colcon.colcon_core.package_identification:_identify(src/basic134) by extension 'ros'
[0.401s] DEBUG:colcon.colcon_core.package_identification:Package 'src/basic134' with type 'ros.ament_python' and name 'basic134'
[0.402s] Level 1:colcon.colcon_core.package_identification:_identify(src/build) by extensions ['ignore', 'ignore_ament_install']
[0.404s] Level 1:colcon.colcon_core.package_identification:_identify(src/build) by extension 'ignore'
[0.405s] Level 1:colcon.colcon_core.package_identification:_identify(src/build) ignored
[0.405s] Level 1:colcon.colcon_core.package_identification:_identify(src/contact-bag) by extensions ['ignore', 'ignore_ament_install']
[0.405s] Level 1:colcon.colcon_core.package_identification:_identify(src/contact-bag) by extension 'ignore'
[0.405s] Level 1:colcon.colcon_core.package_identification:_identify(src/contact-bag) by extension 'ignore_ament_install'
[0.406s] Level 1:colcon.colcon_core.package_identification:_identify(src/contact-bag) by extensions ['colcon_pkg']
[0.406s] Level 1:colcon.colcon_core.package_identification:_identify(src/contact-bag) by extension 'colcon_pkg'
[0.406s] Level 1:colcon.colcon_core.package_identification:_identify(src/contact-bag) by extensions ['colcon_meta']
[0.406s] Level 1:colcon.colcon_core.package_identification:_identify(src/contact-bag) by extension 'colcon_meta'
[0.406s] Level 1:colcon.colcon_core.package_identification:_identify(src/contact-bag) by extensions ['ros']
[0.406s] Level 1:colcon.colcon_core.package_identification:_identify(src/contact-bag) by extension 'ros'
[0.406s] Level 1:colcon.colcon_core.package_identification:_identify(src/contact-bag) by extensions ['cmake', 'python']
[0.406s] Level 1:colcon.colcon_core.package_identification:_identify(src/contact-bag) by extension 'cmake'
[0.406s] Level 1:colcon.colcon_core.package_identification:_identify(src/contact-bag) by extension 'python'
[0.406s] Level 1:colcon.colcon_core.package_identification:_identify(src/contact-bag) by extensions ['python_setup_py']
[0.406s] Level 1:colcon.colcon_core.package_identification:_identify(src/contact-bag) by extension 'python_setup_py'
[0.406s] Level 1:colcon.colcon_core.package_identification:_identify(src/demo134) by extensions ['ignore', 'ignore_ament_install']
[0.406s] Level 1:colcon.colcon_core.package_identification:_identify(src/demo134) by extension 'ignore'
[0.406s] Level 1:colcon.colcon_core.package_identification:_identify(src/demo134) ignored
[0.407s] Level 1:colcon.colcon_core.package_identification:_identify(src/detectors) by extensions ['ignore', 'ignore_ament_install']
[0.407s] Level 1:colcon.colcon_core.package_identification:_identify(src/detectors) by extension 'ignore'
[0.407s] Level 1:colcon.colcon_core.package_identification:_identify(src/detectors) by extension 'ignore_ament_install'
[0.407s] Level 1:colcon.colcon_core.package_identification:_identify(src/detectors) by extensions ['colcon_pkg']
[0.407s] Level 1:colcon.colcon_core.package_identification:_identify(src/detectors) by extension 'colcon_pkg'
[0.407s] Level 1:colcon.colcon_core.package_identification:_identify(src/detectors) by extensions ['colcon_meta']
[0.407s] Level 1:colcon.colcon_core.package_identification:_identify(src/detectors) by extension 'colcon_meta'
[0.407s] Level 1:colcon.colcon_core.package_identification:_identify(src/detectors) by extensions ['ros']
[0.407s] Level 1:colcon.colcon_core.package_identification:_identify(src/detectors) by extension 'ros'
[0.409s] DEBUG:colcon.colcon_core.package_identification:Package 'src/detectors' with type 'ros.ament_python' and name 'detectors'
[0.409s] Level 1:colcon.colcon_core.package_identification:_identify(src/hebiros) by extensions ['ignore', 'ignore_ament_install']
[0.409s] Level 1:colcon.colcon_core.package_identification:_identify(src/hebiros) by extension 'ignore'
[0.409s] Level 1:colcon.colcon_core.package_identification:_identify(src/hebiros) by extension 'ignore_ament_install'
[0.409s] Level 1:colcon.colcon_core.package_identification:_identify(src/hebiros) by extensions ['colcon_pkg']
[0.409s] Level 1:colcon.colcon_core.package_identification:_identify(src/hebiros) by extension 'colcon_pkg'
[0.409s] Level 1:colcon.colcon_core.package_identification:_identify(src/hebiros) by extensions ['colcon_meta']
[0.410s] Level 1:colcon.colcon_core.package_identification:_identify(src/hebiros) by extension 'colcon_meta'
[0.410s] Level 1:colcon.colcon_core.package_identification:_identify(src/hebiros) by extensions ['ros']
[0.410s] Level 1:colcon.colcon_core.package_identification:_identify(src/hebiros) by extension 'ros'
[0.411s] DEBUG:colcon.colcon_core.package_identification:Package 'src/hebiros' with type 'ros.ament_python' and name 'hebiros'
[0.411s] Level 1:colcon.colcon_core.package_identification:_identify(src/install) by extensions ['ignore', 'ignore_ament_install']
[0.411s] Level 1:colcon.colcon_core.package_identification:_identify(src/install) by extension 'ignore'
[0.411s] Level 1:colcon.colcon_core.package_identification:_identify(src/install) ignored
[0.411s] Level 1:colcon.colcon_core.package_identification:_identify(src/log) by extensions ['ignore', 'ignore_ament_install']
[0.412s] Level 1:colcon.colcon_core.package_identification:_identify(src/log) by extension 'ignore'
[0.412s] Level 1:colcon.colcon_core.package_identification:_identify(src/log) ignored
[0.412s] Level 1:colcon.colcon_core.package_identification:_identify(src/operation) by extensions ['ignore', 'ignore_ament_install']
[0.412s] Level 1:colcon.colcon_core.package_identification:_identify(src/operation) by extension 'ignore'
[0.412s] Level 1:colcon.colcon_core.package_identification:_identify(src/operation) by extension 'ignore_ament_install'
[0.412s] Level 1:colcon.colcon_core.package_identification:_identify(src/operation) by extensions ['colcon_pkg']
[0.412s] Level 1:colcon.colcon_core.package_identification:_identify(src/operation) by extension 'colcon_pkg'
[0.412s] Level 1:colcon.colcon_core.package_identification:_identify(src/operation) by extensions ['colcon_meta']
[0.412s] Level 1:colcon.colcon_core.package_identification:_identify(src/operation) by extension 'colcon_meta'
[0.412s] Level 1:colcon.colcon_core.package_identification:_identify(src/operation) by extensions ['ros']
[0.412s] Level 1:colcon.colcon_core.package_identification:_identify(src/operation) by extension 'ros'
[0.414s] DEBUG:colcon.colcon_core.package_identification:Package 'src/operation' with type 'ros.ament_python' and name 'operation'
[0.414s] Level 1:colcon.colcon_core.package_discovery:discover_packages(recursive) using defaults
[0.414s] Level 1:colcon.colcon_core.package_discovery:discover_packages(ignore) discover
[0.414s] Level 1:colcon.colcon_core.package_discovery:discover_packages(ignore) using defaults
[0.414s] Level 1:colcon.colcon_core.package_discovery:discover_packages(path) discover
[0.414s] Level 1:colcon.colcon_core.package_discovery:discover_packages(path) using defaults
[0.443s] Level 1:colcon.colcon_core.package_discovery:discover_packages(prefix_path) check parameters
[0.443s] Level 1:colcon.colcon_core.package_discovery:discover_packages(prefix_path) discover
[0.448s] DEBUG:colcon.colcon_installed_package_information.package_discovery:Found 4 installed packages in /home/robot134/robotws/install
[0.449s] DEBUG:colcon.colcon_installed_package_information.package_discovery:Found 39 installed packages in /home/robot134/microros_ws/install
[0.451s] DEBUG:colcon.colcon_installed_package_information.package_discovery:Found 4 installed packages in /home/robot134/robotws/src/install
[0.453s] DEBUG:colcon.colcon_installed_package_information.package_discovery:Found 411 installed packages in /opt/ros/humble
[0.456s] Level 1:colcon.colcon_core.package_discovery:discover_packages(prefix_path) using defaults
[0.535s] Level 5:colcon.colcon_core.verb:set package 'basic134' build argument 'cmake_args' from command line to 'None'
[0.535s] Level 5:colcon.colcon_core.verb:set package 'basic134' build argument 'cmake_target' from command line to 'None'
[0.535s] Level 5:colcon.colcon_core.verb:set package 'basic134' build argument 'cmake_target_skip_unavailable' from command line to 'False'
[0.535s] Level 5:colcon.colcon_core.verb:set package 'basic134' build argument 'cmake_clean_cache' from command line to 'False'
[0.535s] Level 5:colcon.colcon_core.verb:set package 'basic134' build argument 'cmake_clean_first' from command line to 'False'
[0.535s] Level 5:colcon.colcon_core.verb:set package 'basic134' build argument 'cmake_force_configure' from command line to 'False'
[0.535s] Level 5:colcon.colcon_core.verb:set package 'basic134' build argument 'ament_cmake_args' from command line to 'None'
[0.535s] Level 5:colcon.colcon_core.verb:set package 'basic134' build argument 'catkin_cmake_args' from command line to 'None'
[0.535s] Level 5:colcon.colcon_core.verb:set package 'basic134' build argument 'catkin_skip_building_tests' from command line to 'False'
[0.535s] DEBUG:colcon.colcon_core.verb:Building package 'basic134' with the following arguments: {'ament_cmake_args': None, 'build_base': '/home/robot134/robotws/build/basic134', 'catkin_cmake_args': None, 'catkin_skip_building_tests': False, 'cmake_args': None, 'cmake_clean_cache': False, 'cmake_clean_first': False, 'cmake_force_configure': False, 'cmake_target': None, 'cmake_target_skip_unavailable': False, 'install_base': '/home/robot134/robotws/install/basic134', 'merge_install': False, 'path': '/home/robot134/robotws/src/basic134', 'symlink_install': True, 'test_result_base': None}
[0.537s] Level 5:colcon.colcon_core.verb:set package 'detectors' build argument 'cmake_args' from command line to 'None'
[0.537s] Level 5:colcon.colcon_core.verb:set package 'detectors' build argument 'cmake_target' from command line to 'None'
[0.537s] Level 5:colcon.colcon_core.verb:set package 'detectors' build argument 'cmake_target_skip_unavailable' from command line to 'False'
[0.537s] Level 5:colcon.colcon_core.verb:set package 'detectors' build argument 'cmake_clean_cache' from command line to 'False'
[0.537s] Level 5:colcon.colcon_core.verb:set package 'detectors' build argument 'cmake_clean_first' from command line to 'False'
[0.538s] Level 5:colcon.colcon_core.verb:set package 'detectors' build argument 'cmake_force_configure' from command line to 'False'
[0.538s] Level 5:colcon.colcon_core.verb:set package 'detectors' build argument 'ament_cmake_args' from command line to 'None'
[0.538s] Level 5:colcon.colcon_core.verb:set package 'detectors' build argument 'catkin_cmake_args' from command line to 'None'
[0.538s] Level 5:colcon.colcon_core.verb:set package 'detectors' build argument 'catkin_skip_building_tests' from command line to 'False'
[0.538s] DEBUG:colcon.colcon_core.verb:Building package 'detectors' with the following arguments: {'ament_cmake_args': None, 'build_base': '/home/robot134/robotws/build/detectors', 'catkin_cmake_args': None, 'catkin_skip_building_tests': False, 'cmake_args': None, 'cmake_clean_cache': False, 'cmake_clean_first': False, 'cmake_force_configure': False, 'cmake_target': None, 'cmake_target_skip_unavailable': False, 'install_base': '/home/robot134/robotws/install/detectors', 'merge_install': False, 'path': '/home/robot134/robotws/src/detectors', 'symlink_install': True, 'test_result_base': None}
[0.539s] Level 5:colcon.colcon_core.verb:set package 'hebiros' build argument 'cmake_args' from command line to 'None'
[0.539s] Level 5:colcon.colcon_core.verb:set package 'hebiros' build argument 'cmake_target' from command line to 'None'
[0.540s] Level 5:colcon.colcon_core.verb:set package 'hebiros' build argument 'cmake_target_skip_unavailable' from command line to 'False'
[0.540s] Level 5:colcon.colcon_core.verb:set package 'hebiros' build argument 'cmake_clean_cache' from command line to 'False'
[0.540s] Level 5:colcon.colcon_core.verb:set package 'hebiros' build argument 'cmake_clean_first' from command line to 'False'
[0.540s] Level 5:colcon.colcon_core.verb:set package 'hebiros' build argument 'cmake_force_configure' from command line to 'False'
[0.540s] Level 5:colcon.colcon_core.verb:set package 'hebiros' build argument 'ament_cmake_args' from command line to 'None'
[0.540s] Level 5:colcon.colcon_core.verb:set package 'hebiros' build argument 'catkin_cmake_args' from command line to 'None'
[0.540s] Level 5:colcon.colcon_core.verb:set package 'hebiros' build argument 'catkin_skip_building_tests' from command line to 'False'
[0.540s] DEBUG:colcon.colcon_core.verb:Building package 'hebiros' with the following arguments: {'ament_cmake_args': None, 'build_base': '/home/robot134/robotws/build/hebiros', 'catkin_cmake_args': None, 'catkin_skip_building_tests': False, 'cmake_args': None, 'cmake_clean_cache': False, 'cmake_clean_first': False, 'cmake_force_configure': False, 'cmake_target': None, 'cmake_target_skip_unavailable': False, 'install_base': '/home/robot134/robotws/install/hebiros', 'merge_install': False, 'path': '/home/robot134/robotws/src/hebiros', 'symlink_install': True, 'test_result_base': None}
[0.541s] Level 5:colcon.colcon_core.verb:set package 'operation' build argument 'cmake_args' from command line to 'None'
[0.541s] Level 5:colcon.colcon_core.verb:set package 'operation' build argument 'cmake_target' from command line to 'None'
[0.541s] Level 5:colcon.colcon_core.verb:set package 'operation' build argument 'cmake_target_skip_unavailable' from command line to 'False'
[0.541s] Level 5:colcon.colcon_core.verb:set package 'operation' build argument 'cmake_clean_cache' from command line to 'False'
[0.541s] Level 5:colcon.colcon_core.verb:set package 'operation' build argument 'cmake_clean_first' from command line to 'False'
[0.541s] Level 5:colcon.colcon_core.verb:set package 'operation' build argument 'cmake_force_configure' from command line to 'False'
[0.541s] Level 5:colcon.colcon_core.verb:set package 'operation' build argument 'ament_cmake_args' from command line to 'None'
[0.541s] Level 5:colcon.colcon_core.verb:set package 'operation' build argument 'catkin_cmake_args' from command line to 'None'
[0.541s] Level 5:colcon.colcon_core.verb:set package 'operation' build argument 'catkin_skip_building_tests' from command line to 'False'
[0.541s] DEBUG:colcon.colcon_core.verb:Building package 'operation' with the following arguments: {'ament_cmake_args': None, 'build_base': '/home/robot134/robotws/build/operation', 'catkin_cmake_args': None, 'catkin_skip_building_tests': False, 'cmake_args': None, 'cmake_clean_cache': False, 'cmake_clean_first': False, 'cmake_force_configure': False, 'cmake_target': None, 'cmake_target_skip_unavailable': False, 'install_base': '/home/robot134/robotws/install/operation', 'merge_install': False, 'path': '/home/robot134/robotws/src/operation', 'symlink_install': True, 'test_result_base': None}
[0.542s] INFO:colcon.colcon_core.executor:Executing jobs using 'parallel' executor
[0.546s] DEBUG:colcon.colcon_parallel_executor.executor.parallel:run_until_complete
[0.546s] INFO:colcon.colcon_ros.task.ament_python.build:Building ROS package in '/home/robot134/robotws/src/basic134' with build type 'ament_python'
[0.546s] Level 1:colcon.colcon_core.shell:create_environment_hook('basic134', 'ament_prefix_path')
[0.551s] INFO:colcon.colcon_core.plugin_system:Skipping extension 'colcon_core.shell.bat': Not used on non-Windows systems
[0.552s] INFO:colcon.colcon_core.shell:Creating environment hook '/home/robot134/robotws/install/basic134/share/basic134/hook/ament_prefix_path.ps1'
[0.552s] INFO:colcon.colcon_core.shell:Creating environment descriptor '/home/robot134/robotws/install/basic134/share/basic134/hook/ament_prefix_path.dsv'
[0.553s] INFO:colcon.colcon_core.shell:Creating environment hook '/home/robot134/robotws/install/basic134/share/basic134/hook/ament_prefix_path.sh'
[0.555s] INFO:colcon.colcon_core.shell:Skip shell extension 'powershell' for command environment: Not usable outside of PowerShell
[0.555s] DEBUG:colcon.colcon_core.shell:Skip shell extension 'dsv' for command environment
[0.565s] INFO:colcon.colcon_ros.task.ament_python.build:Building ROS package in '/home/robot134/robotws/src/detectors' with build type 'ament_python'
[0.565s] Level 1:colcon.colcon_core.shell:create_environment_hook('detectors', 'ament_prefix_path')
[0.566s] INFO:colcon.colcon_core.shell:Creating environment hook '/home/robot134/robotws/install/detectors/share/detectors/hook/ament_prefix_path.ps1'
[0.566s] INFO:colcon.colcon_core.shell:Creating environment descriptor '/home/robot134/robotws/install/detectors/share/detectors/hook/ament_prefix_path.dsv'
[0.567s] INFO:colcon.colcon_core.shell:Creating environment hook '/home/robot134/robotws/install/detectors/share/detectors/hook/ament_prefix_path.sh'
[0.568s] INFO:colcon.colcon_core.shell:Skip shell extension 'powershell' for command environment: Not usable outside of PowerShell
[0.568s] DEBUG:colcon.colcon_core.shell:Skip shell extension 'dsv' for command environment
[0.580s] INFO:colcon.colcon_ros.task.ament_python.build:Building ROS package in '/home/robot134/robotws/src/hebiros' with build type 'ament_python'
[0.581s] Level 1:colcon.colcon_core.shell:create_environment_hook('hebiros', 'ament_prefix_path')
[0.584s] INFO:colcon.colcon_core.shell:Creating environment hook '/home/robot134/robotws/install/hebiros/share/hebiros/hook/ament_prefix_path.ps1'
[0.585s] INFO:colcon.colcon_core.shell:Creating environment descriptor '/home/robot134/robotws/install/hebiros/share/hebiros/hook/ament_prefix_path.dsv'
[0.586s] INFO:colcon.colcon_core.shell:Creating environment hook '/home/robot134/robotws/install/hebiros/share/hebiros/hook/ament_prefix_path.sh'
[0.588s] INFO:colcon.colcon_core.shell:Skip shell extension 'powershell' for command environment: Not usable outside of PowerShell
[0.588s] DEBUG:colcon.colcon_core.shell:Skip shell extension 'dsv' for command environment
[0.599s] INFO:colcon.colcon_ros.task.ament_python.build:Building ROS package in '/home/robot134/robotws/src/operation' with build type 'ament_python'
[0.599s] Level 1:colcon.colcon_core.shell:create_environment_hook('operation', 'ament_prefix_path')
[0.602s] INFO:colcon.colcon_core.shell:Creating environment hook '/home/robot134/robotws/install/operation/share/operation/hook/ament_prefix_path.ps1'
[0.602s] INFO:colcon.colcon_core.shell:Creating environment descriptor '/home/robot134/robotws/install/operation/share/operation/hook/ament_prefix_path.dsv'
[0.603s] INFO:colcon.colcon_core.shell:Creating environment hook '/home/robot134/robotws/install/operation/share/operation/hook/ament_prefix_path.sh'
[0.605s] INFO:colcon.colcon_core.shell:Skip shell extension 'powershell' for command environment: Not usable outside of PowerShell
[0.605s] DEBUG:colcon.colcon_core.shell:Skip shell extension 'dsv' for command environment
[0.927s] INFO:colcon.colcon_core.task.python.build:Building Python package in '/home/robot134/robotws/src/basic134'
[0.929s] INFO:colcon.colcon_core.shell:Skip shell extension 'powershell' for command environment: Not usable outside of PowerShell
[0.929s] DEBUG:colcon.colcon_core.shell:Skip shell extension 'dsv' for command environment
[1.235s] INFO:colcon.colcon_core.task.python.build:Building Python package in '/home/robot134/robotws/src/detectors'
[1.236s] INFO:colcon.colcon_core.shell:Skip shell extension 'powershell' for command environment: Not usable outside of PowerShell
[1.236s] DEBUG:colcon.colcon_core.shell:Skip shell extension 'dsv' for command environment
[1.543s] INFO:colcon.colcon_core.task.python.build:Building Python package in '/home/robot134/robotws/src/hebiros'
[1.545s] INFO:colcon.colcon_core.shell:Skip shell extension 'powershell' for command environment: Not usable outside of PowerShell
[1.545s] DEBUG:colcon.colcon_core.shell:Skip shell extension 'dsv' for command environment
[1.848s] INFO:colcon.colcon_core.task.python.build:Building Python package in '/home/robot134/robotws/src/operation'
[1.849s] INFO:colcon.colcon_core.shell:Skip shell extension 'powershell' for command environment: Not usable outside of PowerShell
[1.849s] DEBUG:colcon.colcon_core.shell:Skip shell extension 'dsv' for command environment
[2.560s] DEBUG:colcon.colcon_core.event_handler.log_command:Invoking command in '/home/robot134/robotws/build/basic134': PYTHONPATH=/home/robot134/robotws/build/basic134/prefix_override:/home/robot134/robotws/install/basic134/lib/python3.10/site-packages:${PYTHONPATH} /usr/bin/python3 setup.py develop --editable --build-directory /home/robot134/robotws/build/basic134/build --no-deps install_data
[2.570s] DEBUG:colcon.colcon_core.event_handler.log_command:Invoking command in '/home/robot134/robotws/build/operation': PYTHONPATH=/home/robot134/robotws/build/operation/prefix_override:/home/robot134/robotws/install/operation/lib/python3.10/site-packages:${PYTHONPATH} /usr/bin/python3 setup.py develop --editable --build-directory /home/robot134/robotws/build/operation/build --no-deps install_data
[2.577s] DEBUG:colcon.colcon_core.event_handler.log_command:Invoking command in '/home/robot134/robotws/build/hebiros': PYTHONPATH=/home/robot134/robotws/build/hebiros/prefix_override:/home/robot134/robotws/install/hebiros/lib/python3.10/site-packages:${PYTHONPATH} /usr/bin/python3 setup.py develop --editable --build-directory /home/robot134/robotws/build/hebiros/build --no-deps install_data
[2.630s] DEBUG:colcon.colcon_core.event_handler.log_command:Invoking command in '/home/robot134/robotws/build/detectors': PYTHONPATH=/home/robot134/robotws/build/detectors/prefix_override:/home/robot134/robotws/install/detectors/lib/python3.10/site-packages:${PYTHONPATH} /usr/bin/python3 setup.py develop --editable --build-directory /home/robot134/robotws/build/detectors/build --no-deps install_data
[3.481s] Level 1:colcon.colcon_core.shell:create_environment_hook('basic134', 'pythonpath_develop')
[3.484s] INFO:colcon.colcon_core.shell:Creating environment hook '/home/robot134/robotws/build/basic134/share/basic134/hook/pythonpath_develop.ps1'
[3.485s] INFO:colcon.colcon_core.shell:Creating environment descriptor '/home/robot134/robotws/build/basic134/share/basic134/hook/pythonpath_develop.dsv'
[3.484s] DEBUG:colcon.colcon_core.event_handler.log_command:Invoked command in '/home/robot134/robotws/build/basic134' returned '0': PYTHONPATH=/home/robot134/robotws/build/basic134/prefix_override:/home/robot134/robotws/install/basic134/lib/python3.10/site-packages:${PYTHONPATH} /usr/bin/python3 setup.py develop --editable --build-directory /home/robot134/robotws/build/basic134/build --no-deps install_data
[3.485s] INFO:colcon.colcon_core.shell:Creating environment hook '/home/robot134/robotws/build/basic134/share/basic134/hook/pythonpath_develop.sh'
[3.497s] Level 1:colcon.colcon_core.environment:checking '/home/robot134/robotws/install/basic134' for CMake module files
[3.498s] Level 1:colcon.colcon_core.environment:checking '/home/robot134/robotws/install/basic134' for CMake config files
[3.499s] Level 1:colcon.colcon_core.environment:checking '/home/robot134/robotws/install/basic134/lib'
[3.500s] Level 1:colcon.colcon_core.environment:checking '/home/robot134/robotws/install/basic134/bin'
[3.500s] Level 1:colcon.colcon_core.environment:checking '/home/robot134/robotws/install/basic134/lib/pkgconfig/basic134.pc'
[3.501s] Level 1:colcon.colcon_core.environment:checking '/home/robot134/robotws/install/basic134/lib/python3.10/site-packages'
[3.501s] Level 1:colcon.colcon_core.shell:create_environment_hook('basic134', 'pythonpath')
[3.504s] INFO:colcon.colcon_core.shell:Creating environment hook '/home/robot134/robotws/install/basic134/share/basic134/hook/pythonpath.ps1'
[3.507s] INFO:colcon.colcon_core.shell:Creating environment descriptor '/home/robot134/robotws/install/basic134/share/basic134/hook/pythonpath.dsv'
[3.507s] INFO:colcon.colcon_core.shell:Creating environment hook '/home/robot134/robotws/install/basic134/share/basic134/hook/pythonpath.sh'
[3.508s] Level 1:colcon.colcon_core.environment:checking '/home/robot134/robotws/install/basic134/bin'
[3.508s] Level 1:colcon.colcon_core.environment:create_environment_scripts_only(basic134)
[3.512s] INFO:colcon.colcon_core.shell:Creating package script '/home/robot134/robotws/install/basic134/share/basic134/package.ps1'
[3.513s] INFO:colcon.colcon_core.shell:Creating package descriptor '/home/robot134/robotws/install/basic134/share/basic134/package.dsv'
[3.514s] INFO:colcon.colcon_core.shell:Creating package script '/home/robot134/robotws/install/basic134/share/basic134/package.sh'
[3.515s] INFO:colcon.colcon_core.shell:Creating package script '/home/robot134/robotws/install/basic134/share/basic134/package.bash'
[3.516s] INFO:colcon.colcon_core.shell:Creating package script '/home/robot134/robotws/install/basic134/share/basic134/package.zsh'
[3.518s] Level 1:colcon.colcon_core.environment:create_file_with_runtime_dependencies(/home/robot134/robotws/install/basic134/share/colcon-core/packages/basic134)
[3.539s] Level 1:colcon.colcon_core.shell:create_environment_hook('operation', 'pythonpath_develop')
[3.541s] INFO:colcon.colcon_core.shell:Creating environment hook '/home/robot134/robotws/build/operation/share/operation/hook/pythonpath_develop.ps1'
[3.541s] DEBUG:colcon.colcon_core.event_handler.log_command:Invoked command in '/home/robot134/robotws/build/operation' returned '0': PYTHONPATH=/home/robot134/robotws/build/operation/prefix_override:/home/robot134/robotws/install/operation/lib/python3.10/site-packages:${PYTHONPATH} /usr/bin/python3 setup.py develop --editable --build-directory /home/robot134/robotws/build/operation/build --no-deps install_data
[3.542s] INFO:colcon.colcon_core.shell:Creating environment descriptor '/home/robot134/robotws/build/operation/share/operation/hook/pythonpath_develop.dsv'
[3.542s] INFO:colcon.colcon_core.shell:Creating environment hook '/home/robot134/robotws/build/operation/share/operation/hook/pythonpath_develop.sh'
[3.546s] Level 1:colcon.colcon_core.environment:checking '/home/robot134/robotws/install/operation' for CMake module files
[3.547s] Level 1:colcon.colcon_core.environment:checking '/home/robot134/robotws/install/operation' for CMake config files
[3.550s] Level 1:colcon.colcon_core.environment:checking '/home/robot134/robotws/install/operation/lib'
[3.550s] Level 1:colcon.colcon_core.environment:checking '/home/robot134/robotws/install/operation/bin'
[3.550s] Level 1:colcon.colcon_core.environment:checking '/home/robot134/robotws/install/operation/lib/pkgconfig/operation.pc'
[3.551s] Level 1:colcon.colcon_core.environment:checking '/home/robot134/robotws/install/operation/lib/python3.10/site-packages'
[3.551s] Level 1:colcon.colcon_core.shell:create_environment_hook('operation', 'pythonpath')
[3.553s] INFO:colcon.colcon_core.shell:Creating environment hook '/home/robot134/robotws/install/operation/share/operation/hook/pythonpath.ps1'
[3.555s] INFO:colcon.colcon_core.shell:Creating environment descriptor '/home/robot134/robotws/install/operation/share/operation/hook/pythonpath.dsv'
[3.556s] INFO:colcon.colcon_core.shell:Creating environment hook '/home/robot134/robotws/install/operation/share/operation/hook/pythonpath.sh'
[3.558s] Level 1:colcon.colcon_core.environment:checking '/home/robot134/robotws/install/operation/bin'
[3.558s] Level 1:colcon.colcon_core.environment:create_environment_scripts_only(operation)
[3.561s] INFO:colcon.colcon_core.shell:Creating package script '/home/robot134/robotws/install/operation/share/operation/package.ps1'
[3.561s] INFO:colcon.colcon_core.shell:Creating package descriptor '/home/robot134/robotws/install/operation/share/operation/package.dsv'
[3.562s] INFO:colcon.colcon_core.shell:Creating package script '/home/robot134/robotws/install/operation/share/operation/package.sh'
[3.563s] INFO:colcon.colcon_core.shell:Creating package script '/home/robot134/robotws/install/operation/share/operation/package.bash'
[3.563s] INFO:colcon.colcon_core.shell:Creating package script '/home/robot134/robotws/install/operation/share/operation/package.zsh'
[3.564s] Level 1:colcon.colcon_core.environment:create_file_with_runtime_dependencies(/home/robot134/robotws/install/operation/share/colcon-core/packages/operation)
[3.592s] Level 1:colcon.colcon_core.shell:create_environment_hook('detectors', 'pythonpath_develop')
[3.595s] INFO:colcon.colcon_core.shell:Creating environment hook '/home/robot134/robotws/build/detectors/share/detectors/hook/pythonpath_develop.ps1'
[3.595s] DEBUG:colcon.colcon_core.event_handler.log_command:Invoked command in '/home/robot134/robotws/build/detectors' returned '0': PYTHONPATH=/home/robot134/robotws/build/detectors/prefix_override:/home/robot134/robotws/install/detectors/lib/python3.10/site-packages:${PYTHONPATH} /usr/bin/python3 setup.py develop --editable --build-directory /home/robot134/robotws/build/detectors/build --no-deps install_data
[3.596s] INFO:colcon.colcon_core.shell:Creating environment descriptor '/home/robot134/robotws/build/detectors/share/detectors/hook/pythonpath_develop.dsv'
[3.596s] INFO:colcon.colcon_core.shell:Creating environment hook '/home/robot134/robotws/build/detectors/share/detectors/hook/pythonpath_develop.sh'
[3.600s] Level 1:colcon.colcon_core.environment:checking '/home/robot134/robotws/install/detectors' for CMake module files
[3.600s] Level 1:colcon.colcon_core.environment:checking '/home/robot134/robotws/install/detectors' for CMake config files
[3.601s] Level 1:colcon.colcon_core.environment:checking '/home/robot134/robotws/install/detectors/lib'
[3.601s] Level 1:colcon.colcon_core.environment:checking '/home/robot134/robotws/install/detectors/bin'
[3.601s] Level 1:colcon.colcon_core.environment:checking '/home/robot134/robotws/install/detectors/lib/pkgconfig/detectors.pc'
[3.601s] Level 1:colcon.colcon_core.environment:checking '/home/robot134/robotws/install/detectors/lib/python3.10/site-packages'
[3.601s] Level 1:colcon.colcon_core.shell:create_environment_hook('detectors', 'pythonpath')
[3.604s] INFO:colcon.colcon_core.shell:Creating environment hook '/home/robot134/robotws/install/detectors/share/detectors/hook/pythonpath.ps1'
[3.605s] INFO:colcon.colcon_core.shell:Creating environment descriptor '/home/robot134/robotws/install/detectors/share/detectors/hook/pythonpath.dsv'
[3.606s] INFO:colcon.colcon_core.shell:Creating environment hook '/home/robot134/robotws/install/detectors/share/detectors/hook/pythonpath.sh'
[3.606s] Level 1:colcon.colcon_core.environment:checking '/home/robot134/robotws/install/detectors/bin'
[3.606s] Level 1:colcon.colcon_core.environment:create_environment_scripts_only(detectors)
[3.608s] INFO:colcon.colcon_core.shell:Creating package script '/home/robot134/robotws/install/detectors/share/detectors/package.ps1'
[3.608s] INFO:colcon.colcon_core.shell:Creating package descriptor '/home/robot134/robotws/install/detectors/share/detectors/package.dsv'
[3.609s] INFO:colcon.colcon_core.shell:Creating package script '/home/robot134/robotws/install/detectors/share/detectors/package.sh'
[3.609s] INFO:colcon.colcon_core.shell:Creating package script '/home/robot134/robotws/install/detectors/share/detectors/package.bash'
[3.610s] INFO:colcon.colcon_core.shell:Creating package script '/home/robot134/robotws/install/detectors/share/detectors/package.zsh'
[3.610s] Level 1:colcon.colcon_core.environment:create_file_with_runtime_dependencies(/home/robot134/robotws/install/detectors/share/colcon-core/packages/detectors)
[3.613s] Level 1:colcon.colcon_core.shell:create_environment_hook('hebiros', 'pythonpath_develop')
[3.615s] INFO:colcon.colcon_core.shell:Creating environment hook '/home/robot134/robotws/build/hebiros/share/hebiros/hook/pythonpath_develop.ps1'
[3.615s] DEBUG:colcon.colcon_core.event_handler.log_command:Invoked command in '/home/robot134/robotws/build/hebiros' returned '0': PYTHONPATH=/home/robot134/robotws/build/hebiros/prefix_override:/home/robot134/robotws/install/hebiros/lib/python3.10/site-packages:${PYTHONPATH} /usr/bin/python3 setup.py develop --editable --build-directory /home/robot134/robotws/build/hebiros/build --no-deps install_data
[3.616s] INFO:colcon.colcon_core.shell:Creating environment descriptor '/home/robot134/robotws/build/hebiros/share/hebiros/hook/pythonpath_develop.dsv'
[3.616s] INFO:colcon.colcon_core.shell:Creating environment hook '/home/robot134/robotws/build/hebiros/share/hebiros/hook/pythonpath_develop.sh'
[3.618s] Level 1:colcon.colcon_core.environment:checking '/home/robot134/robotws/install/hebiros' for CMake module files
[3.619s] Level 1:colcon.colcon_core.environment:checking '/home/robot134/robotws/install/hebiros' for CMake config files
[3.619s] Level 1:colcon.colcon_core.environment:checking '/home/robot134/robotws/install/hebiros/lib'
[3.619s] Level 1:colcon.colcon_core.environment:checking '/home/robot134/robotws/install/hebiros/bin'
[3.619s] Level 1:colcon.colcon_core.environment:checking '/home/robot134/robotws/install/hebiros/lib/pkgconfig/hebiros.pc'
[3.620s] Level 1:colcon.colcon_core.environment:checking '/home/robot134/robotws/install/hebiros/lib/python3.10/site-packages'
[3.620s] Level 1:colcon.colcon_core.shell:create_environment_hook('hebiros', 'pythonpath')
[3.622s] INFO:colcon.colcon_core.shell:Creating environment hook '/home/robot134/robotws/install/hebiros/share/hebiros/hook/pythonpath.ps1'
[3.623s] INFO:colcon.colcon_core.shell:Creating environment descriptor '/home/robot134/robotws/install/hebiros/share/hebiros/hook/pythonpath.dsv'
[3.624s] INFO:colcon.colcon_core.shell:Creating environment hook '/home/robot134/robotws/install/hebiros/share/hebiros/hook/pythonpath.sh'
[3.625s] Level 1:colcon.colcon_core.environment:checking '/home/robot134/robotws/install/hebiros/bin'
[3.625s] Level 1:colcon.colcon_core.environment:create_environment_scripts_only(hebiros)
[3.627s] INFO:colcon.colcon_core.shell:Creating package script '/home/robot134/robotws/install/hebiros/share/hebiros/package.ps1'
[3.628s] INFO:colcon.colcon_core.shell:Creating package descriptor '/home/robot134/robotws/install/hebiros/share/hebiros/package.dsv'
[3.629s] INFO:colcon.colcon_core.shell:Creating package script '/home/robot134/robotws/install/hebiros/share/hebiros/package.sh'
[3.629s] INFO:colcon.colcon_core.shell:Creating package script '/home/robot134/robotws/install/hebiros/share/hebiros/package.bash'
[3.630s] INFO:colcon.colcon_core.shell:Creating package script '/home/robot134/robotws/install/hebiros/share/hebiros/package.zsh'
[3.630s] Level 1:colcon.colcon_core.environment:create_file_with_runtime_dependencies(/home/robot134/robotws/install/hebiros/share/colcon-core/packages/hebiros)
[3.630s] DEBUG:colcon.colcon_parallel_executor.executor.parallel:closing loop
[3.631s] DEBUG:colcon.colcon_parallel_executor.executor.parallel:loop closed
[3.631s] DEBUG:colcon.colcon_parallel_executor.executor.parallel:run_until_complete finished with '0'
[3.631s] DEBUG:colcon.colcon_core.event_reactor:joining thread
[3.642s] INFO:colcon.colcon_core.plugin_system:Skipping extension 'colcon_notification.desktop_notification.terminal_notifier': Not used on non-Darwin systems
[3.642s] INFO:colcon.colcon_core.plugin_system:Skipping extension 'colcon_notification.desktop_notification.win32': Not used on non-Windows systems
[3.642s] INFO:colcon.colcon_notification.desktop_notification:Sending desktop notification using 'notify2'
[3.653s] DEBUG:colcon.colcon_core.event_reactor:joined thread
[3.654s] INFO:colcon.colcon_core.shell:Creating prefix script '/home/robot134/robotws/install/local_setup.ps1'
[3.655s] INFO:colcon.colcon_core.shell:Creating prefix util module '/home/robot134/robotws/install/_local_setup_util_ps1.py'
[3.656s] INFO:colcon.colcon_core.shell:Creating prefix chain script '/home/robot134/robotws/install/setup.ps1'
[3.660s] INFO:colcon.colcon_core.shell:Creating prefix script '/home/robot134/robotws/install/local_setup.sh'
[3.660s] INFO:colcon.colcon_core.shell:Creating prefix util module '/home/robot134/robotws/install/_local_setup_util_sh.py'
[3.661s] INFO:colcon.colcon_core.shell:Creating prefix chain script '/home/robot134/robotws/install/setup.sh'
[3.664s] INFO:colcon.colcon_core.shell:Creating prefix script '/home/robot134/robotws/install/local_setup.bash'
[3.664s] INFO:colcon.colcon_core.shell:Creating prefix chain script '/home/robot134/robotws/install/setup.bash'
[3.668s] INFO:colcon.colcon_core.shell:Creating prefix script '/home/robot134/robotws/install/local_setup.zsh'
[3.668s] INFO:colcon.colcon_core.shell:Creating prefix chain script '/home/robot134/robotws/install/setup.zsh'
