[0.379s] DEBUG:colcon:Command line arguments: ['/usr/bin/colcon', 'build', '--symlink-install']
[0.379s] DEBUG:colcon:Parsed command line arguments: Namespace(log_base=None, log_level=None, verb_name='build', build_base='build', install_base='install', merge_install=False, symlink_install=True, test_result_base=None, continue_on_error=False, executor='parallel', parallel_workers=4, event_handlers=None, ignore_user_meta=False, metas=['./colcon.meta'], base_paths=['.'], packages_ignore=None, packages_ignore_regex=None, paths=None, packages_up_to=None, packages_up_to_regex=None, packages_above=None, packages_above_and_dependencies=None, packages_above_depth=None, packages_select_by_dep=None, packages_skip_by_dep=None, packages_skip_up_to=None, packages_select_build_failed=False, packages_skip_build_finished=False, packages_select_test_failures=False, packages_skip_test_passed=False, packages_select=None, packages_skip=None, packages_select_regex=None, packages_skip_regex=None, packages_start=None, packages_end=None, allow_overriding=[], cmake_args=None, cmake_target=None, cmake_target_skip_unavailable=False, cmake_clean_cache=False, cmake_clean_first=False, cmake_force_configure=False, ament_cmake_args=None, catkin_cmake_args=None, catkin_skip_building_tests=False, verb_parser=<colcon_defaults.argument_parser.defaults.DefaultArgumentsDecorator object at 0x7f5c5ac56710>, verb_extension=<colcon_core.verb.build.BuildVerb object at 0x7f5c5b612da0>, main=<bound method BuildVerb.main of <colcon_core.verb.build.BuildVerb object at 0x7f5c5b612da0>>)
[0.411s] Level 1:colcon.colcon_core.package_discovery:discover_packages(colcon_meta) check parameters
[0.411s] Level 1:colcon.colcon_core.package_discovery:discover_packages(recursive) check parameters
[0.412s] Level 1:colcon.colcon_core.package_discovery:discover_packages(ignore) check parameters
[0.412s] Level 1:colcon.colcon_core.package_discovery:discover_packages(path) check parameters
[0.412s] Level 1:colcon.colcon_core.package_discovery:discover_packages(colcon_meta) discover
[0.412s] Level 1:colcon.colcon_core.package_discovery:discover_packages(recursive) discover
[0.412s] INFO:colcon.colcon_core.package_discovery:Crawling recursively for packages in '/home/robot134/robotws'
[0.412s] Level 1:colcon.colcon_core.package_identification:_identify(.) by extensions ['ignore', 'ignore_ament_install']
[0.412s] Level 1:colcon.colcon_core.package_identification:_identify(.) by extension 'ignore'
[0.412s] Level 1:colcon.colcon_core.package_identification:_identify(.) by extension 'ignore_ament_install'
[0.412s] Level 1:colcon.colcon_core.package_identification:_identify(.) by extensions ['colcon_pkg']
[0.412s] Level 1:colcon.colcon_core.package_identification:_identify(.) by extension 'colcon_pkg'
[0.413s] Level 1:colcon.colcon_core.package_identification:_identify(.) by extensions ['colcon_meta']
[0.413s] Level 1:colcon.colcon_core.package_identification:_identify(.) by extension 'colcon_meta'
[0.413s] Level 1:colcon.colcon_core.package_identification:_identify(.) by extensions ['ros']
[0.413s] Level 1:colcon.colcon_core.package_identification:_identify(.) by extension 'ros'
[0.425s] Level 1:colcon.colcon_core.package_identification:_identify(.) by extensions ['cmake', 'python']
[0.425s] Level 1:colcon.colcon_core.package_identification:_identify(.) by extension 'cmake'
[0.425s] Level 1:colcon.colcon_core.package_identification:_identify(.) by extension 'python'
[0.425s] Level 1:colcon.colcon_core.package_identification:_identify(.) by extensions ['python_setup_py']
[0.426s] Level 1:colcon.colcon_core.package_identification:_identify(.) by extension 'python_setup_py'
[0.426s] Level 1:colcon.colcon_core.package_identification:_identify(build) by extensions ['ignore', 'ignore_ament_install']
[0.426s] Level 1:colcon.colcon_core.package_identification:_identify(build) by extension 'ignore'
[0.426s] Level 1:colcon.colcon_core.package_identification:_identify(build) ignored
[0.426s] Level 1:colcon.colcon_core.package_identification:_identify(install) by extensions ['ignore', 'ignore_ament_install']
[0.426s] Level 1:colcon.colcon_core.package_identification:_identify(install) by extension 'ignore'
[0.426s] Level 1:colcon.colcon_core.package_identification:_identify(install) ignored
[0.426s] Level 1:colcon.colcon_core.package_identification:_identify(log) by extensions ['ignore', 'ignore_ament_install']
[0.427s] Level 1:colcon.colcon_core.package_identification:_identify(log) by extension 'ignore'
[0.427s] Level 1:colcon.colcon_core.package_identification:_identify(log) ignored
[0.427s] Level 1:colcon.colcon_core.package_identification:_identify(src) by extensions ['ignore', 'ignore_ament_install']
[0.427s] Level 1:colcon.colcon_core.package_identification:_identify(src) by extension 'ignore'
[0.427s] Level 1:colcon.colcon_core.package_identification:_identify(src) by extension 'ignore_ament_install'
[0.427s] Level 1:colcon.colcon_core.package_identification:_identify(src) by extensions ['colcon_pkg']
[0.427s] Level 1:colcon.colcon_core.package_identification:_identify(src) by extension 'colcon_pkg'
[0.427s] Level 1:colcon.colcon_core.package_identification:_identify(src) by extensions ['colcon_meta']
[0.427s] Level 1:colcon.colcon_core.package_identification:_identify(src) by extension 'colcon_meta'
[0.427s] Level 1:colcon.colcon_core.package_identification:_identify(src) by extensions ['ros']
[0.427s] Level 1:colcon.colcon_core.package_identification:_identify(src) by extension 'ros'
[0.427s] Level 1:colcon.colcon_core.package_identification:_identify(src) by extensions ['cmake', 'python']
[0.427s] Level 1:colcon.colcon_core.package_identification:_identify(src) by extension 'cmake'
[0.428s] Level 1:colcon.colcon_core.package_identification:_identify(src) by extension 'python'
[0.428s] Level 1:colcon.colcon_core.package_identification:_identify(src) by extensions ['python_setup_py']
[0.428s] Level 1:colcon.colcon_core.package_identification:_identify(src) by extension 'python_setup_py'
[0.428s] Level 1:colcon.colcon_core.package_identification:_identify(src/basic134) by extensions ['ignore', 'ignore_ament_install']
[0.428s] Level 1:colcon.colcon_core.package_identification:_identify(src/basic134) by extension 'ignore'
[0.428s] Level 1:colcon.colcon_core.package_identification:_identify(src/basic134) by extension 'ignore_ament_install'
[0.428s] Level 1:colcon.colcon_core.package_identification:_identify(src/basic134) by extensions ['colcon_pkg']
[0.428s] Level 1:colcon.colcon_core.package_identification:_identify(src/basic134) by extension 'colcon_pkg'
[0.428s] Level 1:colcon.colcon_core.package_identification:_identify(src/basic134) by extensions ['colcon_meta']
[0.428s] Level 1:colcon.colcon_core.package_identification:_identify(src/basic134) by extension 'colcon_meta'
[0.428s] Level 1:colcon.colcon_core.package_identification:_identify(src/basic134) by extensions ['ros']
[0.428s] Level 1:colcon.colcon_core.package_identification:_identify(src/basic134) by extension 'ros'
[0.431s] DEBUG:colcon.colcon_core.package_identification:Package 'src/basic134' with type 'ros.ament_python' and name 'basic134'
[0.431s] Level 1:colcon.colcon_core.package_identification:_identify(src/build) by extensions ['ignore', 'ignore_ament_install']
[0.432s] Level 1:colcon.colcon_core.package_identification:_identify(src/build) by extension 'ignore'
[0.432s] Level 1:colcon.colcon_core.package_identification:_identify(src/build) ignored
[0.432s] Level 1:colcon.colcon_core.package_identification:_identify(src/contact-bag) by extensions ['ignore', 'ignore_ament_install']
[0.432s] Level 1:colcon.colcon_core.package_identification:_identify(src/contact-bag) by extension 'ignore'
[0.433s] Level 1:colcon.colcon_core.package_identification:_identify(src/contact-bag) by extension 'ignore_ament_install'
[0.433s] Level 1:colcon.colcon_core.package_identification:_identify(src/contact-bag) by extensions ['colcon_pkg']
[0.433s] Level 1:colcon.colcon_core.package_identification:_identify(src/contact-bag) by extension 'colcon_pkg'
[0.433s] Level 1:colcon.colcon_core.package_identification:_identify(src/contact-bag) by extensions ['colcon_meta']
[0.433s] Level 1:colcon.colcon_core.package_identification:_identify(src/contact-bag) by extension 'colcon_meta'
[0.433s] Level 1:colcon.colcon_core.package_identification:_identify(src/contact-bag) by extensions ['ros']
[0.433s] Level 1:colcon.colcon_core.package_identification:_identify(src/contact-bag) by extension 'ros'
[0.433s] Level 1:colcon.colcon_core.package_identification:_identify(src/contact-bag) by extensions ['cmake', 'python']
[0.433s] Level 1:colcon.colcon_core.package_identification:_identify(src/contact-bag) by extension 'cmake'
[0.433s] Level 1:colcon.colcon_core.package_identification:_identify(src/contact-bag) by extension 'python'
[0.433s] Level 1:colcon.colcon_core.package_identification:_identify(src/contact-bag) by extensions ['python_setup_py']
[0.433s] Level 1:colcon.colcon_core.package_identification:_identify(src/contact-bag) by extension 'python_setup_py'
[0.433s] Level 1:colcon.colcon_core.package_identification:_identify(src/demo134) by extensions ['ignore', 'ignore_ament_install']
[0.433s] Level 1:colcon.colcon_core.package_identification:_identify(src/demo134) by extension 'ignore'
[0.433s] Level 1:colcon.colcon_core.package_identification:_identify(src/demo134) ignored
[0.433s] Level 1:colcon.colcon_core.package_identification:_identify(src/detectors) by extensions ['ignore', 'ignore_ament_install']
[0.433s] Level 1:colcon.colcon_core.package_identification:_identify(src/detectors) by extension 'ignore'
[0.434s] Level 1:colcon.colcon_core.package_identification:_identify(src/detectors) by extension 'ignore_ament_install'
[0.434s] Level 1:colcon.colcon_core.package_identification:_identify(src/detectors) by extensions ['colcon_pkg']
[0.434s] Level 1:colcon.colcon_core.package_identification:_identify(src/detectors) by extension 'colcon_pkg'
[0.434s] Level 1:colcon.colcon_core.package_identification:_identify(src/detectors) by extensions ['colcon_meta']
[0.434s] Level 1:colcon.colcon_core.package_identification:_identify(src/detectors) by extension 'colcon_meta'
[0.434s] Level 1:colcon.colcon_core.package_identification:_identify(src/detectors) by extensions ['ros']
[0.434s] Level 1:colcon.colcon_core.package_identification:_identify(src/detectors) by extension 'ros'
[0.435s] DEBUG:colcon.colcon_core.package_identification:Package 'src/detectors' with type 'ros.ament_python' and name 'detectors'
[0.436s] Level 1:colcon.colcon_core.package_identification:_identify(src/hebiros) by extensions ['ignore', 'ignore_ament_install']
[0.436s] Level 1:colcon.colcon_core.package_identification:_identify(src/hebiros) by extension 'ignore'
[0.436s] Level 1:colcon.colcon_core.package_identification:_identify(src/hebiros) by extension 'ignore_ament_install'
[0.436s] Level 1:colcon.colcon_core.package_identification:_identify(src/hebiros) by extensions ['colcon_pkg']
[0.436s] Level 1:colcon.colcon_core.package_identification:_identify(src/hebiros) by extension 'colcon_pkg'
[0.436s] Level 1:colcon.colcon_core.package_identification:_identify(src/hebiros) by extensions ['colcon_meta']
[0.436s] Level 1:colcon.colcon_core.package_identification:_identify(src/hebiros) by extension 'colcon_meta'
[0.436s] Level 1:colcon.colcon_core.package_identification:_identify(src/hebiros) by extensions ['ros']
[0.436s] Level 1:colcon.colcon_core.package_identification:_identify(src/hebiros) by extension 'ros'
[0.437s] DEBUG:colcon.colcon_core.package_identification:Package 'src/hebiros' with type 'ros.ament_python' and name 'hebiros'
[0.437s] Level 1:colcon.colcon_core.package_identification:_identify(src/install) by extensions ['ignore', 'ignore_ament_install']
[0.438s] Level 1:colcon.colcon_core.package_identification:_identify(src/install) by extension 'ignore'
[0.438s] Level 1:colcon.colcon_core.package_identification:_identify(src/install) ignored
[0.438s] Level 1:colcon.colcon_core.package_identification:_identify(src/log) by extensions ['ignore', 'ignore_ament_install']
[0.438s] Level 1:colcon.colcon_core.package_identification:_identify(src/log) by extension 'ignore'
[0.438s] Level 1:colcon.colcon_core.package_identification:_identify(src/log) ignored
[0.438s] Level 1:colcon.colcon_core.package_identification:_identify(src/operation) by extensions ['ignore', 'ignore_ament_install']
[0.438s] Level 1:colcon.colcon_core.package_identification:_identify(src/operation) by extension 'ignore'
[0.439s] Level 1:colcon.colcon_core.package_identification:_identify(src/operation) by extension 'ignore_ament_install'
[0.439s] Level 1:colcon.colcon_core.package_identification:_identify(src/operation) by extensions ['colcon_pkg']
[0.439s] Level 1:colcon.colcon_core.package_identification:_identify(src/operation) by extension 'colcon_pkg'
[0.439s] Level 1:colcon.colcon_core.package_identification:_identify(src/operation) by extensions ['colcon_meta']
[0.439s] Level 1:colcon.colcon_core.package_identification:_identify(src/operation) by extension 'colcon_meta'
[0.439s] Level 1:colcon.colcon_core.package_identification:_identify(src/operation) by extensions ['ros']
[0.439s] Level 1:colcon.colcon_core.package_identification:_identify(src/operation) by extension 'ros'
[0.440s] DEBUG:colcon.colcon_core.package_identification:Package 'src/operation' with type 'ros.ament_python' and name 'operation'
[0.440s] Level 1:colcon.colcon_core.package_discovery:discover_packages(recursive) using defaults
[0.440s] Level 1:colcon.colcon_core.package_discovery:discover_packages(ignore) discover
[0.441s] Level 1:colcon.colcon_core.package_discovery:discover_packages(ignore) using defaults
[0.441s] Level 1:colcon.colcon_core.package_discovery:discover_packages(path) discover
[0.441s] Level 1:colcon.colcon_core.package_discovery:discover_packages(path) using defaults
[0.472s] Level 1:colcon.colcon_core.package_discovery:discover_packages(prefix_path) check parameters
[0.472s] Level 1:colcon.colcon_core.package_discovery:discover_packages(prefix_path) discover
[0.477s] DEBUG:colcon.colcon_installed_package_information.package_discovery:Found 4 installed packages in /home/robot134/robotws/install
[0.479s] DEBUG:colcon.colcon_installed_package_information.package_discovery:Found 39 installed packages in /home/robot134/microros_ws/install
[0.480s] DEBUG:colcon.colcon_installed_package_information.package_discovery:Found 4 installed packages in /home/robot134/robotws/src/install
[0.482s] DEBUG:colcon.colcon_installed_package_information.package_discovery:Found 411 installed packages in /opt/ros/humble
[0.485s] Level 1:colcon.colcon_core.package_discovery:discover_packages(prefix_path) using defaults
[0.578s] Level 5:colcon.colcon_core.verb:set package 'basic134' build argument 'cmake_args' from command line to 'None'
[0.578s] Level 5:colcon.colcon_core.verb:set package 'basic134' build argument 'cmake_target' from command line to 'None'
[0.578s] Level 5:colcon.colcon_core.verb:set package 'basic134' build argument 'cmake_target_skip_unavailable' from command line to 'False'
[0.578s] Level 5:colcon.colcon_core.verb:set package 'basic134' build argument 'cmake_clean_cache' from command line to 'False'
[0.578s] Level 5:colcon.colcon_core.verb:set package 'basic134' build argument 'cmake_clean_first' from command line to 'False'
[0.578s] Level 5:colcon.colcon_core.verb:set package 'basic134' build argument 'cmake_force_configure' from command line to 'False'
[0.578s] Level 5:colcon.colcon_core.verb:set package 'basic134' build argument 'ament_cmake_args' from command line to 'None'
[0.578s] Level 5:colcon.colcon_core.verb:set package 'basic134' build argument 'catkin_cmake_args' from command line to 'None'
[0.578s] Level 5:colcon.colcon_core.verb:set package 'basic134' build argument 'catkin_skip_building_tests' from command line to 'False'
[0.578s] DEBUG:colcon.colcon_core.verb:Building package 'basic134' with the following arguments: {'ament_cmake_args': None, 'build_base': '/home/robot134/robotws/build/basic134', 'catkin_cmake_args': None, 'catkin_skip_building_tests': False, 'cmake_args': None, 'cmake_clean_cache': False, 'cmake_clean_first': False, 'cmake_force_configure': False, 'cmake_target': None, 'cmake_target_skip_unavailable': False, 'install_base': '/home/robot134/robotws/install/basic134', 'merge_install': False, 'path': '/home/robot134/robotws/src/basic134', 'symlink_install': True, 'test_result_base': None}
[0.580s] Level 5:colcon.colcon_core.verb:set package 'detectors' build argument 'cmake_args' from command line to 'None'
[0.580s] Level 5:colcon.colcon_core.verb:set package 'detectors' build argument 'cmake_target' from command line to 'None'
[0.580s] Level 5:colcon.colcon_core.verb:set package 'detectors' build argument 'cmake_target_skip_unavailable' from command line to 'False'
[0.580s] Level 5:colcon.colcon_core.verb:set package 'detectors' build argument 'cmake_clean_cache' from command line to 'False'
[0.580s] Level 5:colcon.colcon_core.verb:set package 'detectors' build argument 'cmake_clean_first' from command line to 'False'
[0.580s] Level 5:colcon.colcon_core.verb:set package 'detectors' build argument 'cmake_force_configure' from command line to 'False'
[0.580s] Level 5:colcon.colcon_core.verb:set package 'detectors' build argument 'ament_cmake_args' from command line to 'None'
[0.580s] Level 5:colcon.colcon_core.verb:set package 'detectors' build argument 'catkin_cmake_args' from command line to 'None'
[0.581s] Level 5:colcon.colcon_core.verb:set package 'detectors' build argument 'catkin_skip_building_tests' from command line to 'False'
[0.581s] DEBUG:colcon.colcon_core.verb:Building package 'detectors' with the following arguments: {'ament_cmake_args': None, 'build_base': '/home/robot134/robotws/build/detectors', 'catkin_cmake_args': None, 'catkin_skip_building_tests': False, 'cmake_args': None, 'cmake_clean_cache': False, 'cmake_clean_first': False, 'cmake_force_configure': False, 'cmake_target': None, 'cmake_target_skip_unavailable': False, 'install_base': '/home/robot134/robotws/install/detectors', 'merge_install': False, 'path': '/home/robot134/robotws/src/detectors', 'symlink_install': True, 'test_result_base': None}
[0.582s] Level 5:colcon.colcon_core.verb:set package 'hebiros' build argument 'cmake_args' from command line to 'None'
[0.582s] Level 5:colcon.colcon_core.verb:set package 'hebiros' build argument 'cmake_target' from command line to 'None'
[0.582s] Level 5:colcon.colcon_core.verb:set package 'hebiros' build argument 'cmake_target_skip_unavailable' from command line to 'False'
[0.583s] Level 5:colcon.colcon_core.verb:set package 'hebiros' build argument 'cmake_clean_cache' from command line to 'False'
[0.583s] Level 5:colcon.colcon_core.verb:set package 'hebiros' build argument 'cmake_clean_first' from command line to 'False'
[0.583s] Level 5:colcon.colcon_core.verb:set package 'hebiros' build argument 'cmake_force_configure' from command line to 'False'
[0.583s] Level 5:colcon.colcon_core.verb:set package 'hebiros' build argument 'ament_cmake_args' from command line to 'None'
[0.583s] Level 5:colcon.colcon_core.verb:set package 'hebiros' build argument 'catkin_cmake_args' from command line to 'None'
[0.583s] Level 5:colcon.colcon_core.verb:set package 'hebiros' build argument 'catkin_skip_building_tests' from command line to 'False'
[0.583s] DEBUG:colcon.colcon_core.verb:Building package 'hebiros' with the following arguments: {'ament_cmake_args': None, 'build_base': '/home/robot134/robotws/build/hebiros', 'catkin_cmake_args': None, 'catkin_skip_building_tests': False, 'cmake_args': None, 'cmake_clean_cache': False, 'cmake_clean_first': False, 'cmake_force_configure': False, 'cmake_target': None, 'cmake_target_skip_unavailable': False, 'install_base': '/home/robot134/robotws/install/hebiros', 'merge_install': False, 'path': '/home/robot134/robotws/src/hebiros', 'symlink_install': True, 'test_result_base': None}
[0.585s] Level 5:colcon.colcon_core.verb:set package 'operation' build argument 'cmake_args' from command line to 'None'
[0.585s] Level 5:colcon.colcon_core.verb:set package 'operation' build argument 'cmake_target' from command line to 'None'
[0.585s] Level 5:colcon.colcon_core.verb:set package 'operation' build argument 'cmake_target_skip_unavailable' from command line to 'False'
[0.585s] Level 5:colcon.colcon_core.verb:set package 'operation' build argument 'cmake_clean_cache' from command line to 'False'
[0.585s] Level 5:colcon.colcon_core.verb:set package 'operation' build argument 'cmake_clean_first' from command line to 'False'
[0.585s] Level 5:colcon.colcon_core.verb:set package 'operation' build argument 'cmake_force_configure' from command line to 'False'
[0.585s] Level 5:colcon.colcon_core.verb:set package 'operation' build argument 'ament_cmake_args' from command line to 'None'
[0.585s] Level 5:colcon.colcon_core.verb:set package 'operation' build argument 'catkin_cmake_args' from command line to 'None'
[0.585s] Level 5:colcon.colcon_core.verb:set package 'operation' build argument 'catkin_skip_building_tests' from command line to 'False'
[0.585s] DEBUG:colcon.colcon_core.verb:Building package 'operation' with the following arguments: {'ament_cmake_args': None, 'build_base': '/home/robot134/robotws/build/operation', 'catkin_cmake_args': None, 'catkin_skip_building_tests': False, 'cmake_args': None, 'cmake_clean_cache': False, 'cmake_clean_first': False, 'cmake_force_configure': False, 'cmake_target': None, 'cmake_target_skip_unavailable': False, 'install_base': '/home/robot134/robotws/install/operation', 'merge_install': False, 'path': '/home/robot134/robotws/src/operation', 'symlink_install': True, 'test_result_base': None}
[0.586s] INFO:colcon.colcon_core.executor:Executing jobs using 'parallel' executor
[0.592s] DEBUG:colcon.colcon_parallel_executor.executor.parallel:run_until_complete
[0.592s] INFO:colcon.colcon_ros.task.ament_python.build:Building ROS package in '/home/robot134/robotws/src/basic134' with build type 'ament_python'
[0.593s] Level 1:colcon.colcon_core.shell:create_environment_hook('basic134', 'ament_prefix_path')
[0.601s] INFO:colcon.colcon_core.plugin_system:Skipping extension 'colcon_core.shell.bat': Not used on non-Windows systems
[0.601s] INFO:colcon.colcon_core.shell:Creating environment hook '/home/robot134/robotws/install/basic134/share/basic134/hook/ament_prefix_path.ps1'
[0.602s] INFO:colcon.colcon_core.shell:Creating environment descriptor '/home/robot134/robotws/install/basic134/share/basic134/hook/ament_prefix_path.dsv'
[0.603s] INFO:colcon.colcon_core.shell:Creating environment hook '/home/robot134/robotws/install/basic134/share/basic134/hook/ament_prefix_path.sh'
[0.606s] INFO:colcon.colcon_core.shell:Skip shell extension 'powershell' for command environment: Not usable outside of PowerShell
[0.606s] DEBUG:colcon.colcon_core.shell:Skip shell extension 'dsv' for command environment
[0.615s] INFO:colcon.colcon_ros.task.ament_python.build:Building ROS package in '/home/robot134/robotws/src/detectors' with build type 'ament_python'
[0.615s] Level 1:colcon.colcon_core.shell:create_environment_hook('detectors', 'ament_prefix_path')
[0.618s] INFO:colcon.colcon_core.shell:Creating environment hook '/home/robot134/robotws/install/detectors/share/detectors/hook/ament_prefix_path.ps1'
[0.618s] INFO:colcon.colcon_core.shell:Creating environment descriptor '/home/robot134/robotws/install/detectors/share/detectors/hook/ament_prefix_path.dsv'
[0.618s] INFO:colcon.colcon_core.shell:Creating environment hook '/home/robot134/robotws/install/detectors/share/detectors/hook/ament_prefix_path.sh'
[0.621s] INFO:colcon.colcon_core.shell:Skip shell extension 'powershell' for command environment: Not usable outside of PowerShell
[0.621s] DEBUG:colcon.colcon_core.shell:Skip shell extension 'dsv' for command environment
[0.638s] INFO:colcon.colcon_ros.task.ament_python.build:Building ROS package in '/home/robot134/robotws/src/hebiros' with build type 'ament_python'
[0.639s] Level 1:colcon.colcon_core.shell:create_environment_hook('hebiros', 'ament_prefix_path')
[0.641s] INFO:colcon.colcon_core.shell:Creating environment hook '/home/robot134/robotws/install/hebiros/share/hebiros/hook/ament_prefix_path.ps1'
[0.642s] INFO:colcon.colcon_core.shell:Creating environment descriptor '/home/robot134/robotws/install/hebiros/share/hebiros/hook/ament_prefix_path.dsv'
[0.642s] INFO:colcon.colcon_core.shell:Creating environment hook '/home/robot134/robotws/install/hebiros/share/hebiros/hook/ament_prefix_path.sh'
[0.645s] INFO:colcon.colcon_core.shell:Skip shell extension 'powershell' for command environment: Not usable outside of PowerShell
[0.645s] DEBUG:colcon.colcon_core.shell:Skip shell extension 'dsv' for command environment
[0.657s] INFO:colcon.colcon_ros.task.ament_python.build:Building ROS package in '/home/robot134/robotws/src/operation' with build type 'ament_python'
[0.658s] Level 1:colcon.colcon_core.shell:create_environment_hook('operation', 'ament_prefix_path')
[0.660s] INFO:colcon.colcon_core.shell:Creating environment hook '/home/robot134/robotws/install/operation/share/operation/hook/ament_prefix_path.ps1'
[0.661s] INFO:colcon.colcon_core.shell:Creating environment descriptor '/home/robot134/robotws/install/operation/share/operation/hook/ament_prefix_path.dsv'
[0.661s] INFO:colcon.colcon_core.shell:Creating environment hook '/home/robot134/robotws/install/operation/share/operation/hook/ament_prefix_path.sh'
[0.663s] INFO:colcon.colcon_core.shell:Skip shell extension 'powershell' for command environment: Not usable outside of PowerShell
[0.663s] DEBUG:colcon.colcon_core.shell:Skip shell extension 'dsv' for command environment
[1.002s] INFO:colcon.colcon_core.task.python.build:Building Python package in '/home/robot134/robotws/src/basic134'
[1.004s] INFO:colcon.colcon_core.shell:Skip shell extension 'powershell' for command environment: Not usable outside of PowerShell
[1.004s] DEBUG:colcon.colcon_core.shell:Skip shell extension 'dsv' for command environment
[1.329s] INFO:colcon.colcon_core.task.python.build:Building Python package in '/home/robot134/robotws/src/detectors'
[1.330s] INFO:colcon.colcon_core.shell:Skip shell extension 'powershell' for command environment: Not usable outside of PowerShell
[1.331s] DEBUG:colcon.colcon_core.shell:Skip shell extension 'dsv' for command environment
[1.680s] INFO:colcon.colcon_core.task.python.build:Building Python package in '/home/robot134/robotws/src/hebiros'
[1.682s] INFO:colcon.colcon_core.shell:Skip shell extension 'powershell' for command environment: Not usable outside of PowerShell
[1.682s] DEBUG:colcon.colcon_core.shell:Skip shell extension 'dsv' for command environment
[2.007s] INFO:colcon.colcon_core.task.python.build:Building Python package in '/home/robot134/robotws/src/operation'
[2.008s] INFO:colcon.colcon_core.shell:Skip shell extension 'powershell' for command environment: Not usable outside of PowerShell
[2.008s] DEBUG:colcon.colcon_core.shell:Skip shell extension 'dsv' for command environment
[2.677s] DEBUG:colcon.colcon_core.event_handler.log_command:Invoking command in '/home/robot134/robotws/build/hebiros': PYTHONPATH=/home/robot134/robotws/build/hebiros/prefix_override:/home/robot134/robotws/install/hebiros/lib/python3.10/site-packages:${PYTHONPATH} /usr/bin/python3 setup.py develop --editable --build-directory /home/robot134/robotws/build/hebiros/build --no-deps install_data
[2.801s] DEBUG:colcon.colcon_core.event_handler.log_command:Invoking command in '/home/robot134/robotws/build/operation': PYTHONPATH=/home/robot134/robotws/build/operation/prefix_override:/home/robot134/robotws/install/operation/lib/python3.10/site-packages:${PYTHONPATH} /usr/bin/python3 setup.py develop --editable --build-directory /home/robot134/robotws/build/operation/build --no-deps install_data
[2.816s] DEBUG:colcon.colcon_core.event_handler.log_command:Invoking command in '/home/robot134/robotws/build/basic134': PYTHONPATH=/home/robot134/robotws/build/basic134/prefix_override:/home/robot134/robotws/install/basic134/lib/python3.10/site-packages:${PYTHONPATH} /usr/bin/python3 setup.py develop --editable --build-directory /home/robot134/robotws/build/basic134/build --no-deps install_data
[2.878s] DEBUG:colcon.colcon_core.event_handler.log_command:Invoking command in '/home/robot134/robotws/build/detectors': PYTHONPATH=/home/robot134/robotws/build/detectors/prefix_override:/home/robot134/robotws/install/detectors/lib/python3.10/site-packages:${PYTHONPATH} /usr/bin/python3 setup.py develop --editable --build-directory /home/robot134/robotws/build/detectors/build --no-deps install_data
[3.846s] Level 1:colcon.colcon_core.shell:create_environment_hook('hebiros', 'pythonpath_develop')
[3.849s] INFO:colcon.colcon_core.shell:Creating environment hook '/home/robot134/robotws/build/hebiros/share/hebiros/hook/pythonpath_develop.ps1'
[3.849s] DEBUG:colcon.colcon_core.event_handler.log_command:Invoked command in '/home/robot134/robotws/build/hebiros' returned '0': PYTHONPATH=/home/robot134/robotws/build/hebiros/prefix_override:/home/robot134/robotws/install/hebiros/lib/python3.10/site-packages:${PYTHONPATH} /usr/bin/python3 setup.py develop --editable --build-directory /home/robot134/robotws/build/hebiros/build --no-deps install_data
[3.850s] INFO:colcon.colcon_core.shell:Creating environment descriptor '/home/robot134/robotws/build/hebiros/share/hebiros/hook/pythonpath_develop.dsv'
[3.850s] INFO:colcon.colcon_core.shell:Creating environment hook '/home/robot134/robotws/build/hebiros/share/hebiros/hook/pythonpath_develop.sh'
[3.863s] Level 1:colcon.colcon_core.environment:checking '/home/robot134/robotws/install/hebiros' for CMake module files
[3.864s] Level 1:colcon.colcon_core.environment:checking '/home/robot134/robotws/install/hebiros' for CMake config files
[3.864s] Level 1:colcon.colcon_core.environment:checking '/home/robot134/robotws/install/hebiros/lib'
[3.864s] Level 1:colcon.colcon_core.environment:checking '/home/robot134/robotws/install/hebiros/bin'
[3.864s] Level 1:colcon.colcon_core.environment:checking '/home/robot134/robotws/install/hebiros/lib/pkgconfig/hebiros.pc'
[3.865s] Level 1:colcon.colcon_core.environment:checking '/home/robot134/robotws/install/hebiros/lib/python3.10/site-packages'
[3.865s] Level 1:colcon.colcon_core.shell:create_environment_hook('hebiros', 'pythonpath')
[3.866s] INFO:colcon.colcon_core.shell:Creating environment hook '/home/robot134/robotws/install/hebiros/share/hebiros/hook/pythonpath.ps1'
[3.866s] INFO:colcon.colcon_core.shell:Creating environment descriptor '/home/robot134/robotws/install/hebiros/share/hebiros/hook/pythonpath.dsv'
[3.867s] INFO:colcon.colcon_core.shell:Creating environment hook '/home/robot134/robotws/install/hebiros/share/hebiros/hook/pythonpath.sh'
[3.867s] Level 1:colcon.colcon_core.environment:checking '/home/robot134/robotws/install/hebiros/bin'
[3.867s] Level 1:colcon.colcon_core.environment:create_environment_scripts_only(hebiros)
[3.869s] INFO:colcon.colcon_core.shell:Creating package script '/home/robot134/robotws/install/hebiros/share/hebiros/package.ps1'
[3.869s] INFO:colcon.colcon_core.shell:Creating package descriptor '/home/robot134/robotws/install/hebiros/share/hebiros/package.dsv'
[3.870s] INFO:colcon.colcon_core.shell:Creating package script '/home/robot134/robotws/install/hebiros/share/hebiros/package.sh'
[3.871s] INFO:colcon.colcon_core.shell:Creating package script '/home/robot134/robotws/install/hebiros/share/hebiros/package.bash'
[3.872s] INFO:colcon.colcon_core.shell:Creating package script '/home/robot134/robotws/install/hebiros/share/hebiros/package.zsh'
[3.873s] Level 1:colcon.colcon_core.environment:create_file_with_runtime_dependencies(/home/robot134/robotws/install/hebiros/share/colcon-core/packages/hebiros)
[3.875s] Level 1:colcon.colcon_core.shell:create_environment_hook('operation', 'pythonpath_develop')
[3.878s] INFO:colcon.colcon_core.shell:Creating environment hook '/home/robot134/robotws/build/operation/share/operation/hook/pythonpath_develop.ps1'
[3.878s] DEBUG:colcon.colcon_core.event_handler.log_command:Invoked command in '/home/robot134/robotws/build/operation' returned '0': PYTHONPATH=/home/robot134/robotws/build/operation/prefix_override:/home/robot134/robotws/install/operation/lib/python3.10/site-packages:${PYTHONPATH} /usr/bin/python3 setup.py develop --editable --build-directory /home/robot134/robotws/build/operation/build --no-deps install_data
[3.878s] INFO:colcon.colcon_core.shell:Creating environment descriptor '/home/robot134/robotws/build/operation/share/operation/hook/pythonpath_develop.dsv'
[3.879s] INFO:colcon.colcon_core.shell:Creating environment hook '/home/robot134/robotws/build/operation/share/operation/hook/pythonpath_develop.sh'
[3.883s] Level 1:colcon.colcon_core.environment:checking '/home/robot134/robotws/install/operation' for CMake module files
[3.884s] Level 1:colcon.colcon_core.environment:checking '/home/robot134/robotws/install/operation' for CMake config files
[3.884s] Level 1:colcon.colcon_core.environment:checking '/home/robot134/robotws/install/operation/lib'
[3.884s] Level 1:colcon.colcon_core.environment:checking '/home/robot134/robotws/install/operation/bin'
[3.885s] Level 1:colcon.colcon_core.environment:checking '/home/robot134/robotws/install/operation/lib/pkgconfig/operation.pc'
[3.885s] Level 1:colcon.colcon_core.environment:checking '/home/robot134/robotws/install/operation/lib/python3.10/site-packages'
[3.885s] Level 1:colcon.colcon_core.shell:create_environment_hook('operation', 'pythonpath')
[3.893s] INFO:colcon.colcon_core.shell:Creating environment hook '/home/robot134/robotws/install/operation/share/operation/hook/pythonpath.ps1'
[3.894s] INFO:colcon.colcon_core.shell:Creating environment descriptor '/home/robot134/robotws/install/operation/share/operation/hook/pythonpath.dsv'
[3.895s] INFO:colcon.colcon_core.shell:Creating environment hook '/home/robot134/robotws/install/operation/share/operation/hook/pythonpath.sh'
[3.895s] Level 1:colcon.colcon_core.environment:checking '/home/robot134/robotws/install/operation/bin'
[3.895s] Level 1:colcon.colcon_core.environment:create_environment_scripts_only(operation)
[3.898s] INFO:colcon.colcon_core.shell:Creating package script '/home/robot134/robotws/install/operation/share/operation/package.ps1'
[3.900s] INFO:colcon.colcon_core.shell:Creating package descriptor '/home/robot134/robotws/install/operation/share/operation/package.dsv'
[3.901s] INFO:colcon.colcon_core.shell:Creating package script '/home/robot134/robotws/install/operation/share/operation/package.sh'
[3.901s] INFO:colcon.colcon_core.shell:Creating package script '/home/robot134/robotws/install/operation/share/operation/package.bash'
[3.901s] INFO:colcon.colcon_core.shell:Creating package script '/home/robot134/robotws/install/operation/share/operation/package.zsh'
[3.902s] Level 1:colcon.colcon_core.environment:create_file_with_runtime_dependencies(/home/robot134/robotws/install/operation/share/colcon-core/packages/operation)
[3.902s] Level 1:colcon.colcon_core.shell:create_environment_hook('detectors', 'pythonpath_develop')
[3.905s] INFO:colcon.colcon_core.shell:Creating environment hook '/home/robot134/robotws/build/detectors/share/detectors/hook/pythonpath_develop.ps1'
[3.905s] INFO:colcon.colcon_core.shell:Creating environment descriptor '/home/robot134/robotws/build/detectors/share/detectors/hook/pythonpath_develop.dsv'
[3.906s] DEBUG:colcon.colcon_core.event_handler.log_command:Invoked command in '/home/robot134/robotws/build/detectors' returned '0': PYTHONPATH=/home/robot134/robotws/build/detectors/prefix_override:/home/robot134/robotws/install/detectors/lib/python3.10/site-packages:${PYTHONPATH} /usr/bin/python3 setup.py develop --editable --build-directory /home/robot134/robotws/build/detectors/build --no-deps install_data
[3.907s] INFO:colcon.colcon_core.shell:Creating environment hook '/home/robot134/robotws/build/detectors/share/detectors/hook/pythonpath_develop.sh'
[3.911s] Level 1:colcon.colcon_core.environment:checking '/home/robot134/robotws/install/detectors' for CMake module files
[3.912s] Level 1:colcon.colcon_core.environment:checking '/home/robot134/robotws/install/detectors' for CMake config files
[3.913s] Level 1:colcon.colcon_core.environment:checking '/home/robot134/robotws/install/detectors/lib'
[3.913s] Level 1:colcon.colcon_core.environment:checking '/home/robot134/robotws/install/detectors/bin'
[3.913s] Level 1:colcon.colcon_core.environment:checking '/home/robot134/robotws/install/detectors/lib/pkgconfig/detectors.pc'
[3.913s] Level 1:colcon.colcon_core.environment:checking '/home/robot134/robotws/install/detectors/lib/python3.10/site-packages'
[3.913s] Level 1:colcon.colcon_core.shell:create_environment_hook('detectors', 'pythonpath')
[3.915s] INFO:colcon.colcon_core.shell:Creating environment hook '/home/robot134/robotws/install/detectors/share/detectors/hook/pythonpath.ps1'
[3.916s] INFO:colcon.colcon_core.shell:Creating environment descriptor '/home/robot134/robotws/install/detectors/share/detectors/hook/pythonpath.dsv'
[3.916s] INFO:colcon.colcon_core.shell:Creating environment hook '/home/robot134/robotws/install/detectors/share/detectors/hook/pythonpath.sh'
[3.917s] Level 1:colcon.colcon_core.environment:checking '/home/robot134/robotws/install/detectors/bin'
[3.917s] Level 1:colcon.colcon_core.environment:create_environment_scripts_only(detectors)
[3.918s] INFO:colcon.colcon_core.shell:Creating package script '/home/robot134/robotws/install/detectors/share/detectors/package.ps1'
[3.919s] INFO:colcon.colcon_core.shell:Creating package descriptor '/home/robot134/robotws/install/detectors/share/detectors/package.dsv'
[3.919s] INFO:colcon.colcon_core.shell:Creating package script '/home/robot134/robotws/install/detectors/share/detectors/package.sh'
[3.920s] INFO:colcon.colcon_core.shell:Creating package script '/home/robot134/robotws/install/detectors/share/detectors/package.bash'
[3.920s] INFO:colcon.colcon_core.shell:Creating package script '/home/robot134/robotws/install/detectors/share/detectors/package.zsh'
[3.920s] Level 1:colcon.colcon_core.environment:create_file_with_runtime_dependencies(/home/robot134/robotws/install/detectors/share/colcon-core/packages/detectors)
[3.931s] Level 1:colcon.colcon_core.shell:create_environment_hook('basic134', 'pythonpath_develop')
[3.934s] INFO:colcon.colcon_core.shell:Creating environment hook '/home/robot134/robotws/build/basic134/share/basic134/hook/pythonpath_develop.ps1'
[3.934s] DEBUG:colcon.colcon_core.event_handler.log_command:Invoked command in '/home/robot134/robotws/build/basic134' returned '0': PYTHONPATH=/home/robot134/robotws/build/basic134/prefix_override:/home/robot134/robotws/install/basic134/lib/python3.10/site-packages:${PYTHONPATH} /usr/bin/python3 setup.py develop --editable --build-directory /home/robot134/robotws/build/basic134/build --no-deps install_data
[3.935s] INFO:colcon.colcon_core.shell:Creating environment descriptor '/home/robot134/robotws/build/basic134/share/basic134/hook/pythonpath_develop.dsv'
[3.935s] INFO:colcon.colcon_core.shell:Creating environment hook '/home/robot134/robotws/build/basic134/share/basic134/hook/pythonpath_develop.sh'
[3.938s] Level 1:colcon.colcon_core.environment:checking '/home/robot134/robotws/install/basic134' for CMake module files
[3.938s] Level 1:colcon.colcon_core.environment:checking '/home/robot134/robotws/install/basic134' for CMake config files
[3.939s] Level 1:colcon.colcon_core.environment:checking '/home/robot134/robotws/install/basic134/lib'
[3.939s] Level 1:colcon.colcon_core.environment:checking '/home/robot134/robotws/install/basic134/bin'
[3.939s] Level 1:colcon.colcon_core.environment:checking '/home/robot134/robotws/install/basic134/lib/pkgconfig/basic134.pc'
[3.939s] Level 1:colcon.colcon_core.environment:checking '/home/robot134/robotws/install/basic134/lib/python3.10/site-packages'
[3.939s] Level 1:colcon.colcon_core.shell:create_environment_hook('basic134', 'pythonpath')
[3.941s] INFO:colcon.colcon_core.shell:Creating environment hook '/home/robot134/robotws/install/basic134/share/basic134/hook/pythonpath.ps1'
[3.941s] INFO:colcon.colcon_core.shell:Creating environment descriptor '/home/robot134/robotws/install/basic134/share/basic134/hook/pythonpath.dsv'
[3.942s] INFO:colcon.colcon_core.shell:Creating environment hook '/home/robot134/robotws/install/basic134/share/basic134/hook/pythonpath.sh'
[3.942s] Level 1:colcon.colcon_core.environment:checking '/home/robot134/robotws/install/basic134/bin'
[3.942s] Level 1:colcon.colcon_core.environment:create_environment_scripts_only(basic134)
[3.945s] INFO:colcon.colcon_core.shell:Creating package script '/home/robot134/robotws/install/basic134/share/basic134/package.ps1'
[3.946s] INFO:colcon.colcon_core.shell:Creating package descriptor '/home/robot134/robotws/install/basic134/share/basic134/package.dsv'
[3.946s] INFO:colcon.colcon_core.shell:Creating package script '/home/robot134/robotws/install/basic134/share/basic134/package.sh'
[3.947s] INFO:colcon.colcon_core.shell:Creating package script '/home/robot134/robotws/install/basic134/share/basic134/package.bash'
[3.947s] INFO:colcon.colcon_core.shell:Creating package script '/home/robot134/robotws/install/basic134/share/basic134/package.zsh'
[3.948s] Level 1:colcon.colcon_core.environment:create_file_with_runtime_dependencies(/home/robot134/robotws/install/basic134/share/colcon-core/packages/basic134)
[3.948s] DEBUG:colcon.colcon_parallel_executor.executor.parallel:closing loop
[3.948s] DEBUG:colcon.colcon_parallel_executor.executor.parallel:loop closed
[3.949s] DEBUG:colcon.colcon_parallel_executor.executor.parallel:run_until_complete finished with '0'
[3.949s] DEBUG:colcon.colcon_core.event_reactor:joining thread
[3.959s] INFO:colcon.colcon_core.plugin_system:Skipping extension 'colcon_notification.desktop_notification.terminal_notifier': Not used on non-Darwin systems
[3.959s] INFO:colcon.colcon_core.plugin_system:Skipping extension 'colcon_notification.desktop_notification.win32': Not used on non-Windows systems
[3.959s] INFO:colcon.colcon_notification.desktop_notification:Sending desktop notification using 'notify2'
[3.970s] DEBUG:colcon.colcon_core.event_reactor:joined thread
[3.972s] INFO:colcon.colcon_core.shell:Creating prefix script '/home/robot134/robotws/install/local_setup.ps1'
[3.974s] INFO:colcon.colcon_core.shell:Creating prefix util module '/home/robot134/robotws/install/_local_setup_util_ps1.py'
[3.976s] INFO:colcon.colcon_core.shell:Creating prefix chain script '/home/robot134/robotws/install/setup.ps1'
[3.980s] INFO:colcon.colcon_core.shell:Creating prefix script '/home/robot134/robotws/install/local_setup.sh'
[3.981s] INFO:colcon.colcon_core.shell:Creating prefix util module '/home/robot134/robotws/install/_local_setup_util_sh.py'
[3.981s] INFO:colcon.colcon_core.shell:Creating prefix chain script '/home/robot134/robotws/install/setup.sh'
[3.985s] INFO:colcon.colcon_core.shell:Creating prefix script '/home/robot134/robotws/install/local_setup.bash'
[3.985s] INFO:colcon.colcon_core.shell:Creating prefix chain script '/home/robot134/robotws/install/setup.bash'
[3.990s] INFO:colcon.colcon_core.shell:Creating prefix script '/home/robot134/robotws/install/local_setup.zsh'
[3.992s] INFO:colcon.colcon_core.shell:Creating prefix chain script '/home/robot134/robotws/install/setup.zsh'
