[1.331s] Invoking command in '/home/robot134/robotws/src/build/operation': PYTHONPATH=/home/robot134/robotws/src/build/operation/prefix_override:/home/robot134/robotws/src/install/operation/lib/python3.10/site-packages:${PYTHONPATH} /usr/bin/python3 setup.py develop --editable --build-directory /home/robot134/robotws/src/build/operation/build --no-deps install_data
[1.747s] running develop
[1.748s] /usr/lib/python3/dist-packages/setuptools/command/easy_install.py:158: EasyInstallDeprecationWarning: easy_install command is deprecated. Use build and pip and other standards-based tools.
[1.748s]   warnings.warn(
[1.749s] /usr/lib/python3/dist-packages/setuptools/command/install.py:34: SetuptoolsDeprecationWarning: setup.py install is deprecated. Use build and pip and other standards-based tools.
[1.750s]   warnings.warn(
[1.848s] /usr/lib/python3/dist-packages/pkg_resources/__init__.py:116: PkgResourcesDeprecationWarning: 1.16.0-unknown is an invalid version and will not be supported in a future release
[1.848s]   warnings.warn(
[1.849s] /usr/lib/python3/dist-packages/pkg_resources/__init__.py:116: PkgResourcesDeprecationWarning: 1.1build1 is an invalid version and will not be supported in a future release
[1.849s]   warnings.warn(
[1.850s] /usr/lib/python3/dist-packages/pkg_resources/__init__.py:116: PkgResourcesDeprecationWarning: 0.1.43ubuntu1 is an invalid version and will not be supported in a future release
[1.850s]   warnings.warn(
[2.031s] running egg_info
[2.031s] writing operation.egg-info/PKG-INFO
[2.031s] writing dependency_links to operation.egg-info/dependency_links.txt
[2.031s] writing entry points to operation.egg-info/entry_points.txt
[2.032s] writing requirements to operation.egg-info/requires.txt
[2.032s] writing top-level names to operation.egg-info/top_level.txt
[2.034s] reading manifest file 'operation.egg-info/SOURCES.txt'
[2.035s] writing manifest file 'operation.egg-info/SOURCES.txt'
[2.037s] running build_ext
[2.037s] Creating /home/robot134/robotws/src/install/operation/lib/python3.10/site-packages/operation.egg-link (link to .)
[2.038s] Installing demo134 script to /home/robot134/robotws/src/install/operation/lib/operation
[2.039s] 
[2.039s] Installed /home/robot134/robotws/src/build/operation
[2.039s] running install_data
[2.040s] copying urdf/example.urdf -> /home/robot134/robotws/src/install/operation/share/operation/urdf
[2.091s] Invoked command in '/home/robot134/robotws/src/build/operation' returned '0': PYTHONPATH=/home/robot134/robotws/src/build/operation/prefix_override:/home/robot134/robotws/src/install/operation/lib/python3.10/site-packages:${PYTHONPATH} /usr/bin/python3 setup.py develop --editable --build-directory /home/robot134/robotws/src/build/operation/build --no-deps install_data
