[1.911s] Invoking command in '/home/robot134/robotws/build/detectors': PYTHONPATH=/home/robot134/robotws/build/detectors/prefix_override:/home/robot134/robotws/install/detectors/lib/python3.10/site-packages:${PYTHONPATH} /usr/bin/python3 setup.py develop --editable --build-directory /home/robot134/robotws/build/detectors/build --no-deps install_data
[2.423s] running develop
[2.423s] /usr/lib/python3/dist-packages/setuptools/command/easy_install.py:158: EasyInstallDeprecationWarning: easy_install command is deprecated. Use build and pip and other standards-based tools.
[2.423s]   warnings.warn(
[2.425s] /usr/lib/python3/dist-packages/setuptools/command/install.py:34: SetuptoolsDeprecationWarning: setup.py install is deprecated. Use build and pip and other standards-based tools.
[2.425s]   warnings.warn(
[2.557s] /usr/lib/python3/dist-packages/pkg_resources/__init__.py:116: PkgResourcesDeprecationWarning: 1.16.0-unknown is an invalid version and will not be supported in a future release
[2.557s]   warnings.warn(
[2.558s] /usr/lib/python3/dist-packages/pkg_resources/__init__.py:116: PkgResourcesDeprecationWarning: 1.1build1 is an invalid version and will not be supported in a future release
[2.558s]   warnings.warn(
[2.558s] /usr/lib/python3/dist-packages/pkg_resources/__init__.py:116: PkgResourcesDeprecationWarning: 0.1.43ubuntu1 is an invalid version and will not be supported in a future release
[2.558s]   warnings.warn(
[2.766s] running egg_info
[2.766s] writing detectors.egg-info/PKG-INFO
[2.766s] writing dependency_links to detectors.egg-info/dependency_links.txt
[2.767s] writing entry points to detectors.egg-info/entry_points.txt
[2.767s] writing requirements to detectors.egg-info/requires.txt
[2.767s] writing top-level names to detectors.egg-info/top_level.txt
[2.770s] reading manifest file 'detectors.egg-info/SOURCES.txt'
[2.772s] writing manifest file 'detectors.egg-info/SOURCES.txt'
[2.776s] running build_ext
[2.776s] Creating /home/robot134/robotws/install/detectors/lib/python3.10/site-packages/detectors.egg-link (link to .)
[2.778s] Installing balldetector script to /home/robot134/robotws/install/detectors/lib/detectors
[2.780s] Installing depthincenter script to /home/robot134/robotws/install/detectors/lib/detectors
[2.780s] Installing detectaruco script to /home/robot134/robotws/install/detectors/lib/detectors
[2.781s] Installing facedetector script to /home/robot134/robotws/install/detectors/lib/detectors
[2.782s] Installing writearuco script to /home/robot134/robotws/install/detectors/lib/detectors
[2.782s] 
[2.783s] Installed /home/robot134/robotws/build/detectors
[2.783s] running install_data
[2.827s] Invoked command in '/home/robot134/robotws/build/detectors' returned '0': PYTHONPATH=/home/robot134/robotws/build/detectors/prefix_override:/home/robot134/robotws/install/detectors/lib/python3.10/site-packages:${PYTHONPATH} /usr/bin/python3 setup.py develop --editable --build-directory /home/robot134/robotws/build/detectors/build --no-deps install_data
