[1.957s] Invoking command in '/home/robot134/robotws/build/detectors': PYTHONPATH=/home/robot134/robotws/build/detectors/prefix_override:/home/robot134/robotws/install/detectors/lib/python3.10/site-packages:${PYTHONPATH} /usr/bin/python3 setup.py develop --editable --build-directory /home/robot134/robotws/build/detectors/build --no-deps install_data
[2.487s] running develop
[2.487s] /usr/lib/python3/dist-packages/setuptools/command/easy_install.py:158: EasyInstallDeprecationWarning: easy_install command is deprecated. Use build and pip and other standards-based tools.
[2.488s]   warnings.warn(
[2.489s] /usr/lib/python3/dist-packages/setuptools/command/install.py:34: SetuptoolsDeprecationWarning: setup.py install is deprecated. Use build and pip and other standards-based tools.
[2.490s]   warnings.warn(
[2.605s] /usr/lib/python3/dist-packages/pkg_resources/__init__.py:116: PkgResourcesDeprecationWarning: 1.16.0-unknown is an invalid version and will not be supported in a future release
[2.605s]   warnings.warn(
[2.606s] /usr/lib/python3/dist-packages/pkg_resources/__init__.py:116: PkgResourcesDeprecationWarning: 1.1build1 is an invalid version and will not be supported in a future release
[2.606s]   warnings.warn(
[2.607s] /usr/lib/python3/dist-packages/pkg_resources/__init__.py:116: PkgResourcesDeprecationWarning: 0.1.43ubuntu1 is an invalid version and will not be supported in a future release
[2.607s]   warnings.warn(
[2.813s] running egg_info
[2.813s] writing detectors.egg-info/PKG-INFO
[2.814s] writing dependency_links to detectors.egg-info/dependency_links.txt
[2.814s] writing entry points to detectors.egg-info/entry_points.txt
[2.816s] writing requirements to detectors.egg-info/requires.txt
[2.817s] writing top-level names to detectors.egg-info/top_level.txt
[2.817s] reading manifest file 'detectors.egg-info/SOURCES.txt'
[2.817s] writing manifest file 'detectors.egg-info/SOURCES.txt'
[2.820s] running build_ext
[2.820s] Creating /home/robot134/robotws/install/detectors/lib/python3.10/site-packages/detectors.egg-link (link to .)
[2.824s] Installing balldetector script to /home/robot134/robotws/install/detectors/lib/detectors
[2.824s] Installing depthincenter script to /home/robot134/robotws/install/detectors/lib/detectors
[2.825s] Installing detectaruco script to /home/robot134/robotws/install/detectors/lib/detectors
[2.826s] Installing facedetector script to /home/robot134/robotws/install/detectors/lib/detectors
[2.826s] Installing writearuco script to /home/robot134/robotws/install/detectors/lib/detectors
[2.826s] 
[2.827s] Installed /home/robot134/robotws/build/detectors
[2.827s] running install_data
[2.865s] Invoked command in '/home/robot134/robotws/build/detectors' returned '0': PYTHONPATH=/home/robot134/robotws/build/detectors/prefix_override:/home/robot134/robotws/install/detectors/lib/python3.10/site-packages:${PYTHONPATH} /usr/bin/python3 setup.py develop --editable --build-directory /home/robot134/robotws/build/detectors/build --no-deps install_data
