running develop
/usr/lib/python3/dist-packages/setuptools/command/easy_install.py:158: EasyInstallDeprecationWarning: easy_install command is deprecated. Use build and pip and other standards-based tools.
  warnings.warn(
/usr/lib/python3/dist-packages/setuptools/command/install.py:34: SetuptoolsDeprecationWarning: setup.py install is deprecated. Use build and pip and other standards-based tools.
  warnings.warn(
/usr/lib/python3/dist-packages/pkg_resources/__init__.py:116: PkgResourcesDeprecationWarning: 1.16.0-unknown is an invalid version and will not be supported in a future release
  warnings.warn(
/usr/lib/python3/dist-packages/pkg_resources/__init__.py:116: PkgResourcesDeprecationWarning: 1.1build1 is an invalid version and will not be supported in a future release
  warnings.warn(
/usr/lib/python3/dist-packages/pkg_resources/__init__.py:116: PkgResourcesDeprecationWarning: 0.1.43ubuntu1 is an invalid version and will not be supported in a future release
  warnings.warn(
running egg_info
creating detectors.egg-info
writing detectors.egg-info/PKG-INFO
writing dependency_links to detectors.egg-info/dependency_links.txt
writing entry points to detectors.egg-info/entry_points.txt
writing requirements to detectors.egg-info/requires.txt
writing top-level names to detectors.egg-info/top_level.txt
writing manifest file 'detectors.egg-info/SOURCES.txt'
reading manifest file 'detectors.egg-info/SOURCES.txt'
writing manifest file 'detectors.egg-info/SOURCES.txt'
running build_ext
Creating /home/robot134/robotws/src/install/detectors/lib/python3.10/site-packages/detectors.egg-link (link to .)
Installing balldetector script to /home/robot134/robotws/src/install/detectors/lib/detectors
Installing depthincenter script to /home/robot134/robotws/src/install/detectors/lib/detectors
Installing detectaruco script to /home/robot134/robotws/src/install/detectors/lib/detectors
Installing facedetector script to /home/robot134/robotws/src/install/detectors/lib/detectors
Installing writearuco script to /home/robot134/robotws/src/install/detectors/lib/detectors

Installed /home/robot134/robotws/src/build/detectors
running install_data
creating /home/robot134/robotws/src/install/detectors/share/ament_index
creating /home/robot134/robotws/src/install/detectors/share/ament_index/resource_index
creating /home/robot134/robotws/src/install/detectors/share/ament_index/resource_index/packages
copying resource/detectors -> /home/robot134/robotws/src/install/detectors/share/ament_index/resource_index/packages
copying package.xml -> /home/robot134/robotws/src/install/detectors/share/detectors
creating /home/robot134/robotws/src/install/detectors/share/detectors/rviz
copying rviz/viewpointcloud.rviz -> /home/robot134/robotws/src/install/detectors/share/detectors/rviz
copying rviz/viewurdfandimage.rviz -> /home/robot134/robotws/src/install/detectors/share/detectors/rviz
creating /home/robot134/robotws/src/install/detectors/share/detectors/launch
copying launch/start_usbcam.launch.py -> /home/robot134/robotws/src/install/detectors/share/detectors/launch
copying launch/realsense_pointcloud.launch.py -> /home/robot134/robotws/src/install/detectors/share/detectors/launch
copying launch/balldetector.launch.py -> /home/robot134/robotws/src/install/detectors/share/detectors/launch
copying launch/view_usbcam_showimage.launch.py -> /home/robot134/robotws/src/install/detectors/share/detectors/launch
copying launch/view_usbcam_rviz.launch.py -> /home/robot134/robotws/src/install/detectors/share/detectors/launch
copying launch/realsense_plain.launch.py -> /home/robot134/robotws/src/install/detectors/share/detectors/launch
copying launch/detectaruco.launch.py -> /home/robot134/robotws/src/install/detectors/share/detectors/launch
copying launch/facedetector.launch.py -> /home/robot134/robotws/src/install/detectors/share/detectors/launch
copying launch/realsense_aligned.launch.py -> /home/robot134/robotws/src/install/detectors/share/detectors/launch
copying launch/view_usbcam_imageview.launch.py -> /home/robot134/robotws/src/install/detectors/share/detectors/launch
