[1.602s] Invoking command in '/home/robot134/robotws/src/build/detectors': PYTHONPATH=/home/robot134/robotws/src/build/detectors/prefix_override:/home/robot134/robotws/src/install/detectors/lib/python3.10/site-packages:${PYTHONPATH} /usr/bin/python3 setup.py develop --editable --build-directory /home/robot134/robotws/src/build/detectors/build --no-deps install_data
[2.042s] running develop
[2.042s] /usr/lib/python3/dist-packages/setuptools/command/easy_install.py:158: EasyInstallDeprecationWarning: easy_install command is deprecated. Use build and pip and other standards-based tools.
[2.042s]   warnings.warn(
[2.044s] /usr/lib/python3/dist-packages/setuptools/command/install.py:34: SetuptoolsDeprecationWarning: setup.py install is deprecated. Use build and pip and other standards-based tools.
[2.044s]   warnings.warn(
[2.144s] /usr/lib/python3/dist-packages/pkg_resources/__init__.py:116: PkgResourcesDeprecationWarning: 1.16.0-unknown is an invalid version and will not be supported in a future release
[2.144s]   warnings.warn(
[2.145s] /usr/lib/python3/dist-packages/pkg_resources/__init__.py:116: PkgResourcesDeprecationWarning: 1.1build1 is an invalid version and will not be supported in a future release
[2.145s]   warnings.warn(
[2.145s] /usr/lib/python3/dist-packages/pkg_resources/__init__.py:116: PkgResourcesDeprecationWarning: 0.1.43ubuntu1 is an invalid version and will not be supported in a future release
[2.145s]   warnings.warn(
[2.332s] running egg_info
[2.332s] creating detectors.egg-info
[2.332s] writing detectors.egg-info/PKG-INFO
[2.333s] writing dependency_links to detectors.egg-info/dependency_links.txt
[2.333s] writing entry points to detectors.egg-info/entry_points.txt
[2.333s] writing requirements to detectors.egg-info/requires.txt
[2.333s] writing top-level names to detectors.egg-info/top_level.txt
[2.333s] writing manifest file 'detectors.egg-info/SOURCES.txt'
[2.336s] reading manifest file 'detectors.egg-info/SOURCES.txt'
[2.337s] writing manifest file 'detectors.egg-info/SOURCES.txt'
[2.339s] running build_ext
[2.339s] Creating /home/robot134/robotws/src/install/detectors/lib/python3.10/site-packages/detectors.egg-link (link to .)
[2.340s] Installing balldetector script to /home/robot134/robotws/src/install/detectors/lib/detectors
[2.340s] Installing depthincenter script to /home/robot134/robotws/src/install/detectors/lib/detectors
[2.340s] Installing detectaruco script to /home/robot134/robotws/src/install/detectors/lib/detectors
[2.341s] Installing facedetector script to /home/robot134/robotws/src/install/detectors/lib/detectors
[2.341s] Installing writearuco script to /home/robot134/robotws/src/install/detectors/lib/detectors
[2.341s] 
[2.341s] Installed /home/robot134/robotws/src/build/detectors
[2.341s] running install_data
[2.342s] creating /home/robot134/robotws/src/install/detectors/share/ament_index
[2.342s] creating /home/robot134/robotws/src/install/detectors/share/ament_index/resource_index
[2.342s] creating /home/robot134/robotws/src/install/detectors/share/ament_index/resource_index/packages
[2.342s] copying resource/detectors -> /home/robot134/robotws/src/install/detectors/share/ament_index/resource_index/packages
[2.342s] copying package.xml -> /home/robot134/robotws/src/install/detectors/share/detectors
[2.342s] creating /home/robot134/robotws/src/install/detectors/share/detectors/rviz
[2.342s] copying rviz/viewpointcloud.rviz -> /home/robot134/robotws/src/install/detectors/share/detectors/rviz
[2.343s] copying rviz/viewurdfandimage.rviz -> /home/robot134/robotws/src/install/detectors/share/detectors/rviz
[2.344s] creating /home/robot134/robotws/src/install/detectors/share/detectors/launch
[2.344s] copying launch/start_usbcam.launch.py -> /home/robot134/robotws/src/install/detectors/share/detectors/launch
[2.345s] copying launch/realsense_pointcloud.launch.py -> /home/robot134/robotws/src/install/detectors/share/detectors/launch
[2.345s] copying launch/balldetector.launch.py -> /home/robot134/robotws/src/install/detectors/share/detectors/launch
[2.346s] copying launch/view_usbcam_showimage.launch.py -> /home/robot134/robotws/src/install/detectors/share/detectors/launch
[2.348s] copying launch/view_usbcam_rviz.launch.py -> /home/robot134/robotws/src/install/detectors/share/detectors/launch
[2.349s] copying launch/realsense_plain.launch.py -> /home/robot134/robotws/src/install/detectors/share/detectors/launch
[2.350s] copying launch/detectaruco.launch.py -> /home/robot134/robotws/src/install/detectors/share/detectors/launch
[2.351s] copying launch/facedetector.launch.py -> /home/robot134/robotws/src/install/detectors/share/detectors/launch
[2.351s] copying launch/realsense_aligned.launch.py -> /home/robot134/robotws/src/install/detectors/share/detectors/launch
[2.352s] copying launch/view_usbcam_imageview.launch.py -> /home/robot134/robotws/src/install/detectors/share/detectors/launch
[2.435s] Invoked command in '/home/robot134/robotws/src/build/detectors' returned '0': PYTHONPATH=/home/robot134/robotws/src/build/detectors/prefix_override:/home/robot134/robotws/src/install/detectors/lib/python3.10/site-packages:${PYTHONPATH} /usr/bin/python3 setup.py develop --editable --build-directory /home/robot134/robotws/src/build/detectors/build --no-deps install_data
