[1.273s] Invoking command in '/home/robot134/robotws/src/build/operation': PYTHONPATH=/home/robot134/robotws/src/build/operation/prefix_override:/home/robot134/robotws/src/install/operation/lib/python3.10/site-packages:${PYTHONPATH} /usr/bin/python3 setup.py develop --editable --build-directory /home/robot134/robotws/src/build/operation/build --no-deps install_data
[1.532s] running develop
[1.533s] /usr/lib/python3/dist-packages/setuptools/command/easy_install.py:158: EasyInstallDeprecationWarning: easy_install command is deprecated. Use build and pip and other standards-based tools.
[1.533s]   warnings.warn(
[1.534s] /usr/lib/python3/dist-packages/setuptools/command/install.py:34: SetuptoolsDeprecationWarning: setup.py install is deprecated. Use build and pip and other standards-based tools.
[1.534s]   warnings.warn(
[1.592s] /usr/lib/python3/dist-packages/pkg_resources/__init__.py:116: PkgResourcesDeprecationWarning: 1.16.0-unknown is an invalid version and will not be supported in a future release
[1.592s]   warnings.warn(
[1.592s] /usr/lib/python3/dist-packages/pkg_resources/__init__.py:116: PkgResourcesDeprecationWarning: 1.1build1 is an invalid version and will not be supported in a future release
[1.592s]   warnings.warn(
[1.593s] /usr/lib/python3/dist-packages/pkg_resources/__init__.py:116: PkgResourcesDeprecationWarning: 0.1.43ubuntu1 is an invalid version and will not be supported in a future release
[1.593s]   warnings.warn(
[1.703s] running egg_info
[1.703s] writing operation.egg-info/PKG-INFO
[1.703s] writing dependency_links to operation.egg-info/dependency_links.txt
[1.704s] writing entry points to operation.egg-info/entry_points.txt
[1.704s] writing requirements to operation.egg-info/requires.txt
[1.704s] writing top-level names to operation.egg-info/top_level.txt
[1.707s] reading manifest file 'operation.egg-info/SOURCES.txt'
[1.708s] writing manifest file 'operation.egg-info/SOURCES.txt'
[1.710s] running build_ext
[1.710s] Creating /home/robot134/robotws/src/install/operation/lib/python3.10/site-packages/operation.egg-link (link to .)
[1.711s] Installing demo134 script to /home/robot134/robotws/src/install/operation/lib/operation
[1.712s] 
[1.712s] Installed /home/robot134/robotws/src/build/operation
[1.712s] running install_data
[1.713s] copying urdf/example.urdf -> /home/robot134/robotws/src/install/operation/share/operation/urdf
[1.742s] Invoked command in '/home/robot134/robotws/src/build/operation' returned '0': PYTHONPATH=/home/robot134/robotws/src/build/operation/prefix_override:/home/robot134/robotws/src/install/operation/lib/python3.10/site-packages:${PYTHONPATH} /usr/bin/python3 setup.py develop --editable --build-directory /home/robot134/robotws/src/build/operation/build --no-deps install_data
