[1.655s] Invoking command in '/home/robot134/robotws/src/build/basic134': PYTHONPATH=/home/robot134/robotws/src/build/basic134/prefix_override:/home/robot134/robotws/src/install/basic134/lib/python3.10/site-packages:${PYTHONPATH} /usr/bin/python3 setup.py develop --editable --build-directory /home/robot134/robotws/src/build/basic134/build --no-deps install_data
[2.096s] running develop
[2.096s] /usr/lib/python3/dist-packages/setuptools/command/easy_install.py:158: EasyInstallDeprecationWarning: easy_install command is deprecated. Use build and pip and other standards-based tools.
[2.096s]   warnings.warn(
[2.098s] /usr/lib/python3/dist-packages/setuptools/command/install.py:34: SetuptoolsDeprecationWarning: setup.py install is deprecated. Use build and pip and other standards-based tools.
[2.098s]   warnings.warn(
[2.200s] /usr/lib/python3/dist-packages/pkg_resources/__init__.py:116: PkgResourcesDeprecationWarning: 1.16.0-unknown is an invalid version and will not be supported in a future release
[2.200s]   warnings.warn(
[2.201s] /usr/lib/python3/dist-packages/pkg_resources/__init__.py:116: PkgResourcesDeprecationWarning: 1.1build1 is an invalid version and will not be supported in a future release
[2.201s]   warnings.warn(
[2.201s] /usr/lib/python3/dist-packages/pkg_resources/__init__.py:116: PkgResourcesDeprecationWarning: 0.1.43ubuntu1 is an invalid version and will not be supported in a future release
[2.201s]   warnings.warn(
[2.397s] running egg_info
[2.398s] writing basic134.egg-info/PKG-INFO
[2.398s] writing dependency_links to basic134.egg-info/dependency_links.txt
[2.398s] writing entry points to basic134.egg-info/entry_points.txt
[2.399s] writing requirements to basic134.egg-info/requires.txt
[2.399s] writing top-level names to basic134.egg-info/top_level.txt
[2.402s] reading manifest file 'basic134.egg-info/SOURCES.txt'
[2.403s] writing manifest file 'basic134.egg-info/SOURCES.txt'
[2.405s] running build_ext
[2.406s] Creating /home/robot134/robotws/src/install/basic134/lib/python3.10/site-packages/basic134.egg-link (link to .)
[2.407s] Installing demo134 script to /home/robot134/robotws/src/install/basic134/lib/basic134
[2.407s] 
[2.407s] Installed /home/robot134/robotws/src/build/basic134
[2.408s] running install_data
[2.452s] Invoked command in '/home/robot134/robotws/src/build/basic134' returned '0': PYTHONPATH=/home/robot134/robotws/src/build/basic134/prefix_override:/home/robot134/robotws/src/install/basic134/lib/python3.10/site-packages:${PYTHONPATH} /usr/bin/python3 setup.py develop --editable --build-directory /home/robot134/robotws/src/build/basic134/build --no-deps install_data
