[2.064s] Invoking command in '/home/robot134/robotws/build/detectors': PYTHONPATH=/home/robot134/robotws/build/detectors/prefix_override:/home/robot134/robotws/install/detectors/lib/python3.10/site-packages:${PYTHONPATH} /usr/bin/python3 setup.py develop --editable --build-directory /home/robot134/robotws/build/detectors/build --no-deps install_data
[2.613s] running develop
[2.613s] /usr/lib/python3/dist-packages/setuptools/command/easy_install.py:158: EasyInstallDeprecationWarning: easy_install command is deprecated. Use build and pip and other standards-based tools.
[2.614s]   warnings.warn(
[2.622s] /usr/lib/python3/dist-packages/setuptools/command/install.py:34: SetuptoolsDeprecationWarning: setup.py install is deprecated. Use build and pip and other standards-based tools.
[2.622s]   warnings.warn(
[2.754s] /usr/lib/python3/dist-packages/pkg_resources/__init__.py:116: PkgResourcesDeprecationWarning: 1.16.0-unknown is an invalid version and will not be supported in a future release
[2.754s]   warnings.warn(
[2.756s] /usr/lib/python3/dist-packages/pkg_resources/__init__.py:116: PkgResourcesDeprecationWarning: 1.1build1 is an invalid version and will not be supported in a future release
[2.756s]   warnings.warn(
[2.756s] /usr/lib/python3/dist-packages/pkg_resources/__init__.py:116: PkgResourcesDeprecationWarning: 0.1.43ubuntu1 is an invalid version and will not be supported in a future release
[2.756s]   warnings.warn(
[2.981s] running egg_info
[2.982s] writing detectors.egg-info/PKG-INFO
[2.983s] writing dependency_links to detectors.egg-info/dependency_links.txt
[2.983s] writing entry points to detectors.egg-info/entry_points.txt
[2.983s] writing requirements to detectors.egg-info/requires.txt
[2.983s] writing top-level names to detectors.egg-info/top_level.txt
[2.988s] reading manifest file 'detectors.egg-info/SOURCES.txt'
[2.988s] writing manifest file 'detectors.egg-info/SOURCES.txt'
[2.988s] running build_ext
[2.989s] Creating /home/robot134/robotws/install/detectors/lib/python3.10/site-packages/detectors.egg-link (link to .)
[2.990s] Installing balldetector script to /home/robot134/robotws/install/detectors/lib/detectors
[2.991s] Installing depthincenter script to /home/robot134/robotws/install/detectors/lib/detectors
[2.991s] Installing detectaruco script to /home/robot134/robotws/install/detectors/lib/detectors
[2.991s] Installing facedetector script to /home/robot134/robotws/install/detectors/lib/detectors
[2.991s] Installing writearuco script to /home/robot134/robotws/install/detectors/lib/detectors
[2.991s] 
[2.991s] Installed /home/robot134/robotws/build/detectors
[2.991s] running install_data
[3.029s] Invoked command in '/home/robot134/robotws/build/detectors' returned '0': PYTHONPATH=/home/robot134/robotws/build/detectors/prefix_override:/home/robot134/robotws/install/detectors/lib/python3.10/site-packages:${PYTHONPATH} /usr/bin/python3 setup.py develop --editable --build-directory /home/robot134/robotws/build/detectors/build --no-deps install_data
