[1.725s] Invoking command in '/home/robot134/robotws/src/build/operation': PYTHONPATH=/home/robot134/robotws/src/build/operation/prefix_override:/home/robot134/robotws/src/install/operation/lib/python3.10/site-packages:${PYTHONPATH} /usr/bin/python3 setup.py develop --editable --build-directory /home/robot134/robotws/src/build/operation/build --no-deps install_data
[2.236s] running develop
[2.237s] /usr/lib/python3/dist-packages/setuptools/command/easy_install.py:158: EasyInstallDeprecationWarning: easy_install command is deprecated. Use build and pip and other standards-based tools.
[2.237s]   warnings.warn(
[2.238s] /usr/lib/python3/dist-packages/setuptools/command/install.py:34: SetuptoolsDeprecationWarning: setup.py install is deprecated. Use build and pip and other standards-based tools.
[2.239s]   warnings.warn(
[2.344s] /usr/lib/python3/dist-packages/pkg_resources/__init__.py:116: PkgResourcesDeprecationWarning: 1.16.0-unknown is an invalid version and will not be supported in a future release
[2.344s]   warnings.warn(
[2.344s] /usr/lib/python3/dist-packages/pkg_resources/__init__.py:116: PkgResourcesDeprecationWarning: 1.1build1 is an invalid version and will not be supported in a future release
[2.345s]   warnings.warn(
[2.345s] /usr/lib/python3/dist-packages/pkg_resources/__init__.py:116: PkgResourcesDeprecationWarning: 0.1.43ubuntu1 is an invalid version and will not be supported in a future release
[2.346s]   warnings.warn(
[2.521s] running egg_info
[2.521s] writing operation.egg-info/PKG-INFO
[2.522s] writing dependency_links to operation.egg-info/dependency_links.txt
[2.522s] writing entry points to operation.egg-info/entry_points.txt
[2.522s] writing requirements to operation.egg-info/requires.txt
[2.522s] writing top-level names to operation.egg-info/top_level.txt
[2.526s] reading manifest file 'operation.egg-info/SOURCES.txt'
[2.527s] writing manifest file 'operation.egg-info/SOURCES.txt'
[2.527s] running build_ext
[2.528s] Creating /home/robot134/robotws/src/install/operation/lib/python3.10/site-packages/operation.egg-link (link to .)
[2.531s] Installing demo134 script to /home/robot134/robotws/src/install/operation/lib/operation
[2.532s] 
[2.532s] Installed /home/robot134/robotws/src/build/operation
[2.532s] running install_data
[2.558s] Invoked command in '/home/robot134/robotws/src/build/operation' returned '0': PYTHONPATH=/home/robot134/robotws/src/build/operation/prefix_override:/home/robot134/robotws/src/install/operation/lib/python3.10/site-packages:${PYTHONPATH} /usr/bin/python3 setup.py develop --editable --build-directory /home/robot134/robotws/src/build/operation/build --no-deps install_data
