[1.645s] Invoking command in '/home/robot134/robotws/src/build/detectors': PYTHONPATH=/home/robot134/robotws/src/build/detectors/prefix_override:/home/robot134/robotws/src/install/detectors/lib/python3.10/site-packages:${PYTHONPATH} /usr/bin/python3 setup.py develop --editable --build-directory /home/robot134/robotws/src/build/detectors/build --no-deps install_data
[2.085s] running develop
[2.085s] /usr/lib/python3/dist-packages/setuptools/command/easy_install.py:158: EasyInstallDeprecationWarning: easy_install command is deprecated. Use build and pip and other standards-based tools.
[2.085s]   warnings.warn(
[2.087s] /usr/lib/python3/dist-packages/setuptools/command/install.py:34: SetuptoolsDeprecationWarning: setup.py install is deprecated. Use build and pip and other standards-based tools.
[2.087s]   warnings.warn(
[2.197s] /usr/lib/python3/dist-packages/pkg_resources/__init__.py:116: PkgResourcesDeprecationWarning: 1.16.0-unknown is an invalid version and will not be supported in a future release
[2.197s]   warnings.warn(
[2.199s] /usr/lib/python3/dist-packages/pkg_resources/__init__.py:116: PkgResourcesDeprecationWarning: 1.1build1 is an invalid version and will not be supported in a future release
[2.199s]   warnings.warn(
[2.199s] /usr/lib/python3/dist-packages/pkg_resources/__init__.py:116: PkgResourcesDeprecationWarning: 0.1.43ubuntu1 is an invalid version and will not be supported in a future release
[2.199s]   warnings.warn(
[2.392s] running egg_info
[2.392s] writing detectors.egg-info/PKG-INFO
[2.393s] writing dependency_links to detectors.egg-info/dependency_links.txt
[2.393s] writing entry points to detectors.egg-info/entry_points.txt
[2.393s] writing requirements to detectors.egg-info/requires.txt
[2.393s] writing top-level names to detectors.egg-info/top_level.txt
[2.397s] reading manifest file 'detectors.egg-info/SOURCES.txt'
[2.398s] writing manifest file 'detectors.egg-info/SOURCES.txt'
[2.400s] running build_ext
[2.401s] Creating /home/robot134/robotws/src/install/detectors/lib/python3.10/site-packages/detectors.egg-link (link to .)
[2.402s] Installing balldetector script to /home/robot134/robotws/src/install/detectors/lib/detectors
[2.403s] Installing depthincenter script to /home/robot134/robotws/src/install/detectors/lib/detectors
[2.403s] Installing detectaruco script to /home/robot134/robotws/src/install/detectors/lib/detectors
[2.404s] Installing facedetector script to /home/robot134/robotws/src/install/detectors/lib/detectors
[2.404s] Installing writearuco script to /home/robot134/robotws/src/install/detectors/lib/detectors
[2.405s] 
[2.405s] Installed /home/robot134/robotws/src/build/detectors
[2.405s] running install_data
[2.406s] copying launch/detectaruco.launch.py -> /home/robot134/robotws/src/install/detectors/share/detectors/launch
[2.479s] Invoked command in '/home/robot134/robotws/src/build/detectors' returned '0': PYTHONPATH=/home/robot134/robotws/src/build/detectors/prefix_override:/home/robot134/robotws/src/install/detectors/lib/python3.10/site-packages:${PYTHONPATH} /usr/bin/python3 setup.py develop --editable --build-directory /home/robot134/robotws/src/build/detectors/build --no-deps install_data
