[1.308s] Invoking command in '/home/robot134/robotws/src/build/operation': PYTHONPATH=/home/robot134/robotws/src/build/operation/prefix_override:/home/robot134/robotws/src/install/operation/lib/python3.10/site-packages:${PYTHONPATH} /usr/bin/python3 setup.py develop --editable --build-directory /home/robot134/robotws/src/build/operation/build --no-deps install_data
[1.728s] running develop
[1.729s] /usr/lib/python3/dist-packages/setuptools/command/easy_install.py:158: EasyInstallDeprecationWarning: easy_install command is deprecated. Use build and pip and other standards-based tools.
[1.729s]   warnings.warn(
[1.731s] /usr/lib/python3/dist-packages/setuptools/command/install.py:34: SetuptoolsDeprecationWarning: setup.py install is deprecated. Use build and pip and other standards-based tools.
[1.731s]   warnings.warn(
[1.831s] /usr/lib/python3/dist-packages/pkg_resources/__init__.py:116: PkgResourcesDeprecationWarning: 1.16.0-unknown is an invalid version and will not be supported in a future release
[1.831s]   warnings.warn(
[1.832s] /usr/lib/python3/dist-packages/pkg_resources/__init__.py:116: PkgResourcesDeprecationWarning: 1.1build1 is an invalid version and will not be supported in a future release
[1.832s]   warnings.warn(
[1.832s] /usr/lib/python3/dist-packages/pkg_resources/__init__.py:116: PkgResourcesDeprecationWarning: 0.1.43ubuntu1 is an invalid version and will not be supported in a future release
[1.832s]   warnings.warn(
[2.014s] running egg_info
[2.015s] writing operation.egg-info/PKG-INFO
[2.015s] writing dependency_links to operation.egg-info/dependency_links.txt
[2.015s] writing entry points to operation.egg-info/entry_points.txt
[2.015s] writing requirements to operation.egg-info/requires.txt
[2.015s] writing top-level names to operation.egg-info/top_level.txt
[2.018s] reading manifest file 'operation.egg-info/SOURCES.txt'
[2.019s] writing manifest file 'operation.egg-info/SOURCES.txt'
[2.027s] running build_ext
[2.027s] Creating /home/robot134/robotws/src/install/operation/lib/python3.10/site-packages/operation.egg-link (link to .)
[2.028s] Installing demo134 script to /home/robot134/robotws/src/install/operation/lib/operation
[2.028s] 
[2.028s] Installed /home/robot134/robotws/src/build/operation
[2.029s] running install_data
[2.029s] copying urdf/example.urdf -> /home/robot134/robotws/src/install/operation/share/operation/urdf
[2.073s] Invoked command in '/home/robot134/robotws/src/build/operation' returned '0': PYTHONPATH=/home/robot134/robotws/src/build/operation/prefix_override:/home/robot134/robotws/src/install/operation/lib/python3.10/site-packages:${PYTHONPATH} /usr/bin/python3 setup.py develop --editable --build-directory /home/robot134/robotws/src/build/operation/build --no-deps install_data
