[1.586s] Invoking command in '/home/robot134/robotws/src/build/hebiros': PYTHONPATH=/home/robot134/robotws/src/build/hebiros/prefix_override:/home/robot134/robotws/src/install/hebiros/lib/python3.10/site-packages:${PYTHONPATH} /usr/bin/python3 setup.py develop --editable --build-directory /home/robot134/robotws/src/build/hebiros/build --no-deps install_data
[2.037s] running develop
[2.037s] /usr/lib/python3/dist-packages/setuptools/command/easy_install.py:158: EasyInstallDeprecationWarning: easy_install command is deprecated. Use build and pip and other standards-based tools.
[2.037s]   warnings.warn(
[2.039s] /usr/lib/python3/dist-packages/setuptools/command/install.py:34: SetuptoolsDeprecationWarning: setup.py install is deprecated. Use build and pip and other standards-based tools.
[2.039s]   warnings.warn(
[2.147s] /usr/lib/python3/dist-packages/pkg_resources/__init__.py:116: PkgResourcesDeprecationWarning: 1.16.0-unknown is an invalid version and will not be supported in a future release
[2.147s]   warnings.warn(
[2.148s] /usr/lib/python3/dist-packages/pkg_resources/__init__.py:116: PkgResourcesDeprecationWarning: 1.1build1 is an invalid version and will not be supported in a future release
[2.148s]   warnings.warn(
[2.149s] /usr/lib/python3/dist-packages/pkg_resources/__init__.py:116: PkgResourcesDeprecationWarning: 0.1.43ubuntu1 is an invalid version and will not be supported in a future release
[2.149s]   warnings.warn(
[2.353s] running egg_info
[2.353s] writing hebiros.egg-info/PKG-INFO
[2.354s] writing dependency_links to hebiros.egg-info/dependency_links.txt
[2.354s] writing entry points to hebiros.egg-info/entry_points.txt
[2.354s] writing requirements to hebiros.egg-info/requires.txt
[2.354s] writing top-level names to hebiros.egg-info/top_level.txt
[2.357s] reading manifest file 'hebiros.egg-info/SOURCES.txt'
[2.358s] writing manifest file 'hebiros.egg-info/SOURCES.txt'
[2.360s] running build_ext
[2.360s] Creating /home/robot134/robotws/src/install/hebiros/lib/python3.10/site-packages/hebiros.egg-link (link to .)
[2.362s] Installing hebinode script to /home/robot134/robotws/src/install/hebiros/lib/hebiros
[2.362s] Installing hebiscan script to /home/robot134/robotws/src/install/hebiros/lib/hebiros
[2.362s] Installing testsend script to /home/robot134/robotws/src/install/hebiros/lib/hebiros
[2.362s] 
[2.362s] Installed /home/robot134/robotws/src/build/hebiros
[2.363s] running install_data
[2.440s] Invoked command in '/home/robot134/robotws/src/build/hebiros' returned '0': PYTHONPATH=/home/robot134/robotws/src/build/hebiros/prefix_override:/home/robot134/robotws/src/install/hebiros/lib/python3.10/site-packages:${PYTHONPATH} /usr/bin/python3 setup.py develop --editable --build-directory /home/robot134/robotws/src/build/hebiros/build --no-deps install_data
