[1.077s] Invoking command in '/home/robot134/robotws/src/build/demo134': PYTHONPATH=/home/robot134/robotws/src/build/demo134/prefix_override:/home/robot134/robotws/src/install/demo134/lib/python3.10/site-packages:${PYTHONPATH} /usr/bin/python3 setup.py develop --editable --build-directory /home/robot134/robotws/src/build/demo134/build --no-deps install_data
[1.438s] running develop
[1.438s] /usr/lib/python3/dist-packages/setuptools/command/easy_install.py:158: EasyInstallDeprecationWarning: easy_install command is deprecated. Use build and pip and other standards-based tools.
[1.438s]   warnings.warn(
[1.440s] /usr/lib/python3/dist-packages/setuptools/command/install.py:34: SetuptoolsDeprecationWarning: setup.py install is deprecated. Use build and pip and other standards-based tools.
[1.440s]   warnings.warn(
[1.534s] /usr/lib/python3/dist-packages/pkg_resources/__init__.py:116: PkgResourcesDeprecationWarning: 1.16.0-unknown is an invalid version and will not be supported in a future release
[1.534s]   warnings.warn(
[1.534s] /usr/lib/python3/dist-packages/pkg_resources/__init__.py:116: PkgResourcesDeprecationWarning: 1.1build1 is an invalid version and will not be supported in a future release
[1.534s]   warnings.warn(
[1.535s] /usr/lib/python3/dist-packages/pkg_resources/__init__.py:116: PkgResourcesDeprecationWarning: 0.1.43ubuntu1 is an invalid version and will not be supported in a future release
[1.535s]   warnings.warn(
[1.708s] running egg_info
[1.708s] creating demo134.egg-info
[1.708s] writing demo134.egg-info/PKG-INFO
[1.708s] writing dependency_links to demo134.egg-info/dependency_links.txt
[1.708s] writing entry points to demo134.egg-info/entry_points.txt
[1.708s] writing requirements to demo134.egg-info/requires.txt
[1.709s] writing top-level names to demo134.egg-info/top_level.txt
[1.709s] writing manifest file 'demo134.egg-info/SOURCES.txt'
[1.711s] reading manifest file 'demo134.egg-info/SOURCES.txt'
[1.712s] writing manifest file 'demo134.egg-info/SOURCES.txt'
[1.713s] running build_ext
[1.714s] Creating /home/robot134/robotws/src/install/demo134/lib/python3.10/site-packages/demo134.egg-link (link to .)
[1.715s] Installing demo134 script to /home/robot134/robotws/src/install/demo134/lib/demo134
[1.715s] 
[1.715s] Installed /home/robot134/robotws/src/build/demo134
[1.715s] running install_data
[1.715s] creating /home/robot134/robotws/src/install/demo134/share/ament_index
[1.715s] creating /home/robot134/robotws/src/install/demo134/share/ament_index/resource_index
[1.715s] creating /home/robot134/robotws/src/install/demo134/share/ament_index/resource_index/packages
[1.716s] copying resource/demo134 -> /home/robot134/robotws/src/install/demo134/share/ament_index/resource_index/packages
[1.716s] copying package.xml -> /home/robot134/robotws/src/install/demo134/share/demo134
[1.716s] creating /home/robot134/robotws/src/install/demo134/share/demo134/launch
[1.716s] copying launch/demo134.launch.py -> /home/robot134/robotws/src/install/demo134/share/demo134/launch
[1.752s] Invoked command in '/home/robot134/robotws/src/build/demo134' returned '0': PYTHONPATH=/home/robot134/robotws/src/build/demo134/prefix_override:/home/robot134/robotws/src/install/demo134/lib/python3.10/site-packages:${PYTHONPATH} /usr/bin/python3 setup.py develop --editable --build-directory /home/robot134/robotws/src/build/demo134/build --no-deps install_data
