[1.971s] Invoking command in '/home/robot134/robotws/build/operation': PYTHONPATH=/home/robot134/robotws/build/operation/prefix_override:/home/robot134/robotws/install/operation/lib/python3.10/site-packages:${PYTHONPATH} /usr/bin/python3 setup.py develop --editable --build-directory /home/robot134/robotws/build/operation/build --no-deps install_data
[2.529s] running develop
[2.530s] /usr/lib/python3/dist-packages/setuptools/command/easy_install.py:158: EasyInstallDeprecationWarning: easy_install command is deprecated. Use build and pip and other standards-based tools.
[2.530s]   warnings.warn(
[2.532s] /usr/lib/python3/dist-packages/setuptools/command/install.py:34: SetuptoolsDeprecationWarning: setup.py install is deprecated. Use build and pip and other standards-based tools.
[2.532s]   warnings.warn(
[2.656s] /usr/lib/python3/dist-packages/pkg_resources/__init__.py:116: PkgResourcesDeprecationWarning: 1.16.0-unknown is an invalid version and will not be supported in a future release
[2.656s]   warnings.warn(
[2.657s] /usr/lib/python3/dist-packages/pkg_resources/__init__.py:116: PkgResourcesDeprecationWarning: 1.1build1 is an invalid version and will not be supported in a future release
[2.657s]   warnings.warn(
[2.657s] /usr/lib/python3/dist-packages/pkg_resources/__init__.py:116: PkgResourcesDeprecationWarning: 0.1.43ubuntu1 is an invalid version and will not be supported in a future release
[2.658s]   warnings.warn(
[2.893s] running egg_info
[2.894s] writing operation.egg-info/PKG-INFO
[2.894s] writing dependency_links to operation.egg-info/dependency_links.txt
[2.894s] writing entry points to operation.egg-info/entry_points.txt
[2.894s] writing requirements to operation.egg-info/requires.txt
[2.895s] writing top-level names to operation.egg-info/top_level.txt
[2.897s] reading manifest file 'operation.egg-info/SOURCES.txt'
[2.899s] writing manifest file 'operation.egg-info/SOURCES.txt'
[2.902s] running build_ext
[2.902s] Creating /home/robot134/robotws/install/operation/lib/python3.10/site-packages/operation.egg-link (link to .)
[2.906s] Installing arucodetector script to /home/robot134/robotws/install/operation/lib/operation
[2.906s] Installing demo134 script to /home/robot134/robotws/install/operation/lib/operation
[2.906s] Installing republish_ctrl script to /home/robot134/robotws/install/operation/lib/operation
[2.906s] 
[2.906s] Installed /home/robot134/robotws/build/operation
[2.906s] running install_data
[2.906s] copying launch/runexample.launch.py -> /home/robot134/robotws/install/operation/share/operation/launch
[2.942s] Invoked command in '/home/robot134/robotws/build/operation' returned '0': PYTHONPATH=/home/robot134/robotws/build/operation/prefix_override:/home/robot134/robotws/install/operation/lib/python3.10/site-packages:${PYTHONPATH} /usr/bin/python3 setup.py develop --editable --build-directory /home/robot134/robotws/build/operation/build --no-deps install_data
