[1.613s] Invoking command in '/home/robot134/robotws/src/build/detectors': PYTHONPATH=/home/robot134/robotws/src/build/detectors/prefix_override:/home/robot134/robotws/src/install/detectors/lib/python3.10/site-packages:${PYTHONPATH} /usr/bin/python3 setup.py develop --editable --build-directory /home/robot134/robotws/src/build/detectors/build --no-deps install_data
[2.054s] running develop
[2.055s] /usr/lib/python3/dist-packages/setuptools/command/easy_install.py:158: EasyInstallDeprecationWarning: easy_install command is deprecated. Use build and pip and other standards-based tools.
[2.055s]   warnings.warn(
[2.056s] /usr/lib/python3/dist-packages/setuptools/command/install.py:34: SetuptoolsDeprecationWarning: setup.py install is deprecated. Use build and pip and other standards-based tools.
[2.057s]   warnings.warn(
[2.166s] /usr/lib/python3/dist-packages/pkg_resources/__init__.py:116: PkgResourcesDeprecationWarning: 1.16.0-unknown is an invalid version and will not be supported in a future release
[2.166s]   warnings.warn(
[2.167s] /usr/lib/python3/dist-packages/pkg_resources/__init__.py:116: PkgResourcesDeprecationWarning: 1.1build1 is an invalid version and will not be supported in a future release
[2.168s]   warnings.warn(
[2.168s] /usr/lib/python3/dist-packages/pkg_resources/__init__.py:116: PkgResourcesDeprecationWarning: 0.1.43ubuntu1 is an invalid version and will not be supported in a future release
[2.169s]   warnings.warn(
[2.368s] running egg_info
[2.369s] writing detectors.egg-info/PKG-INFO
[2.369s] writing dependency_links to detectors.egg-info/dependency_links.txt
[2.370s] writing entry points to detectors.egg-info/entry_points.txt
[2.371s] writing requirements to detectors.egg-info/requires.txt
[2.371s] writing top-level names to detectors.egg-info/top_level.txt
[2.375s] reading manifest file 'detectors.egg-info/SOURCES.txt'
[2.376s] writing manifest file 'detectors.egg-info/SOURCES.txt'
[2.379s] running build_ext
[2.379s] Creating /home/robot134/robotws/src/install/detectors/lib/python3.10/site-packages/detectors.egg-link (link to .)
[2.381s] Installing balldetector script to /home/robot134/robotws/src/install/detectors/lib/detectors
[2.381s] Installing depthincenter script to /home/robot134/robotws/src/install/detectors/lib/detectors
[2.382s] Installing detectaruco script to /home/robot134/robotws/src/install/detectors/lib/detectors
[2.382s] Installing facedetector script to /home/robot134/robotws/src/install/detectors/lib/detectors
[2.382s] Installing writearuco script to /home/robot134/robotws/src/install/detectors/lib/detectors
[2.383s] 
[2.383s] Installed /home/robot134/robotws/src/build/detectors
[2.383s] running install_data
[2.456s] Invoked command in '/home/robot134/robotws/src/build/detectors' returned '0': PYTHONPATH=/home/robot134/robotws/src/build/detectors/prefix_override:/home/robot134/robotws/src/install/detectors/lib/python3.10/site-packages:${PYTHONPATH} /usr/bin/python3 setup.py develop --editable --build-directory /home/robot134/robotws/src/build/detectors/build --no-deps install_data
