running develop
/usr/lib/python3/dist-packages/setuptools/command/easy_install.py:158: EasyInstallDeprecationWarning: easy_install command is deprecated. Use build and pip and other standards-based tools.
  warnings.warn(
/usr/lib/python3/dist-packages/setuptools/command/install.py:34: SetuptoolsDeprecationWarning: setup.py install is deprecated. Use build and pip and other standards-based tools.
  warnings.warn(
/usr/lib/python3/dist-packages/pkg_resources/__init__.py:116: PkgResourcesDeprecationWarning: 1.16.0-unknown is an invalid version and will not be supported in a future release
  warnings.warn(
/usr/lib/python3/dist-packages/pkg_resources/__init__.py:116: PkgResourcesDeprecationWarning: 1.1build1 is an invalid version and will not be supported in a future release
  warnings.warn(
/usr/lib/python3/dist-packages/pkg_resources/__init__.py:116: PkgResourcesDeprecationWarning: 0.1.43ubuntu1 is an invalid version and will not be supported in a future release
  warnings.warn(
running egg_info
writing basic134.egg-info/PKG-INFO
writing dependency_links to basic134.egg-info/dependency_links.txt
writing entry points to basic134.egg-info/entry_points.txt
writing requirements to basic134.egg-info/requires.txt
writing top-level names to basic134.egg-info/top_level.txt
reading manifest file 'basic134.egg-info/SOURCES.txt'
writing manifest file 'basic134.egg-info/SOURCES.txt'
running build_ext
Creating /home/robot134/robotws/src/install/basic134/lib/python3.10/site-packages/basic134.egg-link (link to .)
Installing demo134 script to /home/robot134/robotws/src/install/basic134/lib/basic134

Installed /home/robot134/robotws/src/build/basic134
running install_data
