[2.194s] Invoking command in '/home/robot134/robotws/build/basic134': PYTHONPATH=/home/robot134/robotws/build/basic134/prefix_override:/home/robot134/robotws/install/basic134/lib/python3.10/site-packages:${PYTHONPATH} /usr/bin/python3 setup.py develop --editable --build-directory /home/robot134/robotws/build/basic134/build --no-deps install_data
[2.799s] running develop
[2.799s] /usr/lib/python3/dist-packages/setuptools/command/easy_install.py:158: EasyInstallDeprecationWarning: easy_install command is deprecated. Use build and pip and other standards-based tools.
[2.799s]   warnings.warn(
[2.801s] /usr/lib/python3/dist-packages/setuptools/command/install.py:34: SetuptoolsDeprecationWarning: setup.py install is deprecated. Use build and pip and other standards-based tools.
[2.801s]   warnings.warn(
[2.924s] /usr/lib/python3/dist-packages/pkg_resources/__init__.py:116: PkgResourcesDeprecationWarning: 1.16.0-unknown is an invalid version and will not be supported in a future release
[2.924s]   warnings.warn(
[2.927s] /usr/lib/python3/dist-packages/pkg_resources/__init__.py:116: PkgResourcesDeprecationWarning: 1.1build1 is an invalid version and will not be supported in a future release
[2.927s]   warnings.warn(
[2.927s] /usr/lib/python3/dist-packages/pkg_resources/__init__.py:116: PkgResourcesDeprecationWarning: 0.1.43ubuntu1 is an invalid version and will not be supported in a future release
[2.927s]   warnings.warn(
[3.106s] running egg_info
[3.106s] creating basic134.egg-info
[3.107s] writing basic134.egg-info/PKG-INFO
[3.107s] writing dependency_links to basic134.egg-info/dependency_links.txt
[3.108s] writing entry points to basic134.egg-info/entry_points.txt
[3.108s] writing requirements to basic134.egg-info/requires.txt
[3.108s] writing top-level names to basic134.egg-info/top_level.txt
[3.109s] writing manifest file 'basic134.egg-info/SOURCES.txt'
[3.111s] reading manifest file 'basic134.egg-info/SOURCES.txt'
[3.113s] writing manifest file 'basic134.egg-info/SOURCES.txt'
[3.115s] running build_ext
[3.115s] Creating /home/robot134/robotws/install/basic134/lib/python3.10/site-packages/basic134.egg-link (link to .)
[3.116s] Installing demo134 script to /home/robot134/robotws/install/basic134/lib/basic134
[3.116s] 
[3.116s] Installed /home/robot134/robotws/build/basic134
[3.117s] running install_data
[3.117s] creating /home/robot134/robotws/install/basic134/share/ament_index
[3.117s] creating /home/robot134/robotws/install/basic134/share/ament_index/resource_index
[3.117s] creating /home/robot134/robotws/install/basic134/share/ament_index/resource_index/packages
[3.117s] copying resource/basic134 -> /home/robot134/robotws/install/basic134/share/ament_index/resource_index/packages
[3.117s] copying package.xml -> /home/robot134/robotws/install/basic134/share/basic134
[3.117s] creating /home/robot134/robotws/install/basic134/share/basic134/launch
[3.117s] copying launch/runexample.launch.py -> /home/robot134/robotws/install/basic134/share/basic134/launch
[3.142s] copying launch/viewexample.launch.py -> /home/robot134/robotws/install/basic134/share/basic134/launch
[3.142s] creating /home/robot134/robotws/install/basic134/share/basic134/rviz
[3.143s] copying rviz/viewurdf.rviz -> /home/robot134/robotws/install/basic134/share/basic134/rviz
[3.143s] creating /home/robot134/robotws/install/basic134/share/basic134/meshes
[3.144s] copying meshes/link.STL -> /home/robot134/robotws/install/basic134/share/basic134/meshes
[3.145s] copying meshes/link_short.STL -> /home/robot134/robotws/install/basic134/share/basic134/meshes
[3.147s] copying meshes/lbracket.STL -> /home/robot134/robotws/install/basic134/share/basic134/meshes
[3.148s] copying meshes/X8.stl -> /home/robot134/robotws/install/basic134/share/basic134/meshes
[3.154s] copying meshes/arm_base.stl -> /home/robot134/robotws/install/basic134/share/basic134/meshes
[3.158s] copying meshes/basiclink.stl -> /home/robot134/robotws/install/basic134/share/basic134/meshes
[3.158s] copying meshes/basiclink.dae -> /home/robot134/robotws/install/basic134/share/basic134/meshes
[3.159s] copying meshes/X5.stl -> /home/robot134/robotws/install/basic134/share/basic134/meshes
[3.169s] copying meshes/lowerarm.stl -> /home/robot134/robotws/install/basic134/share/basic134/meshes
[3.170s] creating /home/robot134/robotws/install/basic134/share/basic134/urdf
[3.170s] copying urdf/example.urdf -> /home/robot134/robotws/install/basic134/share/basic134/urdf
[3.200s] Invoked command in '/home/robot134/robotws/build/basic134' returned '0': PYTHONPATH=/home/robot134/robotws/build/basic134/prefix_override:/home/robot134/robotws/install/basic134/lib/python3.10/site-packages:${PYTHONPATH} /usr/bin/python3 setup.py develop --editable --build-directory /home/robot134/robotws/build/basic134/build --no-deps install_data
