[1.415s] Invoking command in '/home/robot134/robotws/src/build/hebiros': PYTHONPATH=/home/robot134/robotws/src/build/hebiros/prefix_override:/home/robot134/robotws/src/install/hebiros/lib/python3.10/site-packages:${PYTHONPATH} /usr/bin/python3 setup.py develop --editable --build-directory /home/robot134/robotws/src/build/hebiros/build --no-deps install_data
[1.880s] running develop
[1.881s] /usr/lib/python3/dist-packages/setuptools/command/easy_install.py:158: EasyInstallDeprecationWarning: easy_install command is deprecated. Use build and pip and other standards-based tools.
[1.881s]   warnings.warn(
[1.884s] /usr/lib/python3/dist-packages/setuptools/command/install.py:34: SetuptoolsDeprecationWarning: setup.py install is deprecated. Use build and pip and other standards-based tools.
[1.884s]   warnings.warn(
[2.000s] /usr/lib/python3/dist-packages/pkg_resources/__init__.py:116: PkgResourcesDeprecationWarning: 1.16.0-unknown is an invalid version and will not be supported in a future release
[2.000s]   warnings.warn(
[2.000s] /usr/lib/python3/dist-packages/pkg_resources/__init__.py:116: PkgResourcesDeprecationWarning: 1.1build1 is an invalid version and will not be supported in a future release
[2.000s]   warnings.warn(
[2.001s] /usr/lib/python3/dist-packages/pkg_resources/__init__.py:116: PkgResourcesDeprecationWarning: 0.1.43ubuntu1 is an invalid version and will not be supported in a future release
[2.001s]   warnings.warn(
[2.188s] running egg_info
[2.188s] writing hebiros.egg-info/PKG-INFO
[2.188s] writing dependency_links to hebiros.egg-info/dependency_links.txt
[2.189s] writing entry points to hebiros.egg-info/entry_points.txt
[2.189s] writing requirements to hebiros.egg-info/requires.txt
[2.189s] writing top-level names to hebiros.egg-info/top_level.txt
[2.191s] reading manifest file 'hebiros.egg-info/SOURCES.txt'
[2.192s] writing manifest file 'hebiros.egg-info/SOURCES.txt'
[2.193s] running build_ext
[2.197s] Creating /home/robot134/robotws/src/install/hebiros/lib/python3.10/site-packages/hebiros.egg-link (link to .)
[2.197s] Installing hebinode script to /home/robot134/robotws/src/install/hebiros/lib/hebiros
[2.197s] Installing hebiscan script to /home/robot134/robotws/src/install/hebiros/lib/hebiros
[2.197s] Installing testsend script to /home/robot134/robotws/src/install/hebiros/lib/hebiros
[2.197s] 
[2.197s] Installed /home/robot134/robotws/src/build/hebiros
[2.197s] running install_data
[2.243s] Invoked command in '/home/robot134/robotws/src/build/hebiros' returned '0': PYTHONPATH=/home/robot134/robotws/src/build/hebiros/prefix_override:/home/robot134/robotws/src/install/hebiros/lib/python3.10/site-packages:${PYTHONPATH} /usr/bin/python3 setup.py develop --editable --build-directory /home/robot134/robotws/src/build/hebiros/build --no-deps install_data
