[0.308s] DEBUG:colcon:Command line arguments: ['/usr/bin/colcon', 'build', '--symlink-install']
[0.308s] DEBUG:colcon:Parsed command line arguments: Namespace(log_base=None, log_level=None, verb_name='build', build_base='build', install_base='install', merge_install=False, symlink_install=True, test_result_base=None, continue_on_error=False, executor='parallel', parallel_workers=4, event_handlers=None, ignore_user_meta=False, metas=['./colcon.meta'], base_paths=['.'], packages_ignore=None, packages_ignore_regex=None, paths=None, packages_up_to=None, packages_up_to_regex=None, packages_above=None, packages_above_and_dependencies=None, packages_above_depth=None, packages_select_by_dep=None, packages_skip_by_dep=None, packages_skip_up_to=None, packages_select_build_failed=False, packages_skip_build_finished=False, packages_select_test_failures=False, packages_skip_test_passed=False, packages_select=None, packages_skip=None, packages_select_regex=None, packages_skip_regex=None, packages_start=None, packages_end=None, allow_overriding=[], cmake_args=None, cmake_target=None, cmake_target_skip_unavailable=False, cmake_clean_cache=False, cmake_clean_first=False, cmake_force_configure=False, ament_cmake_args=None, catkin_cmake_args=None, catkin_skip_building_tests=False, verb_parser=<colcon_defaults.argument_parser.defaults.DefaultArgumentsDecorator object at 0x7fd7d2656920>, verb_extension=<colcon_core.verb.build.BuildVerb object at 0x7fd7d3007550>, main=<bound method BuildVerb.main of <colcon_core.verb.build.BuildVerb object at 0x7fd7d3007550>>)
[0.348s] Level 1:colcon.colcon_core.package_discovery:discover_packages(colcon_meta) check parameters
[0.348s] Level 1:colcon.colcon_core.package_discovery:discover_packages(recursive) check parameters
[0.348s] Level 1:colcon.colcon_core.package_discovery:discover_packages(ignore) check parameters
[0.348s] Level 1:colcon.colcon_core.package_discovery:discover_packages(path) check parameters
[0.349s] Level 1:colcon.colcon_core.package_discovery:discover_packages(colcon_meta) discover
[0.349s] Level 1:colcon.colcon_core.package_discovery:discover_packages(recursive) discover
[0.349s] INFO:colcon.colcon_core.package_discovery:Crawling recursively for packages in '/home/robot134/robotws'
[0.349s] Level 1:colcon.colcon_core.package_identification:_identify(.) by extensions ['ignore', 'ignore_ament_install']
[0.349s] Level 1:colcon.colcon_core.package_identification:_identify(.) by extension 'ignore'
[0.349s] Level 1:colcon.colcon_core.package_identification:_identify(.) by extension 'ignore_ament_install'
[0.349s] Level 1:colcon.colcon_core.package_identification:_identify(.) by extensions ['colcon_pkg']
[0.349s] Level 1:colcon.colcon_core.package_identification:_identify(.) by extension 'colcon_pkg'
[0.349s] Level 1:colcon.colcon_core.package_identification:_identify(.) by extensions ['colcon_meta']
[0.349s] Level 1:colcon.colcon_core.package_identification:_identify(.) by extension 'colcon_meta'
[0.349s] Level 1:colcon.colcon_core.package_identification:_identify(.) by extensions ['ros']
[0.349s] Level 1:colcon.colcon_core.package_identification:_identify(.) by extension 'ros'
[0.361s] Level 1:colcon.colcon_core.package_identification:_identify(.) by extensions ['cmake', 'python']
[0.361s] Level 1:colcon.colcon_core.package_identification:_identify(.) by extension 'cmake'
[0.361s] Level 1:colcon.colcon_core.package_identification:_identify(.) by extension 'python'
[0.361s] Level 1:colcon.colcon_core.package_identification:_identify(.) by extensions ['python_setup_py']
[0.361s] Level 1:colcon.colcon_core.package_identification:_identify(.) by extension 'python_setup_py'
[0.361s] Level 1:colcon.colcon_core.package_identification:_identify(build) by extensions ['ignore', 'ignore_ament_install']
[0.361s] Level 1:colcon.colcon_core.package_identification:_identify(build) by extension 'ignore'
[0.362s] Level 1:colcon.colcon_core.package_identification:_identify(build) ignored
[0.362s] Level 1:colcon.colcon_core.package_identification:_identify(install) by extensions ['ignore', 'ignore_ament_install']
[0.362s] Level 1:colcon.colcon_core.package_identification:_identify(install) by extension 'ignore'
[0.362s] Level 1:colcon.colcon_core.package_identification:_identify(install) ignored
[0.362s] Level 1:colcon.colcon_core.package_identification:_identify(log) by extensions ['ignore', 'ignore_ament_install']
[0.362s] Level 1:colcon.colcon_core.package_identification:_identify(log) by extension 'ignore'
[0.362s] Level 1:colcon.colcon_core.package_identification:_identify(log) ignored
[0.362s] Level 1:colcon.colcon_core.package_identification:_identify(src) by extensions ['ignore', 'ignore_ament_install']
[0.362s] Level 1:colcon.colcon_core.package_identification:_identify(src) by extension 'ignore'
[0.362s] Level 1:colcon.colcon_core.package_identification:_identify(src) by extension 'ignore_ament_install'
[0.363s] Level 1:colcon.colcon_core.package_identification:_identify(src) by extensions ['colcon_pkg']
[0.363s] Level 1:colcon.colcon_core.package_identification:_identify(src) by extension 'colcon_pkg'
[0.363s] Level 1:colcon.colcon_core.package_identification:_identify(src) by extensions ['colcon_meta']
[0.363s] Level 1:colcon.colcon_core.package_identification:_identify(src) by extension 'colcon_meta'
[0.363s] Level 1:colcon.colcon_core.package_identification:_identify(src) by extensions ['ros']
[0.363s] Level 1:colcon.colcon_core.package_identification:_identify(src) by extension 'ros'
[0.363s] Level 1:colcon.colcon_core.package_identification:_identify(src) by extensions ['cmake', 'python']
[0.363s] Level 1:colcon.colcon_core.package_identification:_identify(src) by extension 'cmake'
[0.363s] Level 1:colcon.colcon_core.package_identification:_identify(src) by extension 'python'
[0.363s] Level 1:colcon.colcon_core.package_identification:_identify(src) by extensions ['python_setup_py']
[0.363s] Level 1:colcon.colcon_core.package_identification:_identify(src) by extension 'python_setup_py'
[0.363s] Level 1:colcon.colcon_core.package_identification:_identify(src/basic134) by extensions ['ignore', 'ignore_ament_install']
[0.363s] Level 1:colcon.colcon_core.package_identification:_identify(src/basic134) by extension 'ignore'
[0.364s] Level 1:colcon.colcon_core.package_identification:_identify(src/basic134) by extension 'ignore_ament_install'
[0.364s] Level 1:colcon.colcon_core.package_identification:_identify(src/basic134) by extensions ['colcon_pkg']
[0.364s] Level 1:colcon.colcon_core.package_identification:_identify(src/basic134) by extension 'colcon_pkg'
[0.364s] Level 1:colcon.colcon_core.package_identification:_identify(src/basic134) by extensions ['colcon_meta']
[0.364s] Level 1:colcon.colcon_core.package_identification:_identify(src/basic134) by extension 'colcon_meta'
[0.364s] Level 1:colcon.colcon_core.package_identification:_identify(src/basic134) by extensions ['ros']
[0.364s] Level 1:colcon.colcon_core.package_identification:_identify(src/basic134) by extension 'ros'
[0.367s] DEBUG:colcon.colcon_core.package_identification:Package 'src/basic134' with type 'ros.ament_python' and name 'basic134'
[0.368s] Level 1:colcon.colcon_core.package_identification:_identify(src/build) by extensions ['ignore', 'ignore_ament_install']
[0.369s] Level 1:colcon.colcon_core.package_identification:_identify(src/build) by extension 'ignore'
[0.369s] Level 1:colcon.colcon_core.package_identification:_identify(src/build) ignored
[0.369s] Level 1:colcon.colcon_core.package_identification:_identify(src/contact-bag) by extensions ['ignore', 'ignore_ament_install']
[0.369s] Level 1:colcon.colcon_core.package_identification:_identify(src/contact-bag) by extension 'ignore'
[0.369s] Level 1:colcon.colcon_core.package_identification:_identify(src/contact-bag) by extension 'ignore_ament_install'
[0.369s] Level 1:colcon.colcon_core.package_identification:_identify(src/contact-bag) by extensions ['colcon_pkg']
[0.369s] Level 1:colcon.colcon_core.package_identification:_identify(src/contact-bag) by extension 'colcon_pkg'
[0.369s] Level 1:colcon.colcon_core.package_identification:_identify(src/contact-bag) by extensions ['colcon_meta']
[0.370s] Level 1:colcon.colcon_core.package_identification:_identify(src/contact-bag) by extension 'colcon_meta'
[0.370s] Level 1:colcon.colcon_core.package_identification:_identify(src/contact-bag) by extensions ['ros']
[0.370s] Level 1:colcon.colcon_core.package_identification:_identify(src/contact-bag) by extension 'ros'
[0.370s] Level 1:colcon.colcon_core.package_identification:_identify(src/contact-bag) by extensions ['cmake', 'python']
[0.370s] Level 1:colcon.colcon_core.package_identification:_identify(src/contact-bag) by extension 'cmake'
[0.370s] Level 1:colcon.colcon_core.package_identification:_identify(src/contact-bag) by extension 'python'
[0.370s] Level 1:colcon.colcon_core.package_identification:_identify(src/contact-bag) by extensions ['python_setup_py']
[0.370s] Level 1:colcon.colcon_core.package_identification:_identify(src/contact-bag) by extension 'python_setup_py'
[0.370s] Level 1:colcon.colcon_core.package_identification:_identify(src/demo134) by extensions ['ignore', 'ignore_ament_install']
[0.370s] Level 1:colcon.colcon_core.package_identification:_identify(src/demo134) by extension 'ignore'
[0.370s] Level 1:colcon.colcon_core.package_identification:_identify(src/demo134) ignored
[0.370s] Level 1:colcon.colcon_core.package_identification:_identify(src/detectors) by extensions ['ignore', 'ignore_ament_install']
[0.371s] Level 1:colcon.colcon_core.package_identification:_identify(src/detectors) by extension 'ignore'
[0.371s] Level 1:colcon.colcon_core.package_identification:_identify(src/detectors) by extension 'ignore_ament_install'
[0.371s] Level 1:colcon.colcon_core.package_identification:_identify(src/detectors) by extensions ['colcon_pkg']
[0.371s] Level 1:colcon.colcon_core.package_identification:_identify(src/detectors) by extension 'colcon_pkg'
[0.371s] Level 1:colcon.colcon_core.package_identification:_identify(src/detectors) by extensions ['colcon_meta']
[0.371s] Level 1:colcon.colcon_core.package_identification:_identify(src/detectors) by extension 'colcon_meta'
[0.371s] Level 1:colcon.colcon_core.package_identification:_identify(src/detectors) by extensions ['ros']
[0.371s] Level 1:colcon.colcon_core.package_identification:_identify(src/detectors) by extension 'ros'
[0.373s] DEBUG:colcon.colcon_core.package_identification:Package 'src/detectors' with type 'ros.ament_python' and name 'detectors'
[0.373s] Level 1:colcon.colcon_core.package_identification:_identify(src/hebiros) by extensions ['ignore', 'ignore_ament_install']
[0.373s] Level 1:colcon.colcon_core.package_identification:_identify(src/hebiros) by extension 'ignore'
[0.373s] Level 1:colcon.colcon_core.package_identification:_identify(src/hebiros) by extension 'ignore_ament_install'
[0.373s] Level 1:colcon.colcon_core.package_identification:_identify(src/hebiros) by extensions ['colcon_pkg']
[0.373s] Level 1:colcon.colcon_core.package_identification:_identify(src/hebiros) by extension 'colcon_pkg'
[0.373s] Level 1:colcon.colcon_core.package_identification:_identify(src/hebiros) by extensions ['colcon_meta']
[0.373s] Level 1:colcon.colcon_core.package_identification:_identify(src/hebiros) by extension 'colcon_meta'
[0.373s] Level 1:colcon.colcon_core.package_identification:_identify(src/hebiros) by extensions ['ros']
[0.373s] Level 1:colcon.colcon_core.package_identification:_identify(src/hebiros) by extension 'ros'
[0.375s] DEBUG:colcon.colcon_core.package_identification:Package 'src/hebiros' with type 'ros.ament_python' and name 'hebiros'
[0.375s] Level 1:colcon.colcon_core.package_identification:_identify(src/install) by extensions ['ignore', 'ignore_ament_install']
[0.375s] Level 1:colcon.colcon_core.package_identification:_identify(src/install) by extension 'ignore'
[0.375s] Level 1:colcon.colcon_core.package_identification:_identify(src/install) ignored
[0.375s] Level 1:colcon.colcon_core.package_identification:_identify(src/log) by extensions ['ignore', 'ignore_ament_install']
[0.375s] Level 1:colcon.colcon_core.package_identification:_identify(src/log) by extension 'ignore'
[0.375s] Level 1:colcon.colcon_core.package_identification:_identify(src/log) ignored
[0.375s] Level 1:colcon.colcon_core.package_identification:_identify(src/operation) by extensions ['ignore', 'ignore_ament_install']
[0.375s] Level 1:colcon.colcon_core.package_identification:_identify(src/operation) by extension 'ignore'
[0.376s] Level 1:colcon.colcon_core.package_identification:_identify(src/operation) by extension 'ignore_ament_install'
[0.376s] Level 1:colcon.colcon_core.package_identification:_identify(src/operation) by extensions ['colcon_pkg']
[0.376s] Level 1:colcon.colcon_core.package_identification:_identify(src/operation) by extension 'colcon_pkg'
[0.376s] Level 1:colcon.colcon_core.package_identification:_identify(src/operation) by extensions ['colcon_meta']
[0.376s] Level 1:colcon.colcon_core.package_identification:_identify(src/operation) by extension 'colcon_meta'
[0.376s] Level 1:colcon.colcon_core.package_identification:_identify(src/operation) by extensions ['ros']
[0.376s] Level 1:colcon.colcon_core.package_identification:_identify(src/operation) by extension 'ros'
[0.377s] DEBUG:colcon.colcon_core.package_identification:Package 'src/operation' with type 'ros.ament_python' and name 'operation'
[0.377s] Level 1:colcon.colcon_core.package_discovery:discover_packages(recursive) using defaults
[0.377s] Level 1:colcon.colcon_core.package_discovery:discover_packages(ignore) discover
[0.377s] Level 1:colcon.colcon_core.package_discovery:discover_packages(ignore) using defaults
[0.377s] Level 1:colcon.colcon_core.package_discovery:discover_packages(path) discover
[0.377s] Level 1:colcon.colcon_core.package_discovery:discover_packages(path) using defaults
[0.414s] Level 1:colcon.colcon_core.package_discovery:discover_packages(prefix_path) check parameters
[0.414s] Level 1:colcon.colcon_core.package_discovery:discover_packages(prefix_path) discover
[0.418s] DEBUG:colcon.colcon_installed_package_information.package_discovery:Found 4 installed packages in /home/robot134/robotws/install
[0.420s] DEBUG:colcon.colcon_installed_package_information.package_discovery:Found 39 installed packages in /home/robot134/microros_ws/install
[0.421s] DEBUG:colcon.colcon_installed_package_information.package_discovery:Found 4 installed packages in /home/robot134/robotws/src/install
[0.423s] DEBUG:colcon.colcon_installed_package_information.package_discovery:Found 411 installed packages in /opt/ros/humble
[0.426s] Level 1:colcon.colcon_core.package_discovery:discover_packages(prefix_path) using defaults
[0.496s] Level 5:colcon.colcon_core.verb:set package 'basic134' build argument 'cmake_args' from command line to 'None'
[0.496s] Level 5:colcon.colcon_core.verb:set package 'basic134' build argument 'cmake_target' from command line to 'None'
[0.497s] Level 5:colcon.colcon_core.verb:set package 'basic134' build argument 'cmake_target_skip_unavailable' from command line to 'False'
[0.497s] Level 5:colcon.colcon_core.verb:set package 'basic134' build argument 'cmake_clean_cache' from command line to 'False'
[0.497s] Level 5:colcon.colcon_core.verb:set package 'basic134' build argument 'cmake_clean_first' from command line to 'False'
[0.497s] Level 5:colcon.colcon_core.verb:set package 'basic134' build argument 'cmake_force_configure' from command line to 'False'
[0.497s] Level 5:colcon.colcon_core.verb:set package 'basic134' build argument 'ament_cmake_args' from command line to 'None'
[0.497s] Level 5:colcon.colcon_core.verb:set package 'basic134' build argument 'catkin_cmake_args' from command line to 'None'
[0.497s] Level 5:colcon.colcon_core.verb:set package 'basic134' build argument 'catkin_skip_building_tests' from command line to 'False'
[0.497s] DEBUG:colcon.colcon_core.verb:Building package 'basic134' with the following arguments: {'ament_cmake_args': None, 'build_base': '/home/robot134/robotws/build/basic134', 'catkin_cmake_args': None, 'catkin_skip_building_tests': False, 'cmake_args': None, 'cmake_clean_cache': False, 'cmake_clean_first': False, 'cmake_force_configure': False, 'cmake_target': None, 'cmake_target_skip_unavailable': False, 'install_base': '/home/robot134/robotws/install/basic134', 'merge_install': False, 'path': '/home/robot134/robotws/src/basic134', 'symlink_install': True, 'test_result_base': None}
[0.499s] Level 5:colcon.colcon_core.verb:set package 'detectors' build argument 'cmake_args' from command line to 'None'
[0.499s] Level 5:colcon.colcon_core.verb:set package 'detectors' build argument 'cmake_target' from command line to 'None'
[0.499s] Level 5:colcon.colcon_core.verb:set package 'detectors' build argument 'cmake_target_skip_unavailable' from command line to 'False'
[0.499s] Level 5:colcon.colcon_core.verb:set package 'detectors' build argument 'cmake_clean_cache' from command line to 'False'
[0.499s] Level 5:colcon.colcon_core.verb:set package 'detectors' build argument 'cmake_clean_first' from command line to 'False'
[0.499s] Level 5:colcon.colcon_core.verb:set package 'detectors' build argument 'cmake_force_configure' from command line to 'False'
[0.499s] Level 5:colcon.colcon_core.verb:set package 'detectors' build argument 'ament_cmake_args' from command line to 'None'
[0.499s] Level 5:colcon.colcon_core.verb:set package 'detectors' build argument 'catkin_cmake_args' from command line to 'None'
[0.499s] Level 5:colcon.colcon_core.verb:set package 'detectors' build argument 'catkin_skip_building_tests' from command line to 'False'
[0.499s] DEBUG:colcon.colcon_core.verb:Building package 'detectors' with the following arguments: {'ament_cmake_args': None, 'build_base': '/home/robot134/robotws/build/detectors', 'catkin_cmake_args': None, 'catkin_skip_building_tests': False, 'cmake_args': None, 'cmake_clean_cache': False, 'cmake_clean_first': False, 'cmake_force_configure': False, 'cmake_target': None, 'cmake_target_skip_unavailable': False, 'install_base': '/home/robot134/robotws/install/detectors', 'merge_install': False, 'path': '/home/robot134/robotws/src/detectors', 'symlink_install': True, 'test_result_base': None}
[0.501s] Level 5:colcon.colcon_core.verb:set package 'hebiros' build argument 'cmake_args' from command line to 'None'
[0.501s] Level 5:colcon.colcon_core.verb:set package 'hebiros' build argument 'cmake_target' from command line to 'None'
[0.501s] Level 5:colcon.colcon_core.verb:set package 'hebiros' build argument 'cmake_target_skip_unavailable' from command line to 'False'
[0.501s] Level 5:colcon.colcon_core.verb:set package 'hebiros' build argument 'cmake_clean_cache' from command line to 'False'
[0.501s] Level 5:colcon.colcon_core.verb:set package 'hebiros' build argument 'cmake_clean_first' from command line to 'False'
[0.501s] Level 5:colcon.colcon_core.verb:set package 'hebiros' build argument 'cmake_force_configure' from command line to 'False'
[0.501s] Level 5:colcon.colcon_core.verb:set package 'hebiros' build argument 'ament_cmake_args' from command line to 'None'
[0.501s] Level 5:colcon.colcon_core.verb:set package 'hebiros' build argument 'catkin_cmake_args' from command line to 'None'
[0.501s] Level 5:colcon.colcon_core.verb:set package 'hebiros' build argument 'catkin_skip_building_tests' from command line to 'False'
[0.501s] DEBUG:colcon.colcon_core.verb:Building package 'hebiros' with the following arguments: {'ament_cmake_args': None, 'build_base': '/home/robot134/robotws/build/hebiros', 'catkin_cmake_args': None, 'catkin_skip_building_tests': False, 'cmake_args': None, 'cmake_clean_cache': False, 'cmake_clean_first': False, 'cmake_force_configure': False, 'cmake_target': None, 'cmake_target_skip_unavailable': False, 'install_base': '/home/robot134/robotws/install/hebiros', 'merge_install': False, 'path': '/home/robot134/robotws/src/hebiros', 'symlink_install': True, 'test_result_base': None}
[0.503s] Level 5:colcon.colcon_core.verb:set package 'operation' build argument 'cmake_args' from command line to 'None'
[0.503s] Level 5:colcon.colcon_core.verb:set package 'operation' build argument 'cmake_target' from command line to 'None'
[0.503s] Level 5:colcon.colcon_core.verb:set package 'operation' build argument 'cmake_target_skip_unavailable' from command line to 'False'
[0.503s] Level 5:colcon.colcon_core.verb:set package 'operation' build argument 'cmake_clean_cache' from command line to 'False'
[0.503s] Level 5:colcon.colcon_core.verb:set package 'operation' build argument 'cmake_clean_first' from command line to 'False'
[0.503s] Level 5:colcon.colcon_core.verb:set package 'operation' build argument 'cmake_force_configure' from command line to 'False'
[0.504s] Level 5:colcon.colcon_core.verb:set package 'operation' build argument 'ament_cmake_args' from command line to 'None'
[0.504s] Level 5:colcon.colcon_core.verb:set package 'operation' build argument 'catkin_cmake_args' from command line to 'None'
[0.504s] Level 5:colcon.colcon_core.verb:set package 'operation' build argument 'catkin_skip_building_tests' from command line to 'False'
[0.504s] DEBUG:colcon.colcon_core.verb:Building package 'operation' with the following arguments: {'ament_cmake_args': None, 'build_base': '/home/robot134/robotws/build/operation', 'catkin_cmake_args': None, 'catkin_skip_building_tests': False, 'cmake_args': None, 'cmake_clean_cache': False, 'cmake_clean_first': False, 'cmake_force_configure': False, 'cmake_target': None, 'cmake_target_skip_unavailable': False, 'install_base': '/home/robot134/robotws/install/operation', 'merge_install': False, 'path': '/home/robot134/robotws/src/operation', 'symlink_install': True, 'test_result_base': None}
[0.505s] INFO:colcon.colcon_core.executor:Executing jobs using 'parallel' executor
[0.512s] DEBUG:colcon.colcon_parallel_executor.executor.parallel:run_until_complete
[0.512s] INFO:colcon.colcon_ros.task.ament_python.build:Building ROS package in '/home/robot134/robotws/src/basic134' with build type 'ament_python'
[0.512s] Level 1:colcon.colcon_core.shell:create_environment_hook('basic134', 'ament_prefix_path')
[0.517s] INFO:colcon.colcon_core.plugin_system:Skipping extension 'colcon_core.shell.bat': Not used on non-Windows systems
[0.517s] INFO:colcon.colcon_core.shell:Creating environment hook '/home/robot134/robotws/install/basic134/share/basic134/hook/ament_prefix_path.ps1'
[0.518s] INFO:colcon.colcon_core.shell:Creating environment descriptor '/home/robot134/robotws/install/basic134/share/basic134/hook/ament_prefix_path.dsv'
[0.518s] INFO:colcon.colcon_core.shell:Creating environment hook '/home/robot134/robotws/install/basic134/share/basic134/hook/ament_prefix_path.sh'
[0.520s] INFO:colcon.colcon_core.shell:Skip shell extension 'powershell' for command environment: Not usable outside of PowerShell
[0.520s] DEBUG:colcon.colcon_core.shell:Skip shell extension 'dsv' for command environment
[0.529s] INFO:colcon.colcon_ros.task.ament_python.build:Building ROS package in '/home/robot134/robotws/src/detectors' with build type 'ament_python'
[0.529s] Level 1:colcon.colcon_core.shell:create_environment_hook('detectors', 'ament_prefix_path')
[0.530s] INFO:colcon.colcon_core.shell:Creating environment hook '/home/robot134/robotws/install/detectors/share/detectors/hook/ament_prefix_path.ps1'
[0.531s] INFO:colcon.colcon_core.shell:Creating environment descriptor '/home/robot134/robotws/install/detectors/share/detectors/hook/ament_prefix_path.dsv'
[0.531s] INFO:colcon.colcon_core.shell:Creating environment hook '/home/robot134/robotws/install/detectors/share/detectors/hook/ament_prefix_path.sh'
[0.534s] INFO:colcon.colcon_core.shell:Skip shell extension 'powershell' for command environment: Not usable outside of PowerShell
[0.534s] DEBUG:colcon.colcon_core.shell:Skip shell extension 'dsv' for command environment
[0.544s] INFO:colcon.colcon_ros.task.ament_python.build:Building ROS package in '/home/robot134/robotws/src/hebiros' with build type 'ament_python'
[0.545s] Level 1:colcon.colcon_core.shell:create_environment_hook('hebiros', 'ament_prefix_path')
[0.548s] INFO:colcon.colcon_core.shell:Creating environment hook '/home/robot134/robotws/install/hebiros/share/hebiros/hook/ament_prefix_path.ps1'
[0.549s] INFO:colcon.colcon_core.shell:Creating environment descriptor '/home/robot134/robotws/install/hebiros/share/hebiros/hook/ament_prefix_path.dsv'
[0.550s] INFO:colcon.colcon_core.shell:Creating environment hook '/home/robot134/robotws/install/hebiros/share/hebiros/hook/ament_prefix_path.sh'
[0.552s] INFO:colcon.colcon_core.shell:Skip shell extension 'powershell' for command environment: Not usable outside of PowerShell
[0.552s] DEBUG:colcon.colcon_core.shell:Skip shell extension 'dsv' for command environment
[0.562s] INFO:colcon.colcon_ros.task.ament_python.build:Building ROS package in '/home/robot134/robotws/src/operation' with build type 'ament_python'
[0.562s] Level 1:colcon.colcon_core.shell:create_environment_hook('operation', 'ament_prefix_path')
[0.563s] INFO:colcon.colcon_core.shell:Creating environment hook '/home/robot134/robotws/install/operation/share/operation/hook/ament_prefix_path.ps1'
[0.564s] INFO:colcon.colcon_core.shell:Creating environment descriptor '/home/robot134/robotws/install/operation/share/operation/hook/ament_prefix_path.dsv'
[0.564s] INFO:colcon.colcon_core.shell:Creating environment hook '/home/robot134/robotws/install/operation/share/operation/hook/ament_prefix_path.sh'
[0.566s] INFO:colcon.colcon_core.shell:Skip shell extension 'powershell' for command environment: Not usable outside of PowerShell
[0.566s] DEBUG:colcon.colcon_core.shell:Skip shell extension 'dsv' for command environment
[0.865s] INFO:colcon.colcon_core.task.python.build:Building Python package in '/home/robot134/robotws/src/basic134'
[0.866s] INFO:colcon.colcon_core.shell:Skip shell extension 'powershell' for command environment: Not usable outside of PowerShell
[0.866s] DEBUG:colcon.colcon_core.shell:Skip shell extension 'dsv' for command environment
[1.159s] INFO:colcon.colcon_core.task.python.build:Building Python package in '/home/robot134/robotws/src/detectors'
[1.161s] INFO:colcon.colcon_core.shell:Skip shell extension 'powershell' for command environment: Not usable outside of PowerShell
[1.161s] DEBUG:colcon.colcon_core.shell:Skip shell extension 'dsv' for command environment
[1.460s] INFO:colcon.colcon_core.task.python.build:Building Python package in '/home/robot134/robotws/src/hebiros'
[1.462s] INFO:colcon.colcon_core.shell:Skip shell extension 'powershell' for command environment: Not usable outside of PowerShell
[1.462s] DEBUG:colcon.colcon_core.shell:Skip shell extension 'dsv' for command environment
[1.760s] INFO:colcon.colcon_core.task.python.build:Building Python package in '/home/robot134/robotws/src/operation'
[1.761s] INFO:colcon.colcon_core.shell:Skip shell extension 'powershell' for command environment: Not usable outside of PowerShell
[1.761s] DEBUG:colcon.colcon_core.shell:Skip shell extension 'dsv' for command environment
[2.425s] DEBUG:colcon.colcon_core.event_handler.log_command:Invoking command in '/home/robot134/robotws/build/hebiros': PYTHONPATH=/home/robot134/robotws/build/hebiros/prefix_override:/home/robot134/robotws/install/hebiros/lib/python3.10/site-packages:${PYTHONPATH} /usr/bin/python3 setup.py develop --editable --build-directory /home/robot134/robotws/build/hebiros/build --no-deps install_data
[2.428s] DEBUG:colcon.colcon_core.event_handler.log_command:Invoking command in '/home/robot134/robotws/build/operation': PYTHONPATH=/home/robot134/robotws/build/operation/prefix_override:/home/robot134/robotws/install/operation/lib/python3.10/site-packages:${PYTHONPATH} /usr/bin/python3 setup.py develop --editable --build-directory /home/robot134/robotws/build/operation/build --no-deps install_data
[2.440s] DEBUG:colcon.colcon_core.event_handler.log_command:Invoking command in '/home/robot134/robotws/build/detectors': PYTHONPATH=/home/robot134/robotws/build/detectors/prefix_override:/home/robot134/robotws/install/detectors/lib/python3.10/site-packages:${PYTHONPATH} /usr/bin/python3 setup.py develop --editable --build-directory /home/robot134/robotws/build/detectors/build --no-deps install_data
[2.473s] DEBUG:colcon.colcon_core.event_handler.log_command:Invoking command in '/home/robot134/robotws/build/basic134': PYTHONPATH=/home/robot134/robotws/build/basic134/prefix_override:/home/robot134/robotws/install/basic134/lib/python3.10/site-packages:${PYTHONPATH} /usr/bin/python3 setup.py develop --editable --build-directory /home/robot134/robotws/build/basic134/build --no-deps install_data
[3.352s] Level 1:colcon.colcon_core.shell:create_environment_hook('detectors', 'pythonpath_develop')
[3.355s] INFO:colcon.colcon_core.shell:Creating environment hook '/home/robot134/robotws/build/detectors/share/detectors/hook/pythonpath_develop.ps1'
[3.356s] INFO:colcon.colcon_core.shell:Creating environment descriptor '/home/robot134/robotws/build/detectors/share/detectors/hook/pythonpath_develop.dsv'
[3.356s] DEBUG:colcon.colcon_core.event_handler.log_command:Invoked command in '/home/robot134/robotws/build/detectors' returned '0': PYTHONPATH=/home/robot134/robotws/build/detectors/prefix_override:/home/robot134/robotws/install/detectors/lib/python3.10/site-packages:${PYTHONPATH} /usr/bin/python3 setup.py develop --editable --build-directory /home/robot134/robotws/build/detectors/build --no-deps install_data
[3.357s] INFO:colcon.colcon_core.shell:Creating environment hook '/home/robot134/robotws/build/detectors/share/detectors/hook/pythonpath_develop.sh'
[3.366s] Level 1:colcon.colcon_core.environment:checking '/home/robot134/robotws/install/detectors' for CMake module files
[3.366s] Level 1:colcon.colcon_core.environment:checking '/home/robot134/robotws/install/detectors' for CMake config files
[3.367s] Level 1:colcon.colcon_core.environment:checking '/home/robot134/robotws/install/detectors/lib'
[3.368s] Level 1:colcon.colcon_core.environment:checking '/home/robot134/robotws/install/detectors/bin'
[3.368s] Level 1:colcon.colcon_core.environment:checking '/home/robot134/robotws/install/detectors/lib/pkgconfig/detectors.pc'
[3.368s] Level 1:colcon.colcon_core.environment:checking '/home/robot134/robotws/install/detectors/lib/python3.10/site-packages'
[3.368s] Level 1:colcon.colcon_core.shell:create_environment_hook('detectors', 'pythonpath')
[3.371s] INFO:colcon.colcon_core.shell:Creating environment hook '/home/robot134/robotws/install/detectors/share/detectors/hook/pythonpath.ps1'
[3.372s] INFO:colcon.colcon_core.shell:Creating environment descriptor '/home/robot134/robotws/install/detectors/share/detectors/hook/pythonpath.dsv'
[3.373s] INFO:colcon.colcon_core.shell:Creating environment hook '/home/robot134/robotws/install/detectors/share/detectors/hook/pythonpath.sh'
[3.374s] Level 1:colcon.colcon_core.environment:checking '/home/robot134/robotws/install/detectors/bin'
[3.374s] Level 1:colcon.colcon_core.environment:create_environment_scripts_only(detectors)
[3.377s] INFO:colcon.colcon_core.shell:Creating package script '/home/robot134/robotws/install/detectors/share/detectors/package.ps1'
[3.378s] INFO:colcon.colcon_core.shell:Creating package descriptor '/home/robot134/robotws/install/detectors/share/detectors/package.dsv'
[3.379s] INFO:colcon.colcon_core.shell:Creating package script '/home/robot134/robotws/install/detectors/share/detectors/package.sh'
[3.380s] INFO:colcon.colcon_core.shell:Creating package script '/home/robot134/robotws/install/detectors/share/detectors/package.bash'
[3.382s] INFO:colcon.colcon_core.shell:Creating package script '/home/robot134/robotws/install/detectors/share/detectors/package.zsh'
[3.384s] Level 1:colcon.colcon_core.environment:create_file_with_runtime_dependencies(/home/robot134/robotws/install/detectors/share/colcon-core/packages/detectors)
[3.385s] Level 1:colcon.colcon_core.shell:create_environment_hook('operation', 'pythonpath_develop')
[3.388s] INFO:colcon.colcon_core.shell:Creating environment hook '/home/robot134/robotws/build/operation/share/operation/hook/pythonpath_develop.ps1'
[3.388s] INFO:colcon.colcon_core.shell:Creating environment descriptor '/home/robot134/robotws/build/operation/share/operation/hook/pythonpath_develop.dsv'
[3.389s] INFO:colcon.colcon_core.shell:Creating environment hook '/home/robot134/robotws/build/operation/share/operation/hook/pythonpath_develop.sh'
[3.393s] Level 1:colcon.colcon_core.environment:checking '/home/robot134/robotws/install/operation' for CMake module files
[3.394s] DEBUG:colcon.colcon_core.event_handler.log_command:Invoked command in '/home/robot134/robotws/build/operation' returned '0': PYTHONPATH=/home/robot134/robotws/build/operation/prefix_override:/home/robot134/robotws/install/operation/lib/python3.10/site-packages:${PYTHONPATH} /usr/bin/python3 setup.py develop --editable --build-directory /home/robot134/robotws/build/operation/build --no-deps install_data
[3.394s] Level 1:colcon.colcon_core.environment:checking '/home/robot134/robotws/install/operation' for CMake config files
[3.395s] Level 1:colcon.colcon_core.environment:checking '/home/robot134/robotws/install/operation/lib'
[3.396s] Level 1:colcon.colcon_core.environment:checking '/home/robot134/robotws/install/operation/bin'
[3.396s] Level 1:colcon.colcon_core.environment:checking '/home/robot134/robotws/install/operation/lib/pkgconfig/operation.pc'
[3.396s] Level 1:colcon.colcon_core.environment:checking '/home/robot134/robotws/install/operation/lib/python3.10/site-packages'
[3.396s] Level 1:colcon.colcon_core.shell:create_environment_hook('operation', 'pythonpath')
[3.399s] INFO:colcon.colcon_core.shell:Creating environment hook '/home/robot134/robotws/install/operation/share/operation/hook/pythonpath.ps1'
[3.399s] INFO:colcon.colcon_core.shell:Creating environment descriptor '/home/robot134/robotws/install/operation/share/operation/hook/pythonpath.dsv'
[3.400s] INFO:colcon.colcon_core.shell:Creating environment hook '/home/robot134/robotws/install/operation/share/operation/hook/pythonpath.sh'
[3.401s] Level 1:colcon.colcon_core.environment:checking '/home/robot134/robotws/install/operation/bin'
[3.401s] Level 1:colcon.colcon_core.environment:create_environment_scripts_only(operation)
[3.403s] INFO:colcon.colcon_core.shell:Creating package script '/home/robot134/robotws/install/operation/share/operation/package.ps1'
[3.404s] INFO:colcon.colcon_core.shell:Creating package descriptor '/home/robot134/robotws/install/operation/share/operation/package.dsv'
[3.405s] INFO:colcon.colcon_core.shell:Creating package script '/home/robot134/robotws/install/operation/share/operation/package.sh'
[3.406s] INFO:colcon.colcon_core.shell:Creating package script '/home/robot134/robotws/install/operation/share/operation/package.bash'
[3.406s] INFO:colcon.colcon_core.shell:Creating package script '/home/robot134/robotws/install/operation/share/operation/package.zsh'
[3.407s] Level 1:colcon.colcon_core.environment:create_file_with_runtime_dependencies(/home/robot134/robotws/install/operation/share/colcon-core/packages/operation)
[3.413s] Level 1:colcon.colcon_core.shell:create_environment_hook('hebiros', 'pythonpath_develop')
[3.415s] INFO:colcon.colcon_core.shell:Creating environment hook '/home/robot134/robotws/build/hebiros/share/hebiros/hook/pythonpath_develop.ps1'
[3.416s] DEBUG:colcon.colcon_core.event_handler.log_command:Invoked command in '/home/robot134/robotws/build/hebiros' returned '0': PYTHONPATH=/home/robot134/robotws/build/hebiros/prefix_override:/home/robot134/robotws/install/hebiros/lib/python3.10/site-packages:${PYTHONPATH} /usr/bin/python3 setup.py develop --editable --build-directory /home/robot134/robotws/build/hebiros/build --no-deps install_data
[3.416s] INFO:colcon.colcon_core.shell:Creating environment descriptor '/home/robot134/robotws/build/hebiros/share/hebiros/hook/pythonpath_develop.dsv'
[3.417s] INFO:colcon.colcon_core.shell:Creating environment hook '/home/robot134/robotws/build/hebiros/share/hebiros/hook/pythonpath_develop.sh'
[3.421s] Level 1:colcon.colcon_core.environment:checking '/home/robot134/robotws/install/hebiros' for CMake module files
[3.423s] Level 1:colcon.colcon_core.environment:checking '/home/robot134/robotws/install/hebiros' for CMake config files
[3.424s] Level 1:colcon.colcon_core.environment:checking '/home/robot134/robotws/install/hebiros/lib'
[3.424s] Level 1:colcon.colcon_core.environment:checking '/home/robot134/robotws/install/hebiros/bin'
[3.424s] Level 1:colcon.colcon_core.environment:checking '/home/robot134/robotws/install/hebiros/lib/pkgconfig/hebiros.pc'
[3.424s] Level 1:colcon.colcon_core.environment:checking '/home/robot134/robotws/install/hebiros/lib/python3.10/site-packages'
[3.424s] Level 1:colcon.colcon_core.shell:create_environment_hook('hebiros', 'pythonpath')
[3.427s] INFO:colcon.colcon_core.shell:Creating environment hook '/home/robot134/robotws/install/hebiros/share/hebiros/hook/pythonpath.ps1'
[3.428s] INFO:colcon.colcon_core.shell:Creating environment descriptor '/home/robot134/robotws/install/hebiros/share/hebiros/hook/pythonpath.dsv'
[3.428s] INFO:colcon.colcon_core.shell:Creating environment hook '/home/robot134/robotws/install/hebiros/share/hebiros/hook/pythonpath.sh'
[3.429s] Level 1:colcon.colcon_core.environment:checking '/home/robot134/robotws/install/hebiros/bin'
[3.429s] Level 1:colcon.colcon_core.environment:create_environment_scripts_only(hebiros)
[3.431s] INFO:colcon.colcon_core.shell:Creating package script '/home/robot134/robotws/install/hebiros/share/hebiros/package.ps1'
[3.432s] INFO:colcon.colcon_core.shell:Creating package descriptor '/home/robot134/robotws/install/hebiros/share/hebiros/package.dsv'
[3.433s] INFO:colcon.colcon_core.shell:Creating package script '/home/robot134/robotws/install/hebiros/share/hebiros/package.sh'
[3.433s] INFO:colcon.colcon_core.shell:Creating package script '/home/robot134/robotws/install/hebiros/share/hebiros/package.bash'
[3.434s] INFO:colcon.colcon_core.shell:Creating package script '/home/robot134/robotws/install/hebiros/share/hebiros/package.zsh'
[3.435s] Level 1:colcon.colcon_core.environment:create_file_with_runtime_dependencies(/home/robot134/robotws/install/hebiros/share/colcon-core/packages/hebiros)
[3.458s] Level 1:colcon.colcon_core.shell:create_environment_hook('basic134', 'pythonpath_develop')
[3.459s] INFO:colcon.colcon_core.shell:Creating environment hook '/home/robot134/robotws/build/basic134/share/basic134/hook/pythonpath_develop.ps1'
[3.460s] DEBUG:colcon.colcon_core.event_handler.log_command:Invoked command in '/home/robot134/robotws/build/basic134' returned '0': PYTHONPATH=/home/robot134/robotws/build/basic134/prefix_override:/home/robot134/robotws/install/basic134/lib/python3.10/site-packages:${PYTHONPATH} /usr/bin/python3 setup.py develop --editable --build-directory /home/robot134/robotws/build/basic134/build --no-deps install_data
[3.460s] INFO:colcon.colcon_core.shell:Creating environment descriptor '/home/robot134/robotws/build/basic134/share/basic134/hook/pythonpath_develop.dsv'
[3.460s] INFO:colcon.colcon_core.shell:Creating environment hook '/home/robot134/robotws/build/basic134/share/basic134/hook/pythonpath_develop.sh'
[3.462s] Level 1:colcon.colcon_core.environment:checking '/home/robot134/robotws/install/basic134' for CMake module files
[3.463s] Level 1:colcon.colcon_core.environment:checking '/home/robot134/robotws/install/basic134' for CMake config files
[3.463s] Level 1:colcon.colcon_core.environment:checking '/home/robot134/robotws/install/basic134/lib'
[3.463s] Level 1:colcon.colcon_core.environment:checking '/home/robot134/robotws/install/basic134/bin'
[3.463s] Level 1:colcon.colcon_core.environment:checking '/home/robot134/robotws/install/basic134/lib/pkgconfig/basic134.pc'
[3.464s] Level 1:colcon.colcon_core.environment:checking '/home/robot134/robotws/install/basic134/lib/python3.10/site-packages'
[3.464s] Level 1:colcon.colcon_core.shell:create_environment_hook('basic134', 'pythonpath')
[3.465s] INFO:colcon.colcon_core.shell:Creating environment hook '/home/robot134/robotws/install/basic134/share/basic134/hook/pythonpath.ps1'
[3.465s] INFO:colcon.colcon_core.shell:Creating environment descriptor '/home/robot134/robotws/install/basic134/share/basic134/hook/pythonpath.dsv'
[3.466s] INFO:colcon.colcon_core.shell:Creating environment hook '/home/robot134/robotws/install/basic134/share/basic134/hook/pythonpath.sh'
[3.466s] Level 1:colcon.colcon_core.environment:checking '/home/robot134/robotws/install/basic134/bin'
[3.466s] Level 1:colcon.colcon_core.environment:create_environment_scripts_only(basic134)
[3.468s] INFO:colcon.colcon_core.shell:Creating package script '/home/robot134/robotws/install/basic134/share/basic134/package.ps1'
[3.468s] INFO:colcon.colcon_core.shell:Creating package descriptor '/home/robot134/robotws/install/basic134/share/basic134/package.dsv'
[3.469s] INFO:colcon.colcon_core.shell:Creating package script '/home/robot134/robotws/install/basic134/share/basic134/package.sh'
[3.469s] INFO:colcon.colcon_core.shell:Creating package script '/home/robot134/robotws/install/basic134/share/basic134/package.bash'
[3.470s] INFO:colcon.colcon_core.shell:Creating package script '/home/robot134/robotws/install/basic134/share/basic134/package.zsh'
[3.470s] Level 1:colcon.colcon_core.environment:create_file_with_runtime_dependencies(/home/robot134/robotws/install/basic134/share/colcon-core/packages/basic134)
[3.470s] DEBUG:colcon.colcon_parallel_executor.executor.parallel:closing loop
[3.471s] DEBUG:colcon.colcon_parallel_executor.executor.parallel:loop closed
[3.471s] DEBUG:colcon.colcon_parallel_executor.executor.parallel:run_until_complete finished with '0'
[3.471s] DEBUG:colcon.colcon_core.event_reactor:joining thread
[3.480s] INFO:colcon.colcon_core.plugin_system:Skipping extension 'colcon_notification.desktop_notification.terminal_notifier': Not used on non-Darwin systems
[3.480s] INFO:colcon.colcon_core.plugin_system:Skipping extension 'colcon_notification.desktop_notification.win32': Not used on non-Windows systems
[3.480s] INFO:colcon.colcon_notification.desktop_notification:Sending desktop notification using 'notify2'
[3.491s] DEBUG:colcon.colcon_core.event_reactor:joined thread
[3.492s] INFO:colcon.colcon_core.shell:Creating prefix script '/home/robot134/robotws/install/local_setup.ps1'
[3.493s] INFO:colcon.colcon_core.shell:Creating prefix util module '/home/robot134/robotws/install/_local_setup_util_ps1.py'
[3.495s] INFO:colcon.colcon_core.shell:Creating prefix chain script '/home/robot134/robotws/install/setup.ps1'
[3.498s] INFO:colcon.colcon_core.shell:Creating prefix script '/home/robot134/robotws/install/local_setup.sh'
[3.499s] INFO:colcon.colcon_core.shell:Creating prefix util module '/home/robot134/robotws/install/_local_setup_util_sh.py'
[3.499s] INFO:colcon.colcon_core.shell:Creating prefix chain script '/home/robot134/robotws/install/setup.sh'
[3.503s] INFO:colcon.colcon_core.shell:Creating prefix script '/home/robot134/robotws/install/local_setup.bash'
[3.504s] INFO:colcon.colcon_core.shell:Creating prefix chain script '/home/robot134/robotws/install/setup.bash'
[3.508s] INFO:colcon.colcon_core.shell:Creating prefix script '/home/robot134/robotws/install/local_setup.zsh'
[3.508s] INFO:colcon.colcon_core.shell:Creating prefix chain script '/home/robot134/robotws/install/setup.zsh'
