[1.636s] Invoking command in '/home/robot134/robotws/src/build/operation': PYTHONPATH=/home/robot134/robotws/src/build/operation/prefix_override:/home/robot134/robotws/src/install/operation/lib/python3.10/site-packages:${PYTHONPATH} /usr/bin/python3 setup.py develop --editable --build-directory /home/robot134/robotws/src/build/operation/build --no-deps install_data
[2.063s] running develop
[2.063s] /usr/lib/python3/dist-packages/setuptools/command/easy_install.py:158: EasyInstallDeprecationWarning: easy_install command is deprecated. Use build and pip and other standards-based tools.
[2.063s]   warnings.warn(
[2.065s] /usr/lib/python3/dist-packages/setuptools/command/install.py:34: SetuptoolsDeprecationWarning: setup.py install is deprecated. Use build and pip and other standards-based tools.
[2.065s]   warnings.warn(
[2.172s] /usr/lib/python3/dist-packages/pkg_resources/__init__.py:116: PkgResourcesDeprecationWarning: 1.16.0-unknown is an invalid version and will not be supported in a future release
[2.172s]   warnings.warn(
[2.174s] /usr/lib/python3/dist-packages/pkg_resources/__init__.py:116: PkgResourcesDeprecationWarning: 1.1build1 is an invalid version and will not be supported in a future release
[2.174s]   warnings.warn(
[2.175s] /usr/lib/python3/dist-packages/pkg_resources/__init__.py:116: PkgResourcesDeprecationWarning: 0.1.43ubuntu1 is an invalid version and will not be supported in a future release
[2.175s]   warnings.warn(
[2.367s] running egg_info
[2.369s] writing operation.egg-info/PKG-INFO
[2.369s] writing dependency_links to operation.egg-info/dependency_links.txt
[2.369s] writing entry points to operation.egg-info/entry_points.txt
[2.370s] writing requirements to operation.egg-info/requires.txt
[2.371s] writing top-level names to operation.egg-info/top_level.txt
[2.374s] reading manifest file 'operation.egg-info/SOURCES.txt'
[2.377s] writing manifest file 'operation.egg-info/SOURCES.txt'
[2.379s] running build_ext
[2.380s] Creating /home/robot134/robotws/src/install/operation/lib/python3.10/site-packages/operation.egg-link (link to .)
[2.381s] Installing demo134 script to /home/robot134/robotws/src/install/operation/lib/operation
[2.382s] 
[2.382s] Installed /home/robot134/robotws/src/build/operation
[2.383s] running install_data
[2.452s] Invoked command in '/home/robot134/robotws/src/build/operation' returned '0': PYTHONPATH=/home/robot134/robotws/src/build/operation/prefix_override:/home/robot134/robotws/src/install/operation/lib/python3.10/site-packages:${PYTHONPATH} /usr/bin/python3 setup.py develop --editable --build-directory /home/robot134/robotws/src/build/operation/build --no-deps install_data
