[1.215s] Invoking command in '/home/robot134/robotws/src/build/basic134': PYTHONPATH=/home/robot134/robotws/src/build/basic134/prefix_override:/home/robot134/robotws/src/install/basic134/lib/python3.10/site-packages:${PYTHONPATH} /usr/bin/python3 setup.py develop --editable --build-directory /home/robot134/robotws/src/build/basic134/build --no-deps install_data
[1.602s] running develop
[1.602s] /usr/lib/python3/dist-packages/setuptools/command/easy_install.py:158: EasyInstallDeprecationWarning: easy_install command is deprecated. Use build and pip and other standards-based tools.
[1.602s]   warnings.warn(
[1.604s] /usr/lib/python3/dist-packages/setuptools/command/install.py:34: SetuptoolsDeprecationWarning: setup.py install is deprecated. Use build and pip and other standards-based tools.
[1.604s]   warnings.warn(
[1.698s] /usr/lib/python3/dist-packages/pkg_resources/__init__.py:116: PkgResourcesDeprecationWarning: 1.16.0-unknown is an invalid version and will not be supported in a future release
[1.698s]   warnings.warn(
[1.699s] /usr/lib/python3/dist-packages/pkg_resources/__init__.py:116: PkgResourcesDeprecationWarning: 1.1build1 is an invalid version and will not be supported in a future release
[1.699s]   warnings.warn(
[1.700s] /usr/lib/python3/dist-packages/pkg_resources/__init__.py:116: PkgResourcesDeprecationWarning: 0.1.43ubuntu1 is an invalid version and will not be supported in a future release
[1.700s]   warnings.warn(
[1.826s] running egg_info
[1.826s] creating basic134.egg-info
[1.827s] writing basic134.egg-info/PKG-INFO
[1.827s] writing dependency_links to basic134.egg-info/dependency_links.txt
[1.827s] writing entry points to basic134.egg-info/entry_points.txt
[1.827s] writing requirements to basic134.egg-info/requires.txt
[1.827s] writing top-level names to basic134.egg-info/top_level.txt
[1.827s] writing manifest file 'basic134.egg-info/SOURCES.txt'
[1.831s] reading manifest file 'basic134.egg-info/SOURCES.txt'
[1.831s] writing manifest file 'basic134.egg-info/SOURCES.txt'
[1.833s] running build_ext
[1.833s] Creating /home/robot134/robotws/src/install/basic134/lib/python3.10/site-packages/basic134.egg-link (link to .)
[1.833s] Installing demo134 script to /home/robot134/robotws/src/install/basic134/lib/basic134
[1.834s] 
[1.834s] Installed /home/robot134/robotws/src/build/basic134
[1.834s] running install_data
[1.834s] creating /home/robot134/robotws/src/install/basic134/share/ament_index
[1.834s] creating /home/robot134/robotws/src/install/basic134/share/ament_index/resource_index
[1.834s] creating /home/robot134/robotws/src/install/basic134/share/ament_index/resource_index/packages
[1.834s] copying resource/basic134 -> /home/robot134/robotws/src/install/basic134/share/ament_index/resource_index/packages
[1.835s] copying package.xml -> /home/robot134/robotws/src/install/basic134/share/basic134
[1.835s] creating /home/robot134/robotws/src/install/basic134/share/basic134/launch
[1.835s] copying launch/runexample.launch.py -> /home/robot134/robotws/src/install/basic134/share/basic134/launch
[1.835s] copying launch/viewexample.launch.py -> /home/robot134/robotws/src/install/basic134/share/basic134/launch
[1.835s] creating /home/robot134/robotws/src/install/basic134/share/basic134/rviz
[1.835s] copying rviz/viewurdf.rviz -> /home/robot134/robotws/src/install/basic134/share/basic134/rviz
[1.835s] creating /home/robot134/robotws/src/install/basic134/share/basic134/meshes
[1.836s] copying meshes/lbracket.STL -> /home/robot134/robotws/src/install/basic134/share/basic134/meshes
[1.836s] copying meshes/X8.stl -> /home/robot134/robotws/src/install/basic134/share/basic134/meshes
[1.837s] copying meshes/arm_base.stl -> /home/robot134/robotws/src/install/basic134/share/basic134/meshes
[1.838s] copying meshes/basiclink.stl -> /home/robot134/robotws/src/install/basic134/share/basic134/meshes
[1.838s] copying meshes/basiclink.dae -> /home/robot134/robotws/src/install/basic134/share/basic134/meshes
[1.838s] copying meshes/X5.stl -> /home/robot134/robotws/src/install/basic134/share/basic134/meshes
[1.840s] copying meshes/lowerarm.stl -> /home/robot134/robotws/src/install/basic134/share/basic134/meshes
[1.840s] creating /home/robot134/robotws/src/install/basic134/share/basic134/urdf
[1.840s] copying urdf/example.urdf -> /home/robot134/robotws/src/install/basic134/share/basic134/urdf
[1.866s] Invoked command in '/home/robot134/robotws/src/build/basic134' returned '0': PYTHONPATH=/home/robot134/robotws/src/build/basic134/prefix_override:/home/robot134/robotws/src/install/basic134/lib/python3.10/site-packages:${PYTHONPATH} /usr/bin/python3 setup.py develop --editable --build-directory /home/robot134/robotws/src/build/basic134/build --no-deps install_data
