[1.107s] Invoking command in '/home/robot134/robotws/src/build/hebiros': PYTHONPATH=/home/robot134/robotws/src/build/hebiros/prefix_override:/home/robot134/robotws/src/install/hebiros/lib/python3.10/site-packages:${PYTHONPATH} /usr/bin/python3 setup.py develop --editable --build-directory /home/robot134/robotws/src/build/hebiros/build --no-deps install_data
[1.370s] running develop
[1.371s] /usr/lib/python3/dist-packages/setuptools/command/easy_install.py:158: EasyInstallDeprecationWarning: easy_install command is deprecated. Use build and pip and other standards-based tools.
[1.371s]   warnings.warn(
[1.372s] /usr/lib/python3/dist-packages/setuptools/command/install.py:34: SetuptoolsDeprecationWarning: setup.py install is deprecated. Use build and pip and other standards-based tools.
[1.372s]   warnings.warn(
[1.433s] /usr/lib/python3/dist-packages/pkg_resources/__init__.py:116: PkgResourcesDeprecationWarning: 1.16.0-unknown is an invalid version and will not be supported in a future release
[1.433s]   warnings.warn(
[1.434s] /usr/lib/python3/dist-packages/pkg_resources/__init__.py:116: PkgResourcesDeprecationWarning: 1.1build1 is an invalid version and will not be supported in a future release
[1.434s]   warnings.warn(
[1.434s] /usr/lib/python3/dist-packages/pkg_resources/__init__.py:116: PkgResourcesDeprecationWarning: 0.1.43ubuntu1 is an invalid version and will not be supported in a future release
[1.434s]   warnings.warn(
[1.542s] running egg_info
[1.542s] writing hebiros.egg-info/PKG-INFO
[1.543s] writing dependency_links to hebiros.egg-info/dependency_links.txt
[1.543s] writing entry points to hebiros.egg-info/entry_points.txt
[1.543s] writing requirements to hebiros.egg-info/requires.txt
[1.543s] writing top-level names to hebiros.egg-info/top_level.txt
[1.545s] reading manifest file 'hebiros.egg-info/SOURCES.txt'
[1.546s] writing manifest file 'hebiros.egg-info/SOURCES.txt'
[1.547s] running build_ext
[1.547s] Creating /home/robot134/robotws/src/install/hebiros/lib/python3.10/site-packages/hebiros.egg-link (link to .)
[1.548s] Installing hebinode script to /home/robot134/robotws/src/install/hebiros/lib/hebiros
[1.548s] Installing hebiscan script to /home/robot134/robotws/src/install/hebiros/lib/hebiros
[1.549s] Installing testsend script to /home/robot134/robotws/src/install/hebiros/lib/hebiros
[1.549s] 
[1.549s] Installed /home/robot134/robotws/src/build/hebiros
[1.549s] running install_data
[1.579s] Invoked command in '/home/robot134/robotws/src/build/hebiros' returned '0': PYTHONPATH=/home/robot134/robotws/src/build/hebiros/prefix_override:/home/robot134/robotws/src/install/hebiros/lib/python3.10/site-packages:${PYTHONPATH} /usr/bin/python3 setup.py develop --editable --build-directory /home/robot134/robotws/src/build/hebiros/build --no-deps install_data
