/home/robot134/robotws/src/detectors/install/detectors/lib/python3.10/site-packages/detectors/writearuco.py
/home/robot134/robotws/src/detectors/install/detectors/lib/python3.10/site-packages/detectors/__init__.py
/home/robot134/robotws/src/detectors/install/detectors/lib/python3.10/site-packages/detectors/facedetector.py
/home/robot134/robotws/src/detectors/install/detectors/lib/python3.10/site-packages/detectors/depthincenter.py
/home/robot134/robotws/src/detectors/install/detectors/lib/python3.10/site-packages/detectors/detectaruco.py
/home/robot134/robotws/src/detectors/install/detectors/lib/python3.10/site-packages/detectors/balldetector.py
/home/robot134/robotws/src/detectors/install/detectors/lib/python3.10/site-packages/detectors/__pycache__/writearuco.cpython-310.pyc
/home/robot134/robotws/src/detectors/install/detectors/lib/python3.10/site-packages/detectors/__pycache__/__init__.cpython-310.pyc
/home/robot134/robotws/src/detectors/install/detectors/lib/python3.10/site-packages/detectors/__pycache__/facedetector.cpython-310.pyc
/home/robot134/robotws/src/detectors/install/detectors/lib/python3.10/site-packages/detectors/__pycache__/depthincenter.cpython-310.pyc
/home/robot134/robotws/src/detectors/install/detectors/lib/python3.10/site-packages/detectors/__pycache__/detectaruco.cpython-310.pyc
/home/robot134/robotws/src/detectors/install/detectors/lib/python3.10/site-packages/detectors/__pycache__/balldetector.cpython-310.pyc
/home/robot134/robotws/src/detectors/install/detectors/share/ament_index/resource_index/packages/detectors
/home/robot134/robotws/src/detectors/install/detectors/share/detectors/package.xml
/home/robot134/robotws/src/detectors/install/detectors/share/detectors/rviz/viewpointcloud.rviz
/home/robot134/robotws/src/detectors/install/detectors/share/detectors/rviz/viewurdfandimage.rviz
/home/robot134/robotws/src/detectors/install/detectors/share/detectors/launch/start_usbcam.launch.py
/home/robot134/robotws/src/detectors/install/detectors/share/detectors/launch/realsense_pointcloud.launch.py
/home/robot134/robotws/src/detectors/install/detectors/share/detectors/launch/balldetector.launch.py
/home/robot134/robotws/src/detectors/install/detectors/share/detectors/launch/view_usbcam_showimage.launch.py
/home/robot134/robotws/src/detectors/install/detectors/share/detectors/launch/view_usbcam_rviz.launch.py
/home/robot134/robotws/src/detectors/install/detectors/share/detectors/launch/realsense_plain.launch.py
/home/robot134/robotws/src/detectors/install/detectors/share/detectors/launch/detectaruco.launch.py
/home/robot134/robotws/src/detectors/install/detectors/share/detectors/launch/facedetector.launch.py
/home/robot134/robotws/src/detectors/install/detectors/share/detectors/launch/realsense_aligned.launch.py
/home/robot134/robotws/src/detectors/install/detectors/share/detectors/launch/view_usbcam_imageview.launch.py
/home/robot134/robotws/src/detectors/install/detectors/lib/python3.10/site-packages/detectors-0.0.0-py3.10.egg-info/dependency_links.txt
/home/robot134/robotws/src/detectors/install/detectors/lib/python3.10/site-packages/detectors-0.0.0-py3.10.egg-info/PKG-INFO
/home/robot134/robotws/src/detectors/install/detectors/lib/python3.10/site-packages/detectors-0.0.0-py3.10.egg-info/zip-safe
/home/robot134/robotws/src/detectors/install/detectors/lib/python3.10/site-packages/detectors-0.0.0-py3.10.egg-info/entry_points.txt
/home/robot134/robotws/src/detectors/install/detectors/lib/python3.10/site-packages/detectors-0.0.0-py3.10.egg-info/requires.txt
/home/robot134/robotws/src/detectors/install/detectors/lib/python3.10/site-packages/detectors-0.0.0-py3.10.egg-info/SOURCES.txt
/home/robot134/robotws/src/detectors/install/detectors/lib/python3.10/site-packages/detectors-0.0.0-py3.10.egg-info/top_level.txt
/home/robot134/robotws/src/detectors/install/detectors/lib/detectors/balldetector
/home/robot134/robotws/src/detectors/install/detectors/lib/detectors/depthincenter
/home/robot134/robotws/src/detectors/install/detectors/lib/detectors/detectaruco
/home/robot134/robotws/src/detectors/install/detectors/lib/detectors/facedetector
/home/robot134/robotws/src/detectors/install/detectors/lib/detectors/writearuco
