[1.364s] Invoking command in '/home/robot134/robotws/src/build/basic134': PYTHONPATH=/home/robot134/robotws/src/build/basic134/prefix_override:/home/robot134/robotws/src/install/basic134/lib/python3.10/site-packages:${PYTHONPATH} /usr/bin/python3 setup.py develop --editable --build-directory /home/robot134/robotws/src/build/basic134/build --no-deps install_data
[1.780s] running develop
[1.780s] /usr/lib/python3/dist-packages/setuptools/command/easy_install.py:158: EasyInstallDeprecationWarning: easy_install command is deprecated. Use build and pip and other standards-based tools.
[1.780s]   warnings.warn(
[1.782s] /usr/lib/python3/dist-packages/setuptools/command/install.py:34: SetuptoolsDeprecationWarning: setup.py install is deprecated. Use build and pip and other standards-based tools.
[1.782s]   warnings.warn(
[1.882s] /usr/lib/python3/dist-packages/pkg_resources/__init__.py:116: PkgResourcesDeprecationWarning: 1.16.0-unknown is an invalid version and will not be supported in a future release
[1.882s]   warnings.warn(
[1.883s] /usr/lib/python3/dist-packages/pkg_resources/__init__.py:116: PkgResourcesDeprecationWarning: 1.1build1 is an invalid version and will not be supported in a future release
[1.883s]   warnings.warn(
[1.883s] /usr/lib/python3/dist-packages/pkg_resources/__init__.py:116: PkgResourcesDeprecationWarning: 0.1.43ubuntu1 is an invalid version and will not be supported in a future release
[1.884s]   warnings.warn(
[2.068s] running egg_info
[2.068s] writing basic134.egg-info/PKG-INFO
[2.068s] writing dependency_links to basic134.egg-info/dependency_links.txt
[2.069s] writing entry points to basic134.egg-info/entry_points.txt
[2.069s] writing requirements to basic134.egg-info/requires.txt
[2.069s] writing top-level names to basic134.egg-info/top_level.txt
[2.071s] reading manifest file 'basic134.egg-info/SOURCES.txt'
[2.073s] writing manifest file 'basic134.egg-info/SOURCES.txt'
[2.075s] running build_ext
[2.075s] Creating /home/robot134/robotws/src/install/basic134/lib/python3.10/site-packages/basic134.egg-link (link to .)
[2.076s] Installing demo134 script to /home/robot134/robotws/src/install/basic134/lib/basic134
[2.076s] 
[2.077s] Installed /home/robot134/robotws/src/build/basic134
[2.077s] running install_data
[2.126s] Invoked command in '/home/robot134/robotws/src/build/basic134' returned '0': PYTHONPATH=/home/robot134/robotws/src/build/basic134/prefix_override:/home/robot134/robotws/src/install/basic134/lib/python3.10/site-packages:${PYTHONPATH} /usr/bin/python3 setup.py develop --editable --build-directory /home/robot134/robotws/src/build/basic134/build --no-deps install_data
