[1.597s] Invoking command in '/home/robot134/robotws/src/build/operation': PYTHONPATH=/home/robot134/robotws/src/build/operation/prefix_override:/home/robot134/robotws/src/install/operation/lib/python3.10/site-packages:${PYTHONPATH} /usr/bin/python3 setup.py develop --editable --build-directory /home/robot134/robotws/src/build/operation/build --no-deps install_data
[2.033s] running develop
[2.034s] /usr/lib/python3/dist-packages/setuptools/command/easy_install.py:158: EasyInstallDeprecationWarning: easy_install command is deprecated. Use build and pip and other standards-based tools.
[2.034s]   warnings.warn(
[2.036s] /usr/lib/python3/dist-packages/setuptools/command/install.py:34: SetuptoolsDeprecationWarning: setup.py install is deprecated. Use build and pip and other standards-based tools.
[2.036s]   warnings.warn(
[2.140s] /usr/lib/python3/dist-packages/pkg_resources/__init__.py:116: PkgResourcesDeprecationWarning: 1.16.0-unknown is an invalid version and will not be supported in a future release
[2.140s]   warnings.warn(
[2.141s] /usr/lib/python3/dist-packages/pkg_resources/__init__.py:116: PkgResourcesDeprecationWarning: 1.1build1 is an invalid version and will not be supported in a future release
[2.141s]   warnings.warn(
[2.142s] /usr/lib/python3/dist-packages/pkg_resources/__init__.py:116: PkgResourcesDeprecationWarning: 0.1.43ubuntu1 is an invalid version and will not be supported in a future release
[2.142s]   warnings.warn(
[2.343s] running egg_info
[2.344s] writing operation.egg-info/PKG-INFO
[2.344s] writing dependency_links to operation.egg-info/dependency_links.txt
[2.345s] writing entry points to operation.egg-info/entry_points.txt
[2.345s] writing requirements to operation.egg-info/requires.txt
[2.345s] writing top-level names to operation.egg-info/top_level.txt
[2.349s] reading manifest file 'operation.egg-info/SOURCES.txt'
[2.351s] writing manifest file 'operation.egg-info/SOURCES.txt'
[2.355s] running build_ext
[2.356s] Creating /home/robot134/robotws/src/install/operation/lib/python3.10/site-packages/operation.egg-link (link to .)
[2.357s] Installing demo134 script to /home/robot134/robotws/src/install/operation/lib/operation
[2.358s] 
[2.358s] Installed /home/robot134/robotws/src/build/operation
[2.358s] running install_data
[2.416s] Invoked command in '/home/robot134/robotws/src/build/operation' returned '0': PYTHONPATH=/home/robot134/robotws/src/build/operation/prefix_override:/home/robot134/robotws/src/install/operation/lib/python3.10/site-packages:${PYTHONPATH} /usr/bin/python3 setup.py develop --editable --build-directory /home/robot134/robotws/src/build/operation/build --no-deps install_data
