[1.193s] Invoking command in '/home/robot134/robotws/src/build/hebiros': PYTHONPATH=/home/robot134/robotws/src/build/hebiros/prefix_override:/home/robot134/robotws/src/install/hebiros/lib/python3.10/site-packages:${PYTHONPATH} /usr/bin/python3 setup.py develop --editable --build-directory /home/robot134/robotws/src/build/hebiros/build --no-deps install_data
[1.432s] running develop
[1.432s] /usr/lib/python3/dist-packages/setuptools/command/easy_install.py:158: EasyInstallDeprecationWarning: easy_install command is deprecated. Use build and pip and other standards-based tools.
[1.432s]   warnings.warn(
[1.434s] /usr/lib/python3/dist-packages/setuptools/command/install.py:34: SetuptoolsDeprecationWarning: setup.py install is deprecated. Use build and pip and other standards-based tools.
[1.434s]   warnings.warn(
[1.486s] /usr/lib/python3/dist-packages/pkg_resources/__init__.py:116: PkgResourcesDeprecationWarning: 1.16.0-unknown is an invalid version and will not be supported in a future release
[1.486s]   warnings.warn(
[1.487s] /usr/lib/python3/dist-packages/pkg_resources/__init__.py:116: PkgResourcesDeprecationWarning: 1.1build1 is an invalid version and will not be supported in a future release
[1.487s]   warnings.warn(
[1.487s] /usr/lib/python3/dist-packages/pkg_resources/__init__.py:116: PkgResourcesDeprecationWarning: 0.1.43ubuntu1 is an invalid version and will not be supported in a future release
[1.487s]   warnings.warn(
[1.589s] running egg_info
[1.589s] creating hebiros.egg-info
[1.589s] writing hebiros.egg-info/PKG-INFO
[1.589s] writing dependency_links to hebiros.egg-info/dependency_links.txt
[1.589s] writing entry points to hebiros.egg-info/entry_points.txt
[1.589s] writing requirements to hebiros.egg-info/requires.txt
[1.590s] writing top-level names to hebiros.egg-info/top_level.txt
[1.590s] writing manifest file 'hebiros.egg-info/SOURCES.txt'
[1.591s] reading manifest file 'hebiros.egg-info/SOURCES.txt'
[1.592s] writing manifest file 'hebiros.egg-info/SOURCES.txt'
[1.593s] running build_ext
[1.593s] Creating /home/robot134/robotws/src/install/hebiros/lib/python3.10/site-packages/hebiros.egg-link (link to .)
[1.594s] Installing hebinode script to /home/robot134/robotws/src/install/hebiros/lib/hebiros
[1.594s] Installing hebiscan script to /home/robot134/robotws/src/install/hebiros/lib/hebiros
[1.595s] Installing testsend script to /home/robot134/robotws/src/install/hebiros/lib/hebiros
[1.595s] 
[1.595s] Installed /home/robot134/robotws/src/build/hebiros
[1.595s] running install_data
[1.595s] creating /home/robot134/robotws/src/install/hebiros/share/ament_index
[1.595s] creating /home/robot134/robotws/src/install/hebiros/share/ament_index/resource_index
[1.596s] creating /home/robot134/robotws/src/install/hebiros/share/ament_index/resource_index/packages
[1.596s] copying resource/hebiros -> /home/robot134/robotws/src/install/hebiros/share/ament_index/resource_index/packages
[1.596s] copying package.xml -> /home/robot134/robotws/src/install/hebiros/share/hebiros
[1.596s] creating /home/robot134/robotws/src/install/hebiros/share/hebiros/params
[1.596s] copying params/hebitest.yaml -> /home/robot134/robotws/src/install/hebiros/share/hebiros/params
[1.596s] creating /home/robot134/robotws/src/install/hebiros/share/hebiros/launch
[1.596s] copying launch/hebitest.launch.py -> /home/robot134/robotws/src/install/hebiros/share/hebiros/launch
[1.625s] Invoked command in '/home/robot134/robotws/src/build/hebiros' returned '0': PYTHONPATH=/home/robot134/robotws/src/build/hebiros/prefix_override:/home/robot134/robotws/src/install/hebiros/lib/python3.10/site-packages:${PYTHONPATH} /usr/bin/python3 setup.py develop --editable --build-directory /home/robot134/robotws/src/build/hebiros/build --no-deps install_data
