[1.094s] Invoking command in '/home/robot134/robotws/src/build/operation': PYTHONPATH=/home/robot134/robotws/src/build/operation/prefix_override:/home/robot134/robotws/src/install/operation/lib/python3.10/site-packages:${PYTHONPATH} /usr/bin/python3 setup.py develop --editable --build-directory /home/robot134/robotws/src/build/operation/build --no-deps install_data
[1.347s] running develop
[1.348s] /usr/lib/python3/dist-packages/setuptools/command/easy_install.py:158: EasyInstallDeprecationWarning: easy_install command is deprecated. Use build and pip and other standards-based tools.
[1.348s]   warnings.warn(
[1.349s] /usr/lib/python3/dist-packages/setuptools/command/install.py:34: SetuptoolsDeprecationWarning: setup.py install is deprecated. Use build and pip and other standards-based tools.
[1.349s]   warnings.warn(
[1.404s] /usr/lib/python3/dist-packages/pkg_resources/__init__.py:116: PkgResourcesDeprecationWarning: 1.16.0-unknown is an invalid version and will not be supported in a future release
[1.404s]   warnings.warn(
[1.405s] /usr/lib/python3/dist-packages/pkg_resources/__init__.py:116: PkgResourcesDeprecationWarning: 1.1build1 is an invalid version and will not be supported in a future release
[1.405s]   warnings.warn(
[1.405s] /usr/lib/python3/dist-packages/pkg_resources/__init__.py:116: PkgResourcesDeprecationWarning: 0.1.43ubuntu1 is an invalid version and will not be supported in a future release
[1.405s]   warnings.warn(
[1.526s] running egg_info
[1.526s] writing operation.egg-info/PKG-INFO
[1.526s] writing dependency_links to operation.egg-info/dependency_links.txt
[1.527s] writing entry points to operation.egg-info/entry_points.txt
[1.527s] writing requirements to operation.egg-info/requires.txt
[1.527s] writing top-level names to operation.egg-info/top_level.txt
[1.529s] reading manifest file 'operation.egg-info/SOURCES.txt'
[1.529s] writing manifest file 'operation.egg-info/SOURCES.txt'
[1.531s] running build_ext
[1.531s] Creating /home/robot134/robotws/src/install/operation/lib/python3.10/site-packages/operation.egg-link (link to .)
[1.532s] Installing demo134 script to /home/robot134/robotws/src/install/operation/lib/operation
[1.532s] 
[1.532s] Installed /home/robot134/robotws/src/build/operation
[1.532s] running install_data
[1.533s] copying urdf/example.urdf -> /home/robot134/robotws/src/install/operation/share/operation/urdf
[1.561s] Invoked command in '/home/robot134/robotws/src/build/operation' returned '0': PYTHONPATH=/home/robot134/robotws/src/build/operation/prefix_override:/home/robot134/robotws/src/install/operation/lib/python3.10/site-packages:${PYTHONPATH} /usr/bin/python3 setup.py develop --editable --build-directory /home/robot134/robotws/src/build/operation/build --no-deps install_data
