[1.642s] Invoking command in '/home/robot134/robotws/src/build/hebiros': PYTHONPATH=/home/robot134/robotws/src/build/hebiros/prefix_override:/home/robot134/robotws/src/install/hebiros/lib/python3.10/site-packages:${PYTHONPATH} /usr/bin/python3 setup.py develop --editable --build-directory /home/robot134/robotws/src/build/hebiros/build --no-deps install_data
[2.090s] running develop
[2.091s] /usr/lib/python3/dist-packages/setuptools/command/easy_install.py:158: EasyInstallDeprecationWarning: easy_install command is deprecated. Use build and pip and other standards-based tools.
[2.091s]   warnings.warn(
[2.093s] /usr/lib/python3/dist-packages/setuptools/command/install.py:34: SetuptoolsDeprecationWarning: setup.py install is deprecated. Use build and pip and other standards-based tools.
[2.093s]   warnings.warn(
[2.195s] /usr/lib/python3/dist-packages/pkg_resources/__init__.py:116: PkgResourcesDeprecationWarning: 1.16.0-unknown is an invalid version and will not be supported in a future release
[2.195s]   warnings.warn(
[2.195s] /usr/lib/python3/dist-packages/pkg_resources/__init__.py:116: PkgResourcesDeprecationWarning: 1.1build1 is an invalid version and will not be supported in a future release
[2.195s]   warnings.warn(
[2.196s] /usr/lib/python3/dist-packages/pkg_resources/__init__.py:116: PkgResourcesDeprecationWarning: 0.1.43ubuntu1 is an invalid version and will not be supported in a future release
[2.196s]   warnings.warn(
[2.383s] running egg_info
[2.383s] writing hebiros.egg-info/PKG-INFO
[2.383s] writing dependency_links to hebiros.egg-info/dependency_links.txt
[2.383s] writing entry points to hebiros.egg-info/entry_points.txt
[2.383s] writing requirements to hebiros.egg-info/requires.txt
[2.384s] writing top-level names to hebiros.egg-info/top_level.txt
[2.386s] reading manifest file 'hebiros.egg-info/SOURCES.txt'
[2.387s] writing manifest file 'hebiros.egg-info/SOURCES.txt'
[2.389s] running build_ext
[2.390s] Creating /home/robot134/robotws/src/install/hebiros/lib/python3.10/site-packages/hebiros.egg-link (link to .)
[2.391s] Installing hebinode script to /home/robot134/robotws/src/install/hebiros/lib/hebiros
[2.391s] Installing hebiscan script to /home/robot134/robotws/src/install/hebiros/lib/hebiros
[2.392s] Installing testsend script to /home/robot134/robotws/src/install/hebiros/lib/hebiros
[2.392s] 
[2.392s] Installed /home/robot134/robotws/src/build/hebiros
[2.392s] running install_data
[2.439s] Invoked command in '/home/robot134/robotws/src/build/hebiros' returned '0': PYTHONPATH=/home/robot134/robotws/src/build/hebiros/prefix_override:/home/robot134/robotws/src/install/hebiros/lib/python3.10/site-packages:${PYTHONPATH} /usr/bin/python3 setup.py develop --editable --build-directory /home/robot134/robotws/src/build/hebiros/build --no-deps install_data
