[1.879s] Invoking command in '/home/robot134/robotws/build/hebiros': PYTHONPATH=/home/robot134/robotws/build/hebiros/prefix_override:/home/robot134/robotws/install/hebiros/lib/python3.10/site-packages:${PYTHONPATH} /usr/bin/python3 setup.py develop --editable --build-directory /home/robot134/robotws/build/hebiros/build --no-deps install_data
[2.493s] running develop
[2.494s] /usr/lib/python3/dist-packages/setuptools/command/easy_install.py:158: EasyInstallDeprecationWarning: easy_install command is deprecated. Use build and pip and other standards-based tools.
[2.494s]   warnings.warn(
[2.496s] /usr/lib/python3/dist-packages/setuptools/command/install.py:34: SetuptoolsDeprecationWarning: setup.py install is deprecated. Use build and pip and other standards-based tools.
[2.496s]   warnings.warn(
[2.613s] /usr/lib/python3/dist-packages/pkg_resources/__init__.py:116: PkgResourcesDeprecationWarning: 1.16.0-unknown is an invalid version and will not be supported in a future release
[2.613s]   warnings.warn(
[2.614s] /usr/lib/python3/dist-packages/pkg_resources/__init__.py:116: PkgResourcesDeprecationWarning: 1.1build1 is an invalid version and will not be supported in a future release
[2.615s]   warnings.warn(
[2.615s] /usr/lib/python3/dist-packages/pkg_resources/__init__.py:116: PkgResourcesDeprecationWarning: 0.1.43ubuntu1 is an invalid version and will not be supported in a future release
[2.615s]   warnings.warn(
[2.827s] running egg_info
[2.828s] writing hebiros.egg-info/PKG-INFO
[2.828s] writing dependency_links to hebiros.egg-info/dependency_links.txt
[2.828s] writing entry points to hebiros.egg-info/entry_points.txt
[2.828s] writing requirements to hebiros.egg-info/requires.txt
[2.828s] writing top-level names to hebiros.egg-info/top_level.txt
[2.832s] reading manifest file 'hebiros.egg-info/SOURCES.txt'
[2.832s] writing manifest file 'hebiros.egg-info/SOURCES.txt'
[2.835s] running build_ext
[2.835s] Creating /home/robot134/robotws/install/hebiros/lib/python3.10/site-packages/hebiros.egg-link (link to .)
[2.837s] Installing hebinode script to /home/robot134/robotws/install/hebiros/lib/hebiros
[2.837s] Installing hebiscan script to /home/robot134/robotws/install/hebiros/lib/hebiros
[2.837s] Installing testsend script to /home/robot134/robotws/install/hebiros/lib/hebiros
[2.838s] 
[2.838s] Installed /home/robot134/robotws/build/hebiros
[2.839s] running install_data
[2.871s] Invoked command in '/home/robot134/robotws/build/hebiros' returned '0': PYTHONPATH=/home/robot134/robotws/build/hebiros/prefix_override:/home/robot134/robotws/install/hebiros/lib/python3.10/site-packages:${PYTHONPATH} /usr/bin/python3 setup.py develop --editable --build-directory /home/robot134/robotws/build/hebiros/build --no-deps install_data
