[0.283s] DEBUG:colcon:Command line arguments: ['/usr/bin/colcon', 'build', '--symlink-install']
[0.283s] DEBUG:colcon:Parsed command line arguments: Namespace(log_base=None, log_level=None, verb_name='build', build_base='build', install_base='install', merge_install=False, symlink_install=True, test_result_base=None, continue_on_error=False, executor='parallel', parallel_workers=4, event_handlers=None, ignore_user_meta=False, metas=['./colcon.meta'], base_paths=['.'], packages_ignore=None, packages_ignore_regex=None, paths=None, packages_up_to=None, packages_up_to_regex=None, packages_above=None, packages_above_and_dependencies=None, packages_above_depth=None, packages_select_by_dep=None, packages_skip_by_dep=None, packages_skip_up_to=None, packages_select_build_failed=False, packages_skip_build_finished=False, packages_select_test_failures=False, packages_skip_test_passed=False, packages_select=None, packages_skip=None, packages_select_regex=None, packages_skip_regex=None, packages_start=None, packages_end=None, allow_overriding=[], cmake_args=None, cmake_target=None, cmake_target_skip_unavailable=False, cmake_clean_cache=False, cmake_clean_first=False, cmake_force_configure=False, ament_cmake_args=None, catkin_cmake_args=None, catkin_skip_building_tests=False, verb_parser=<colcon_defaults.argument_parser.defaults.DefaultArgumentsDecorator object at 0x7f7d65526080>, verb_extension=<colcon_core.verb.build.BuildVerb object at 0x7f7d65ec6cb0>, main=<bound method BuildVerb.main of <colcon_core.verb.build.BuildVerb object at 0x7f7d65ec6cb0>>)
[0.310s] Level 1:colcon.colcon_core.package_discovery:discover_packages(colcon_meta) check parameters
[0.310s] Level 1:colcon.colcon_core.package_discovery:discover_packages(recursive) check parameters
[0.310s] Level 1:colcon.colcon_core.package_discovery:discover_packages(ignore) check parameters
[0.310s] Level 1:colcon.colcon_core.package_discovery:discover_packages(path) check parameters
[0.311s] Level 1:colcon.colcon_core.package_discovery:discover_packages(colcon_meta) discover
[0.311s] Level 1:colcon.colcon_core.package_discovery:discover_packages(recursive) discover
[0.311s] INFO:colcon.colcon_core.package_discovery:Crawling recursively for packages in '/home/robot134/robotws/src'
[0.311s] Level 1:colcon.colcon_core.package_identification:_identify(.) by extensions ['ignore', 'ignore_ament_install']
[0.311s] Level 1:colcon.colcon_core.package_identification:_identify(.) by extension 'ignore'
[0.311s] Level 1:colcon.colcon_core.package_identification:_identify(.) by extension 'ignore_ament_install'
[0.311s] Level 1:colcon.colcon_core.package_identification:_identify(.) by extensions ['colcon_pkg']
[0.311s] Level 1:colcon.colcon_core.package_identification:_identify(.) by extension 'colcon_pkg'
[0.311s] Level 1:colcon.colcon_core.package_identification:_identify(.) by extensions ['colcon_meta']
[0.311s] Level 1:colcon.colcon_core.package_identification:_identify(.) by extension 'colcon_meta'
[0.311s] Level 1:colcon.colcon_core.package_identification:_identify(.) by extensions ['ros']
[0.311s] Level 1:colcon.colcon_core.package_identification:_identify(.) by extension 'ros'
[0.323s] Level 1:colcon.colcon_core.package_identification:_identify(.) by extensions ['cmake', 'python']
[0.324s] Level 1:colcon.colcon_core.package_identification:_identify(.) by extension 'cmake'
[0.324s] Level 1:colcon.colcon_core.package_identification:_identify(.) by extension 'python'
[0.324s] Level 1:colcon.colcon_core.package_identification:_identify(.) by extensions ['python_setup_py']
[0.324s] Level 1:colcon.colcon_core.package_identification:_identify(.) by extension 'python_setup_py'
[0.324s] Level 1:colcon.colcon_core.package_identification:_identify(basic134) by extensions ['ignore', 'ignore_ament_install']
[0.324s] Level 1:colcon.colcon_core.package_identification:_identify(basic134) by extension 'ignore'
[0.324s] Level 1:colcon.colcon_core.package_identification:_identify(basic134) by extension 'ignore_ament_install'
[0.324s] Level 1:colcon.colcon_core.package_identification:_identify(basic134) by extensions ['colcon_pkg']
[0.324s] Level 1:colcon.colcon_core.package_identification:_identify(basic134) by extension 'colcon_pkg'
[0.324s] Level 1:colcon.colcon_core.package_identification:_identify(basic134) by extensions ['colcon_meta']
[0.324s] Level 1:colcon.colcon_core.package_identification:_identify(basic134) by extension 'colcon_meta'
[0.325s] Level 1:colcon.colcon_core.package_identification:_identify(basic134) by extensions ['ros']
[0.325s] Level 1:colcon.colcon_core.package_identification:_identify(basic134) by extension 'ros'
[0.328s] DEBUG:colcon.colcon_core.package_identification:Package 'basic134' with type 'ros.ament_python' and name 'basic134'
[0.328s] Level 1:colcon.colcon_core.package_identification:_identify(build) by extensions ['ignore', 'ignore_ament_install']
[0.328s] Level 1:colcon.colcon_core.package_identification:_identify(build) by extension 'ignore'
[0.329s] Level 1:colcon.colcon_core.package_identification:_identify(build) ignored
[0.329s] Level 1:colcon.colcon_core.package_identification:_identify(contact-bag) by extensions ['ignore', 'ignore_ament_install']
[0.329s] Level 1:colcon.colcon_core.package_identification:_identify(contact-bag) by extension 'ignore'
[0.329s] Level 1:colcon.colcon_core.package_identification:_identify(contact-bag) by extension 'ignore_ament_install'
[0.329s] Level 1:colcon.colcon_core.package_identification:_identify(contact-bag) by extensions ['colcon_pkg']
[0.329s] Level 1:colcon.colcon_core.package_identification:_identify(contact-bag) by extension 'colcon_pkg'
[0.329s] Level 1:colcon.colcon_core.package_identification:_identify(contact-bag) by extensions ['colcon_meta']
[0.329s] Level 1:colcon.colcon_core.package_identification:_identify(contact-bag) by extension 'colcon_meta'
[0.329s] Level 1:colcon.colcon_core.package_identification:_identify(contact-bag) by extensions ['ros']
[0.329s] Level 1:colcon.colcon_core.package_identification:_identify(contact-bag) by extension 'ros'
[0.329s] Level 1:colcon.colcon_core.package_identification:_identify(contact-bag) by extensions ['cmake', 'python']
[0.329s] Level 1:colcon.colcon_core.package_identification:_identify(contact-bag) by extension 'cmake'
[0.329s] Level 1:colcon.colcon_core.package_identification:_identify(contact-bag) by extension 'python'
[0.330s] Level 1:colcon.colcon_core.package_identification:_identify(contact-bag) by extensions ['python_setup_py']
[0.330s] Level 1:colcon.colcon_core.package_identification:_identify(contact-bag) by extension 'python_setup_py'
[0.330s] Level 1:colcon.colcon_core.package_identification:_identify(demo134) by extensions ['ignore', 'ignore_ament_install']
[0.330s] Level 1:colcon.colcon_core.package_identification:_identify(demo134) by extension 'ignore'
[0.330s] Level 1:colcon.colcon_core.package_identification:_identify(demo134) ignored
[0.330s] Level 1:colcon.colcon_core.package_identification:_identify(detectors) by extensions ['ignore', 'ignore_ament_install']
[0.330s] Level 1:colcon.colcon_core.package_identification:_identify(detectors) by extension 'ignore'
[0.330s] Level 1:colcon.colcon_core.package_identification:_identify(detectors) by extension 'ignore_ament_install'
[0.330s] Level 1:colcon.colcon_core.package_identification:_identify(detectors) by extensions ['colcon_pkg']
[0.330s] Level 1:colcon.colcon_core.package_identification:_identify(detectors) by extension 'colcon_pkg'
[0.330s] Level 1:colcon.colcon_core.package_identification:_identify(detectors) by extensions ['colcon_meta']
[0.330s] Level 1:colcon.colcon_core.package_identification:_identify(detectors) by extension 'colcon_meta'
[0.330s] Level 1:colcon.colcon_core.package_identification:_identify(detectors) by extensions ['ros']
[0.330s] Level 1:colcon.colcon_core.package_identification:_identify(detectors) by extension 'ros'
[0.332s] DEBUG:colcon.colcon_core.package_identification:Package 'detectors' with type 'ros.ament_python' and name 'detectors'
[0.332s] Level 1:colcon.colcon_core.package_identification:_identify(hebiros) by extensions ['ignore', 'ignore_ament_install']
[0.332s] Level 1:colcon.colcon_core.package_identification:_identify(hebiros) by extension 'ignore'
[0.332s] Level 1:colcon.colcon_core.package_identification:_identify(hebiros) by extension 'ignore_ament_install'
[0.332s] Level 1:colcon.colcon_core.package_identification:_identify(hebiros) by extensions ['colcon_pkg']
[0.332s] Level 1:colcon.colcon_core.package_identification:_identify(hebiros) by extension 'colcon_pkg'
[0.333s] Level 1:colcon.colcon_core.package_identification:_identify(hebiros) by extensions ['colcon_meta']
[0.333s] Level 1:colcon.colcon_core.package_identification:_identify(hebiros) by extension 'colcon_meta'
[0.333s] Level 1:colcon.colcon_core.package_identification:_identify(hebiros) by extensions ['ros']
[0.333s] Level 1:colcon.colcon_core.package_identification:_identify(hebiros) by extension 'ros'
[0.335s] DEBUG:colcon.colcon_core.package_identification:Package 'hebiros' with type 'ros.ament_python' and name 'hebiros'
[0.335s] Level 1:colcon.colcon_core.package_identification:_identify(install) by extensions ['ignore', 'ignore_ament_install']
[0.335s] Level 1:colcon.colcon_core.package_identification:_identify(install) by extension 'ignore'
[0.335s] Level 1:colcon.colcon_core.package_identification:_identify(install) ignored
[0.336s] Level 1:colcon.colcon_core.package_identification:_identify(log) by extensions ['ignore', 'ignore_ament_install']
[0.336s] Level 1:colcon.colcon_core.package_identification:_identify(log) by extension 'ignore'
[0.336s] Level 1:colcon.colcon_core.package_identification:_identify(log) ignored
[0.336s] Level 1:colcon.colcon_core.package_identification:_identify(operation) by extensions ['ignore', 'ignore_ament_install']
[0.336s] Level 1:colcon.colcon_core.package_identification:_identify(operation) by extension 'ignore'
[0.336s] Level 1:colcon.colcon_core.package_identification:_identify(operation) by extension 'ignore_ament_install'
[0.336s] Level 1:colcon.colcon_core.package_identification:_identify(operation) by extensions ['colcon_pkg']
[0.336s] Level 1:colcon.colcon_core.package_identification:_identify(operation) by extension 'colcon_pkg'
[0.336s] Level 1:colcon.colcon_core.package_identification:_identify(operation) by extensions ['colcon_meta']
[0.336s] Level 1:colcon.colcon_core.package_identification:_identify(operation) by extension 'colcon_meta'
[0.336s] Level 1:colcon.colcon_core.package_identification:_identify(operation) by extensions ['ros']
[0.336s] Level 1:colcon.colcon_core.package_identification:_identify(operation) by extension 'ros'
[0.338s] DEBUG:colcon.colcon_core.package_identification:Package 'operation' with type 'ros.ament_python' and name 'operation'
[0.338s] Level 1:colcon.colcon_core.package_discovery:discover_packages(recursive) using defaults
[0.338s] Level 1:colcon.colcon_core.package_discovery:discover_packages(ignore) discover
[0.338s] Level 1:colcon.colcon_core.package_discovery:discover_packages(ignore) using defaults
[0.338s] Level 1:colcon.colcon_core.package_discovery:discover_packages(path) discover
[0.338s] Level 1:colcon.colcon_core.package_discovery:discover_packages(path) using defaults
[0.363s] Level 1:colcon.colcon_core.package_discovery:discover_packages(prefix_path) check parameters
[0.363s] Level 1:colcon.colcon_core.package_discovery:discover_packages(prefix_path) discover
[0.366s] DEBUG:colcon.colcon_installed_package_information.package_discovery:Found 4 installed packages in /home/robot134/robotws/install
[0.367s] DEBUG:colcon.colcon_installed_package_information.package_discovery:Found 4 installed packages in /home/robot134/robotws/src/install
[0.369s] DEBUG:colcon.colcon_installed_package_information.package_discovery:Found 411 installed packages in /opt/ros/humble
[0.371s] Level 1:colcon.colcon_core.package_discovery:discover_packages(prefix_path) using defaults
[0.451s] Level 5:colcon.colcon_core.verb:set package 'basic134' build argument 'cmake_args' from command line to 'None'
[0.451s] Level 5:colcon.colcon_core.verb:set package 'basic134' build argument 'cmake_target' from command line to 'None'
[0.452s] Level 5:colcon.colcon_core.verb:set package 'basic134' build argument 'cmake_target_skip_unavailable' from command line to 'False'
[0.452s] Level 5:colcon.colcon_core.verb:set package 'basic134' build argument 'cmake_clean_cache' from command line to 'False'
[0.452s] Level 5:colcon.colcon_core.verb:set package 'basic134' build argument 'cmake_clean_first' from command line to 'False'
[0.452s] Level 5:colcon.colcon_core.verb:set package 'basic134' build argument 'cmake_force_configure' from command line to 'False'
[0.452s] Level 5:colcon.colcon_core.verb:set package 'basic134' build argument 'ament_cmake_args' from command line to 'None'
[0.452s] Level 5:colcon.colcon_core.verb:set package 'basic134' build argument 'catkin_cmake_args' from command line to 'None'
[0.452s] Level 5:colcon.colcon_core.verb:set package 'basic134' build argument 'catkin_skip_building_tests' from command line to 'False'
[0.452s] DEBUG:colcon.colcon_core.verb:Building package 'basic134' with the following arguments: {'ament_cmake_args': None, 'build_base': '/home/robot134/robotws/src/build/basic134', 'catkin_cmake_args': None, 'catkin_skip_building_tests': False, 'cmake_args': None, 'cmake_clean_cache': False, 'cmake_clean_first': False, 'cmake_force_configure': False, 'cmake_target': None, 'cmake_target_skip_unavailable': False, 'install_base': '/home/robot134/robotws/src/install/basic134', 'merge_install': False, 'path': '/home/robot134/robotws/src/basic134', 'symlink_install': True, 'test_result_base': None}
[0.453s] Level 5:colcon.colcon_core.verb:set package 'detectors' build argument 'cmake_args' from command line to 'None'
[0.453s] Level 5:colcon.colcon_core.verb:set package 'detectors' build argument 'cmake_target' from command line to 'None'
[0.453s] Level 5:colcon.colcon_core.verb:set package 'detectors' build argument 'cmake_target_skip_unavailable' from command line to 'False'
[0.453s] Level 5:colcon.colcon_core.verb:set package 'detectors' build argument 'cmake_clean_cache' from command line to 'False'
[0.453s] Level 5:colcon.colcon_core.verb:set package 'detectors' build argument 'cmake_clean_first' from command line to 'False'
[0.453s] Level 5:colcon.colcon_core.verb:set package 'detectors' build argument 'cmake_force_configure' from command line to 'False'
[0.453s] Level 5:colcon.colcon_core.verb:set package 'detectors' build argument 'ament_cmake_args' from command line to 'None'
[0.454s] Level 5:colcon.colcon_core.verb:set package 'detectors' build argument 'catkin_cmake_args' from command line to 'None'
[0.454s] Level 5:colcon.colcon_core.verb:set package 'detectors' build argument 'catkin_skip_building_tests' from command line to 'False'
[0.454s] DEBUG:colcon.colcon_core.verb:Building package 'detectors' with the following arguments: {'ament_cmake_args': None, 'build_base': '/home/robot134/robotws/src/build/detectors', 'catkin_cmake_args': None, 'catkin_skip_building_tests': False, 'cmake_args': None, 'cmake_clean_cache': False, 'cmake_clean_first': False, 'cmake_force_configure': False, 'cmake_target': None, 'cmake_target_skip_unavailable': False, 'install_base': '/home/robot134/robotws/src/install/detectors', 'merge_install': False, 'path': '/home/robot134/robotws/src/detectors', 'symlink_install': True, 'test_result_base': None}
[0.455s] Level 5:colcon.colcon_core.verb:set package 'hebiros' build argument 'cmake_args' from command line to 'None'
[0.455s] Level 5:colcon.colcon_core.verb:set package 'hebiros' build argument 'cmake_target' from command line to 'None'
[0.455s] Level 5:colcon.colcon_core.verb:set package 'hebiros' build argument 'cmake_target_skip_unavailable' from command line to 'False'
[0.455s] Level 5:colcon.colcon_core.verb:set package 'hebiros' build argument 'cmake_clean_cache' from command line to 'False'
[0.455s] Level 5:colcon.colcon_core.verb:set package 'hebiros' build argument 'cmake_clean_first' from command line to 'False'
[0.455s] Level 5:colcon.colcon_core.verb:set package 'hebiros' build argument 'cmake_force_configure' from command line to 'False'
[0.455s] Level 5:colcon.colcon_core.verb:set package 'hebiros' build argument 'ament_cmake_args' from command line to 'None'
[0.455s] Level 5:colcon.colcon_core.verb:set package 'hebiros' build argument 'catkin_cmake_args' from command line to 'None'
[0.455s] Level 5:colcon.colcon_core.verb:set package 'hebiros' build argument 'catkin_skip_building_tests' from command line to 'False'
[0.455s] DEBUG:colcon.colcon_core.verb:Building package 'hebiros' with the following arguments: {'ament_cmake_args': None, 'build_base': '/home/robot134/robotws/src/build/hebiros', 'catkin_cmake_args': None, 'catkin_skip_building_tests': False, 'cmake_args': None, 'cmake_clean_cache': False, 'cmake_clean_first': False, 'cmake_force_configure': False, 'cmake_target': None, 'cmake_target_skip_unavailable': False, 'install_base': '/home/robot134/robotws/src/install/hebiros', 'merge_install': False, 'path': '/home/robot134/robotws/src/hebiros', 'symlink_install': True, 'test_result_base': None}
[0.457s] Level 5:colcon.colcon_core.verb:set package 'operation' build argument 'cmake_args' from command line to 'None'
[0.457s] Level 5:colcon.colcon_core.verb:set package 'operation' build argument 'cmake_target' from command line to 'None'
[0.457s] Level 5:colcon.colcon_core.verb:set package 'operation' build argument 'cmake_target_skip_unavailable' from command line to 'False'
[0.457s] Level 5:colcon.colcon_core.verb:set package 'operation' build argument 'cmake_clean_cache' from command line to 'False'
[0.457s] Level 5:colcon.colcon_core.verb:set package 'operation' build argument 'cmake_clean_first' from command line to 'False'
[0.457s] Level 5:colcon.colcon_core.verb:set package 'operation' build argument 'cmake_force_configure' from command line to 'False'
[0.457s] Level 5:colcon.colcon_core.verb:set package 'operation' build argument 'ament_cmake_args' from command line to 'None'
[0.457s] Level 5:colcon.colcon_core.verb:set package 'operation' build argument 'catkin_cmake_args' from command line to 'None'
[0.457s] Level 5:colcon.colcon_core.verb:set package 'operation' build argument 'catkin_skip_building_tests' from command line to 'False'
[0.457s] DEBUG:colcon.colcon_core.verb:Building package 'operation' with the following arguments: {'ament_cmake_args': None, 'build_base': '/home/robot134/robotws/src/build/operation', 'catkin_cmake_args': None, 'catkin_skip_building_tests': False, 'cmake_args': None, 'cmake_clean_cache': False, 'cmake_clean_first': False, 'cmake_force_configure': False, 'cmake_target': None, 'cmake_target_skip_unavailable': False, 'install_base': '/home/robot134/robotws/src/install/operation', 'merge_install': False, 'path': '/home/robot134/robotws/src/operation', 'symlink_install': True, 'test_result_base': None}
[0.458s] INFO:colcon.colcon_core.executor:Executing jobs using 'parallel' executor
[0.463s] DEBUG:colcon.colcon_parallel_executor.executor.parallel:run_until_complete
[0.463s] INFO:colcon.colcon_ros.task.ament_python.build:Building ROS package in '/home/robot134/robotws/src/basic134' with build type 'ament_python'
[0.463s] Level 1:colcon.colcon_core.shell:create_environment_hook('basic134', 'ament_prefix_path')
[0.468s] INFO:colcon.colcon_core.plugin_system:Skipping extension 'colcon_core.shell.bat': Not used on non-Windows systems
[0.468s] INFO:colcon.colcon_core.shell:Creating environment hook '/home/robot134/robotws/src/install/basic134/share/basic134/hook/ament_prefix_path.ps1'
[0.468s] INFO:colcon.colcon_core.shell:Creating environment descriptor '/home/robot134/robotws/src/install/basic134/share/basic134/hook/ament_prefix_path.dsv'
[0.469s] INFO:colcon.colcon_core.shell:Creating environment hook '/home/robot134/robotws/src/install/basic134/share/basic134/hook/ament_prefix_path.sh'
[0.471s] INFO:colcon.colcon_core.shell:Skip shell extension 'powershell' for command environment: Not usable outside of PowerShell
[0.471s] DEBUG:colcon.colcon_core.shell:Skip shell extension 'dsv' for command environment
[0.476s] INFO:colcon.colcon_ros.task.ament_python.build:Building ROS package in '/home/robot134/robotws/src/detectors' with build type 'ament_python'
[0.476s] Level 1:colcon.colcon_core.shell:create_environment_hook('detectors', 'ament_prefix_path')
[0.478s] INFO:colcon.colcon_core.shell:Creating environment hook '/home/robot134/robotws/src/install/detectors/share/detectors/hook/ament_prefix_path.ps1'
[0.479s] INFO:colcon.colcon_core.shell:Creating environment descriptor '/home/robot134/robotws/src/install/detectors/share/detectors/hook/ament_prefix_path.dsv'
[0.479s] INFO:colcon.colcon_core.shell:Creating environment hook '/home/robot134/robotws/src/install/detectors/share/detectors/hook/ament_prefix_path.sh'
[0.481s] INFO:colcon.colcon_core.shell:Skip shell extension 'powershell' for command environment: Not usable outside of PowerShell
[0.481s] DEBUG:colcon.colcon_core.shell:Skip shell extension 'dsv' for command environment
[0.486s] INFO:colcon.colcon_ros.task.ament_python.build:Building ROS package in '/home/robot134/robotws/src/hebiros' with build type 'ament_python'
[0.486s] Level 1:colcon.colcon_core.shell:create_environment_hook('hebiros', 'ament_prefix_path')
[0.488s] INFO:colcon.colcon_core.shell:Creating environment hook '/home/robot134/robotws/src/install/hebiros/share/hebiros/hook/ament_prefix_path.ps1'
[0.489s] INFO:colcon.colcon_core.shell:Creating environment descriptor '/home/robot134/robotws/src/install/hebiros/share/hebiros/hook/ament_prefix_path.dsv'
[0.489s] INFO:colcon.colcon_core.shell:Creating environment hook '/home/robot134/robotws/src/install/hebiros/share/hebiros/hook/ament_prefix_path.sh'
[0.492s] INFO:colcon.colcon_core.shell:Skip shell extension 'powershell' for command environment: Not usable outside of PowerShell
[0.492s] DEBUG:colcon.colcon_core.shell:Skip shell extension 'dsv' for command environment
[0.498s] INFO:colcon.colcon_ros.task.ament_python.build:Building ROS package in '/home/robot134/robotws/src/operation' with build type 'ament_python'
[0.498s] Level 1:colcon.colcon_core.shell:create_environment_hook('operation', 'ament_prefix_path')
[0.499s] INFO:colcon.colcon_core.shell:Creating environment hook '/home/robot134/robotws/src/install/operation/share/operation/hook/ament_prefix_path.ps1'
[0.500s] INFO:colcon.colcon_core.shell:Creating environment descriptor '/home/robot134/robotws/src/install/operation/share/operation/hook/ament_prefix_path.dsv'
[0.500s] INFO:colcon.colcon_core.shell:Creating environment hook '/home/robot134/robotws/src/install/operation/share/operation/hook/ament_prefix_path.sh'
[0.502s] INFO:colcon.colcon_core.shell:Skip shell extension 'powershell' for command environment: Not usable outside of PowerShell
[0.503s] DEBUG:colcon.colcon_core.shell:Skip shell extension 'dsv' for command environment
[0.757s] INFO:colcon.colcon_core.task.python.build:Building Python package in '/home/robot134/robotws/src/basic134'
[0.758s] INFO:colcon.colcon_core.shell:Skip shell extension 'powershell' for command environment: Not usable outside of PowerShell
[0.758s] DEBUG:colcon.colcon_core.shell:Skip shell extension 'dsv' for command environment
[1.010s] INFO:colcon.colcon_core.task.python.build:Building Python package in '/home/robot134/robotws/src/detectors'
[1.011s] INFO:colcon.colcon_core.shell:Skip shell extension 'powershell' for command environment: Not usable outside of PowerShell
[1.011s] DEBUG:colcon.colcon_core.shell:Skip shell extension 'dsv' for command environment
[1.262s] INFO:colcon.colcon_core.task.python.build:Building Python package in '/home/robot134/robotws/src/hebiros'
[1.263s] INFO:colcon.colcon_core.shell:Skip shell extension 'powershell' for command environment: Not usable outside of PowerShell
[1.263s] DEBUG:colcon.colcon_core.shell:Skip shell extension 'dsv' for command environment
[1.517s] INFO:colcon.colcon_core.task.python.build:Building Python package in '/home/robot134/robotws/src/operation'
[1.518s] INFO:colcon.colcon_core.shell:Skip shell extension 'powershell' for command environment: Not usable outside of PowerShell
[1.518s] DEBUG:colcon.colcon_core.shell:Skip shell extension 'dsv' for command environment
[2.087s] DEBUG:colcon.colcon_core.event_handler.log_command:Invoking command in '/home/robot134/robotws/src/build/detectors': PYTHONPATH=/home/robot134/robotws/src/build/detectors/prefix_override:/home/robot134/robotws/src/install/detectors/lib/python3.10/site-packages:${PYTHONPATH} /usr/bin/python3 setup.py develop --editable --build-directory /home/robot134/robotws/src/build/detectors/build --no-deps install_data
[2.118s] DEBUG:colcon.colcon_core.event_handler.log_command:Invoking command in '/home/robot134/robotws/src/build/basic134': PYTHONPATH=/home/robot134/robotws/src/build/basic134/prefix_override:/home/robot134/robotws/src/install/basic134/lib/python3.10/site-packages:${PYTHONPATH} /usr/bin/python3 setup.py develop --editable --build-directory /home/robot134/robotws/src/build/basic134/build --no-deps install_data
[2.124s] DEBUG:colcon.colcon_core.event_handler.log_command:Invoking command in '/home/robot134/robotws/src/build/operation': PYTHONPATH=/home/robot134/robotws/src/build/operation/prefix_override:/home/robot134/robotws/src/install/operation/lib/python3.10/site-packages:${PYTHONPATH} /usr/bin/python3 setup.py develop --editable --build-directory /home/robot134/robotws/src/build/operation/build --no-deps install_data
[2.126s] DEBUG:colcon.colcon_core.event_handler.log_command:Invoking command in '/home/robot134/robotws/src/build/hebiros': PYTHONPATH=/home/robot134/robotws/src/build/hebiros/prefix_override:/home/robot134/robotws/src/install/hebiros/lib/python3.10/site-packages:${PYTHONPATH} /usr/bin/python3 setup.py develop --editable --build-directory /home/robot134/robotws/src/build/hebiros/build --no-deps install_data
[2.877s] Level 1:colcon.colcon_core.shell:create_environment_hook('detectors', 'pythonpath_develop')
[2.879s] INFO:colcon.colcon_core.shell:Creating environment hook '/home/robot134/robotws/src/build/detectors/share/detectors/hook/pythonpath_develop.ps1'
[2.879s] INFO:colcon.colcon_core.shell:Creating environment descriptor '/home/robot134/robotws/src/build/detectors/share/detectors/hook/pythonpath_develop.dsv'
[2.880s] INFO:colcon.colcon_core.shell:Creating environment hook '/home/robot134/robotws/src/build/detectors/share/detectors/hook/pythonpath_develop.sh'
[2.885s] DEBUG:colcon.colcon_core.event_handler.log_command:Invoked command in '/home/robot134/robotws/src/build/detectors' returned '0': PYTHONPATH=/home/robot134/robotws/src/build/detectors/prefix_override:/home/robot134/robotws/src/install/detectors/lib/python3.10/site-packages:${PYTHONPATH} /usr/bin/python3 setup.py develop --editable --build-directory /home/robot134/robotws/src/build/detectors/build --no-deps install_data
[2.889s] Level 1:colcon.colcon_core.environment:checking '/home/robot134/robotws/src/install/detectors' for CMake module files
[2.889s] Level 1:colcon.colcon_core.environment:checking '/home/robot134/robotws/src/install/detectors' for CMake config files
[2.890s] Level 1:colcon.colcon_core.environment:checking '/home/robot134/robotws/src/install/detectors/lib'
[2.892s] Level 1:colcon.colcon_core.environment:checking '/home/robot134/robotws/src/install/detectors/bin'
[2.892s] Level 1:colcon.colcon_core.environment:checking '/home/robot134/robotws/src/install/detectors/lib/pkgconfig/detectors.pc'
[2.893s] Level 1:colcon.colcon_core.environment:checking '/home/robot134/robotws/src/install/detectors/lib/python3.10/site-packages'
[2.893s] Level 1:colcon.colcon_core.shell:create_environment_hook('detectors', 'pythonpath')
[2.895s] INFO:colcon.colcon_core.shell:Creating environment hook '/home/robot134/robotws/src/install/detectors/share/detectors/hook/pythonpath.ps1'
[2.896s] INFO:colcon.colcon_core.shell:Creating environment descriptor '/home/robot134/robotws/src/install/detectors/share/detectors/hook/pythonpath.dsv'
[2.896s] INFO:colcon.colcon_core.shell:Creating environment hook '/home/robot134/robotws/src/install/detectors/share/detectors/hook/pythonpath.sh'
[2.897s] Level 1:colcon.colcon_core.environment:checking '/home/robot134/robotws/src/install/detectors/bin'
[2.897s] Level 1:colcon.colcon_core.environment:create_environment_scripts_only(detectors)
[2.900s] INFO:colcon.colcon_core.shell:Creating package script '/home/robot134/robotws/src/install/detectors/share/detectors/package.ps1'
[2.902s] INFO:colcon.colcon_core.shell:Creating package descriptor '/home/robot134/robotws/src/install/detectors/share/detectors/package.dsv'
[2.903s] INFO:colcon.colcon_core.shell:Creating package script '/home/robot134/robotws/src/install/detectors/share/detectors/package.sh'
[2.905s] INFO:colcon.colcon_core.shell:Creating package script '/home/robot134/robotws/src/install/detectors/share/detectors/package.bash'
[2.906s] INFO:colcon.colcon_core.shell:Creating package script '/home/robot134/robotws/src/install/detectors/share/detectors/package.zsh'
[2.908s] Level 1:colcon.colcon_core.environment:create_file_with_runtime_dependencies(/home/robot134/robotws/src/install/detectors/share/colcon-core/packages/detectors)
[2.909s] Level 1:colcon.colcon_core.shell:create_environment_hook('basic134', 'pythonpath_develop')
[2.910s] DEBUG:colcon.colcon_core.event_handler.log_command:Invoked command in '/home/robot134/robotws/src/build/basic134' returned '0': PYTHONPATH=/home/robot134/robotws/src/build/basic134/prefix_override:/home/robot134/robotws/src/install/basic134/lib/python3.10/site-packages:${PYTHONPATH} /usr/bin/python3 setup.py develop --editable --build-directory /home/robot134/robotws/src/build/basic134/build --no-deps install_data
[2.912s] INFO:colcon.colcon_core.shell:Creating environment hook '/home/robot134/robotws/src/build/basic134/share/basic134/hook/pythonpath_develop.ps1'
[2.913s] INFO:colcon.colcon_core.shell:Creating environment descriptor '/home/robot134/robotws/src/build/basic134/share/basic134/hook/pythonpath_develop.dsv'
[2.913s] INFO:colcon.colcon_core.shell:Creating environment hook '/home/robot134/robotws/src/build/basic134/share/basic134/hook/pythonpath_develop.sh'
[2.916s] Level 1:colcon.colcon_core.environment:checking '/home/robot134/robotws/src/install/basic134' for CMake module files
[2.917s] Level 1:colcon.colcon_core.environment:checking '/home/robot134/robotws/src/install/basic134' for CMake config files
[2.917s] Level 1:colcon.colcon_core.environment:checking '/home/robot134/robotws/src/install/basic134/lib'
[2.917s] Level 1:colcon.colcon_core.environment:checking '/home/robot134/robotws/src/install/basic134/bin'
[2.917s] Level 1:colcon.colcon_core.environment:checking '/home/robot134/robotws/src/install/basic134/lib/pkgconfig/basic134.pc'
[2.918s] Level 1:colcon.colcon_core.environment:checking '/home/robot134/robotws/src/install/basic134/lib/python3.10/site-packages'
[2.918s] Level 1:colcon.colcon_core.shell:create_environment_hook('basic134', 'pythonpath')
[2.919s] INFO:colcon.colcon_core.shell:Creating environment hook '/home/robot134/robotws/src/install/basic134/share/basic134/hook/pythonpath.ps1'
[2.919s] INFO:colcon.colcon_core.shell:Creating environment descriptor '/home/robot134/robotws/src/install/basic134/share/basic134/hook/pythonpath.dsv'
[2.920s] INFO:colcon.colcon_core.shell:Creating environment hook '/home/robot134/robotws/src/install/basic134/share/basic134/hook/pythonpath.sh'
[2.920s] Level 1:colcon.colcon_core.environment:checking '/home/robot134/robotws/src/install/basic134/bin'
[2.920s] Level 1:colcon.colcon_core.environment:create_environment_scripts_only(basic134)
[2.922s] INFO:colcon.colcon_core.shell:Creating package script '/home/robot134/robotws/src/install/basic134/share/basic134/package.ps1'
[2.922s] INFO:colcon.colcon_core.shell:Creating package descriptor '/home/robot134/robotws/src/install/basic134/share/basic134/package.dsv'
[2.923s] INFO:colcon.colcon_core.shell:Creating package script '/home/robot134/robotws/src/install/basic134/share/basic134/package.sh'
[2.923s] INFO:colcon.colcon_core.shell:Creating package script '/home/robot134/robotws/src/install/basic134/share/basic134/package.bash'
[2.924s] INFO:colcon.colcon_core.shell:Creating package script '/home/robot134/robotws/src/install/basic134/share/basic134/package.zsh'
[2.924s] Level 1:colcon.colcon_core.environment:create_file_with_runtime_dependencies(/home/robot134/robotws/src/install/basic134/share/colcon-core/packages/basic134)
[2.925s] Level 1:colcon.colcon_core.shell:create_environment_hook('hebiros', 'pythonpath_develop')
[2.927s] INFO:colcon.colcon_core.shell:Creating environment hook '/home/robot134/robotws/src/build/hebiros/share/hebiros/hook/pythonpath_develop.ps1'
[2.928s] DEBUG:colcon.colcon_core.event_handler.log_command:Invoked command in '/home/robot134/robotws/src/build/hebiros' returned '0': PYTHONPATH=/home/robot134/robotws/src/build/hebiros/prefix_override:/home/robot134/robotws/src/install/hebiros/lib/python3.10/site-packages:${PYTHONPATH} /usr/bin/python3 setup.py develop --editable --build-directory /home/robot134/robotws/src/build/hebiros/build --no-deps install_data
[2.928s] INFO:colcon.colcon_core.shell:Creating environment descriptor '/home/robot134/robotws/src/build/hebiros/share/hebiros/hook/pythonpath_develop.dsv'
[2.929s] INFO:colcon.colcon_core.shell:Creating environment hook '/home/robot134/robotws/src/build/hebiros/share/hebiros/hook/pythonpath_develop.sh'
[2.932s] Level 1:colcon.colcon_core.environment:checking '/home/robot134/robotws/src/install/hebiros' for CMake module files
[2.933s] Level 1:colcon.colcon_core.environment:checking '/home/robot134/robotws/src/install/hebiros' for CMake config files
[2.933s] Level 1:colcon.colcon_core.environment:checking '/home/robot134/robotws/src/install/hebiros/lib'
[2.933s] Level 1:colcon.colcon_core.environment:checking '/home/robot134/robotws/src/install/hebiros/bin'
[2.933s] Level 1:colcon.colcon_core.environment:checking '/home/robot134/robotws/src/install/hebiros/lib/pkgconfig/hebiros.pc'
[2.933s] Level 1:colcon.colcon_core.environment:checking '/home/robot134/robotws/src/install/hebiros/lib/python3.10/site-packages'
[2.933s] Level 1:colcon.colcon_core.shell:create_environment_hook('hebiros', 'pythonpath')
[2.935s] INFO:colcon.colcon_core.shell:Creating environment hook '/home/robot134/robotws/src/install/hebiros/share/hebiros/hook/pythonpath.ps1'
[2.935s] INFO:colcon.colcon_core.shell:Creating environment descriptor '/home/robot134/robotws/src/install/hebiros/share/hebiros/hook/pythonpath.dsv'
[2.935s] INFO:colcon.colcon_core.shell:Creating environment hook '/home/robot134/robotws/src/install/hebiros/share/hebiros/hook/pythonpath.sh'
[2.936s] Level 1:colcon.colcon_core.environment:checking '/home/robot134/robotws/src/install/hebiros/bin'
[2.936s] Level 1:colcon.colcon_core.environment:create_environment_scripts_only(hebiros)
[2.939s] INFO:colcon.colcon_core.shell:Creating package script '/home/robot134/robotws/src/install/hebiros/share/hebiros/package.ps1'
[2.939s] INFO:colcon.colcon_core.shell:Creating package descriptor '/home/robot134/robotws/src/install/hebiros/share/hebiros/package.dsv'
[2.940s] INFO:colcon.colcon_core.shell:Creating package script '/home/robot134/robotws/src/install/hebiros/share/hebiros/package.sh'
[2.940s] INFO:colcon.colcon_core.shell:Creating package script '/home/robot134/robotws/src/install/hebiros/share/hebiros/package.bash'
[2.941s] INFO:colcon.colcon_core.shell:Creating package script '/home/robot134/robotws/src/install/hebiros/share/hebiros/package.zsh'
[2.941s] Level 1:colcon.colcon_core.environment:create_file_with_runtime_dependencies(/home/robot134/robotws/src/install/hebiros/share/colcon-core/packages/hebiros)
[2.942s] Level 1:colcon.colcon_core.shell:create_environment_hook('operation', 'pythonpath_develop')
[2.944s] INFO:colcon.colcon_core.shell:Creating environment hook '/home/robot134/robotws/src/build/operation/share/operation/hook/pythonpath_develop.ps1'
[2.945s] DEBUG:colcon.colcon_core.event_handler.log_command:Invoked command in '/home/robot134/robotws/src/build/operation' returned '0': PYTHONPATH=/home/robot134/robotws/src/build/operation/prefix_override:/home/robot134/robotws/src/install/operation/lib/python3.10/site-packages:${PYTHONPATH} /usr/bin/python3 setup.py develop --editable --build-directory /home/robot134/robotws/src/build/operation/build --no-deps install_data
[2.945s] INFO:colcon.colcon_core.shell:Creating environment descriptor '/home/robot134/robotws/src/build/operation/share/operation/hook/pythonpath_develop.dsv'
[2.945s] INFO:colcon.colcon_core.shell:Creating environment hook '/home/robot134/robotws/src/build/operation/share/operation/hook/pythonpath_develop.sh'
[2.947s] Level 1:colcon.colcon_core.environment:checking '/home/robot134/robotws/src/install/operation' for CMake module files
[2.947s] Level 1:colcon.colcon_core.environment:checking '/home/robot134/robotws/src/install/operation' for CMake config files
[2.948s] Level 1:colcon.colcon_core.environment:checking '/home/robot134/robotws/src/install/operation/lib'
[2.948s] Level 1:colcon.colcon_core.environment:checking '/home/robot134/robotws/src/install/operation/bin'
[2.948s] Level 1:colcon.colcon_core.environment:checking '/home/robot134/robotws/src/install/operation/lib/pkgconfig/operation.pc'
[2.948s] Level 1:colcon.colcon_core.environment:checking '/home/robot134/robotws/src/install/operation/lib/python3.10/site-packages'
[2.949s] Level 1:colcon.colcon_core.shell:create_environment_hook('operation', 'pythonpath')
[2.950s] INFO:colcon.colcon_core.shell:Creating environment hook '/home/robot134/robotws/src/install/operation/share/operation/hook/pythonpath.ps1'
[2.950s] INFO:colcon.colcon_core.shell:Creating environment descriptor '/home/robot134/robotws/src/install/operation/share/operation/hook/pythonpath.dsv'
[2.950s] INFO:colcon.colcon_core.shell:Creating environment hook '/home/robot134/robotws/src/install/operation/share/operation/hook/pythonpath.sh'
[2.951s] Level 1:colcon.colcon_core.environment:checking '/home/robot134/robotws/src/install/operation/bin'
[2.951s] Level 1:colcon.colcon_core.environment:create_environment_scripts_only(operation)
[2.952s] INFO:colcon.colcon_core.shell:Creating package script '/home/robot134/robotws/src/install/operation/share/operation/package.ps1'
[2.953s] INFO:colcon.colcon_core.shell:Creating package descriptor '/home/robot134/robotws/src/install/operation/share/operation/package.dsv'
[2.953s] INFO:colcon.colcon_core.shell:Creating package script '/home/robot134/robotws/src/install/operation/share/operation/package.sh'
[2.954s] INFO:colcon.colcon_core.shell:Creating package script '/home/robot134/robotws/src/install/operation/share/operation/package.bash'
[2.954s] INFO:colcon.colcon_core.shell:Creating package script '/home/robot134/robotws/src/install/operation/share/operation/package.zsh'
[2.954s] Level 1:colcon.colcon_core.environment:create_file_with_runtime_dependencies(/home/robot134/robotws/src/install/operation/share/colcon-core/packages/operation)
[2.955s] DEBUG:colcon.colcon_parallel_executor.executor.parallel:closing loop
[2.955s] DEBUG:colcon.colcon_parallel_executor.executor.parallel:loop closed
[2.955s] DEBUG:colcon.colcon_parallel_executor.executor.parallel:run_until_complete finished with '0'
[2.955s] DEBUG:colcon.colcon_core.event_reactor:joining thread
[2.963s] INFO:colcon.colcon_core.plugin_system:Skipping extension 'colcon_notification.desktop_notification.terminal_notifier': Not used on non-Darwin systems
[2.964s] INFO:colcon.colcon_core.plugin_system:Skipping extension 'colcon_notification.desktop_notification.win32': Not used on non-Windows systems
[2.964s] INFO:colcon.colcon_notification.desktop_notification:Sending desktop notification using 'notify2'
[2.972s] DEBUG:colcon.colcon_core.event_reactor:joined thread
[2.974s] INFO:colcon.colcon_core.shell:Creating prefix script '/home/robot134/robotws/src/install/local_setup.ps1'
[2.975s] INFO:colcon.colcon_core.shell:Creating prefix util module '/home/robot134/robotws/src/install/_local_setup_util_ps1.py'
[2.977s] INFO:colcon.colcon_core.shell:Creating prefix chain script '/home/robot134/robotws/src/install/setup.ps1'
[2.978s] INFO:colcon.colcon_core.shell:Creating prefix script '/home/robot134/robotws/src/install/local_setup.sh'
[2.979s] INFO:colcon.colcon_core.shell:Creating prefix util module '/home/robot134/robotws/src/install/_local_setup_util_sh.py'
[2.979s] INFO:colcon.colcon_core.shell:Creating prefix chain script '/home/robot134/robotws/src/install/setup.sh'
[2.981s] INFO:colcon.colcon_core.shell:Creating prefix script '/home/robot134/robotws/src/install/local_setup.bash'
[2.982s] INFO:colcon.colcon_core.shell:Creating prefix chain script '/home/robot134/robotws/src/install/setup.bash'
[2.983s] INFO:colcon.colcon_core.shell:Creating prefix script '/home/robot134/robotws/src/install/local_setup.zsh'
[2.983s] INFO:colcon.colcon_core.shell:Creating prefix chain script '/home/robot134/robotws/src/install/setup.zsh'
