[1.239s] Invoking command in '/home/robot134/robotws/src/build/hebiros': PYTHONPATH=/home/robot134/robotws/src/build/hebiros/prefix_override:/home/robot134/robotws/src/install/hebiros/lib/python3.10/site-packages:${PYTHONPATH} /usr/bin/python3 setup.py develop --editable --build-directory /home/robot134/robotws/src/build/hebiros/build --no-deps install_data
[1.659s] running develop
[1.659s] /usr/lib/python3/dist-packages/setuptools/command/easy_install.py:158: EasyInstallDeprecationWarning: easy_install command is deprecated. Use build and pip and other standards-based tools.
[1.659s]   warnings.warn(
[1.661s] /usr/lib/python3/dist-packages/setuptools/command/install.py:34: SetuptoolsDeprecationWarning: setup.py install is deprecated. Use build and pip and other standards-based tools.
[1.661s]   warnings.warn(
[1.764s] /usr/lib/python3/dist-packages/pkg_resources/__init__.py:116: PkgResourcesDeprecationWarning: 1.16.0-unknown is an invalid version and will not be supported in a future release
[1.765s]   warnings.warn(
[1.765s] /usr/lib/python3/dist-packages/pkg_resources/__init__.py:116: PkgResourcesDeprecationWarning: 1.1build1 is an invalid version and will not be supported in a future release
[1.765s]   warnings.warn(
[1.765s] /usr/lib/python3/dist-packages/pkg_resources/__init__.py:116: PkgResourcesDeprecationWarning: 0.1.43ubuntu1 is an invalid version and will not be supported in a future release
[1.766s]   warnings.warn(
[1.922s] running egg_info
[1.923s] writing hebiros.egg-info/PKG-INFO
[1.923s] writing dependency_links to hebiros.egg-info/dependency_links.txt
[1.924s] writing entry points to hebiros.egg-info/entry_points.txt
[1.924s] writing requirements to hebiros.egg-info/requires.txt
[1.924s] writing top-level names to hebiros.egg-info/top_level.txt
[1.926s] reading manifest file 'hebiros.egg-info/SOURCES.txt'
[1.926s] writing manifest file 'hebiros.egg-info/SOURCES.txt'
[1.928s] running build_ext
[1.928s] Creating /home/robot134/robotws/src/install/hebiros/lib/python3.10/site-packages/hebiros.egg-link (link to .)
[1.929s] Installing hebinode script to /home/robot134/robotws/src/install/hebiros/lib/hebiros
[1.929s] Installing hebiscan script to /home/robot134/robotws/src/install/hebiros/lib/hebiros
[1.929s] Installing testsend script to /home/robot134/robotws/src/install/hebiros/lib/hebiros
[1.930s] 
[1.930s] Installed /home/robot134/robotws/src/build/hebiros
[1.930s] running install_data
[1.959s] Invoked command in '/home/robot134/robotws/src/build/hebiros' returned '0': PYTHONPATH=/home/robot134/robotws/src/build/hebiros/prefix_override:/home/robot134/robotws/src/install/hebiros/lib/python3.10/site-packages:${PYTHONPATH} /usr/bin/python3 setup.py develop --editable --build-directory /home/robot134/robotws/src/build/hebiros/build --no-deps install_data
