[1.316s] Invoking command in '/home/robot134/robotws/src/build/basic134': PYTHONPATH=/home/robot134/robotws/src/build/basic134/prefix_override:/home/robot134/robotws/src/install/basic134/lib/python3.10/site-packages:${PYTHONPATH} /usr/bin/python3 setup.py develop --editable --build-directory /home/robot134/robotws/src/build/basic134/build --no-deps install_data
[1.697s] running develop
[1.698s] /usr/lib/python3/dist-packages/setuptools/command/easy_install.py:158: EasyInstallDeprecationWarning: easy_install command is deprecated. Use build and pip and other standards-based tools.
[1.699s]   warnings.warn(
[1.699s] /usr/lib/python3/dist-packages/setuptools/command/install.py:34: SetuptoolsDeprecationWarning: setup.py install is deprecated. Use build and pip and other standards-based tools.
[1.700s]   warnings.warn(
[1.800s] /usr/lib/python3/dist-packages/pkg_resources/__init__.py:116: PkgResourcesDeprecationWarning: 1.16.0-unknown is an invalid version and will not be supported in a future release
[1.800s]   warnings.warn(
[1.801s] /usr/lib/python3/dist-packages/pkg_resources/__init__.py:116: PkgResourcesDeprecationWarning: 1.1build1 is an invalid version and will not be supported in a future release
[1.801s]   warnings.warn(
[1.801s] /usr/lib/python3/dist-packages/pkg_resources/__init__.py:116: PkgResourcesDeprecationWarning: 0.1.43ubuntu1 is an invalid version and will not be supported in a future release
[1.801s]   warnings.warn(
[1.986s] running egg_info
[1.986s] writing basic134.egg-info/PKG-INFO
[1.986s] writing dependency_links to basic134.egg-info/dependency_links.txt
[1.986s] writing entry points to basic134.egg-info/entry_points.txt
[1.986s] writing requirements to basic134.egg-info/requires.txt
[1.987s] writing top-level names to basic134.egg-info/top_level.txt
[1.989s] reading manifest file 'basic134.egg-info/SOURCES.txt'
[1.991s] writing manifest file 'basic134.egg-info/SOURCES.txt'
[1.993s] running build_ext
[1.993s] Creating /home/robot134/robotws/src/install/basic134/lib/python3.10/site-packages/basic134.egg-link (link to .)
[1.994s] Installing demo134 script to /home/robot134/robotws/src/install/basic134/lib/basic134
[1.995s] 
[1.995s] Installed /home/robot134/robotws/src/build/basic134
[1.995s] running install_data
[2.032s] Invoked command in '/home/robot134/robotws/src/build/basic134' returned '0': PYTHONPATH=/home/robot134/robotws/src/build/basic134/prefix_override:/home/robot134/robotws/src/install/basic134/lib/python3.10/site-packages:${PYTHONPATH} /usr/bin/python3 setup.py develop --editable --build-directory /home/robot134/robotws/src/build/basic134/build --no-deps install_data
