[1.322s] Invoking command in '/home/robot134/robotws/src/build/operation': PYTHONPATH=/home/robot134/robotws/src/build/operation/prefix_override:/home/robot134/robotws/src/install/operation/lib/python3.10/site-packages:${PYTHONPATH} /usr/bin/python3 setup.py develop --editable --build-directory /home/robot134/robotws/src/build/operation/build --no-deps install_data
[1.744s] running develop
[1.744s] /usr/lib/python3/dist-packages/setuptools/command/easy_install.py:158: EasyInstallDeprecationWarning: easy_install command is deprecated. Use build and pip and other standards-based tools.
[1.744s]   warnings.warn(
[1.746s] /usr/lib/python3/dist-packages/setuptools/command/install.py:34: SetuptoolsDeprecationWarning: setup.py install is deprecated. Use build and pip and other standards-based tools.
[1.746s]   warnings.warn(
[1.853s] /usr/lib/python3/dist-packages/pkg_resources/__init__.py:116: PkgResourcesDeprecationWarning: 1.16.0-unknown is an invalid version and will not be supported in a future release
[1.853s]   warnings.warn(
[1.854s] /usr/lib/python3/dist-packages/pkg_resources/__init__.py:116: PkgResourcesDeprecationWarning: 1.1build1 is an invalid version and will not be supported in a future release
[1.854s]   warnings.warn(
[1.856s] /usr/lib/python3/dist-packages/pkg_resources/__init__.py:116: PkgResourcesDeprecationWarning: 0.1.43ubuntu1 is an invalid version and will not be supported in a future release
[1.856s]   warnings.warn(
[2.045s] running egg_info
[2.045s] writing operation.egg-info/PKG-INFO
[2.045s] writing dependency_links to operation.egg-info/dependency_links.txt
[2.046s] writing entry points to operation.egg-info/entry_points.txt
[2.046s] writing requirements to operation.egg-info/requires.txt
[2.046s] writing top-level names to operation.egg-info/top_level.txt
[2.048s] reading manifest file 'operation.egg-info/SOURCES.txt'
[2.049s] writing manifest file 'operation.egg-info/SOURCES.txt'
[2.050s] running build_ext
[2.050s] Creating /home/robot134/robotws/src/install/operation/lib/python3.10/site-packages/operation.egg-link (link to .)
[2.051s] Installing demo134 script to /home/robot134/robotws/src/install/operation/lib/operation
[2.051s] 
[2.051s] Installed /home/robot134/robotws/src/build/operation
[2.052s] running install_data
[2.052s] copying urdf/example.urdf -> /home/robot134/robotws/src/install/operation/share/operation/urdf
[2.083s] Invoked command in '/home/robot134/robotws/src/build/operation' returned '0': PYTHONPATH=/home/robot134/robotws/src/build/operation/prefix_override:/home/robot134/robotws/src/install/operation/lib/python3.10/site-packages:${PYTHONPATH} /usr/bin/python3 setup.py develop --editable --build-directory /home/robot134/robotws/src/build/operation/build --no-deps install_data
